#
# There is insufficient memory for the Java Runtime Environment to continue.
# Native memory allocation (malloc) failed to allocate 1804496 bytes for Chunk::new
# Possible reasons:
#   The system is out of physical RAM or swap space
#   The process is running with CompressedOops enabled, and the Java Heap may be blocking the growth of the native heap
# Possible solutions:
#   Reduce memory load on the system
#   Increase physical memory or swap space
#   Check if swap backing store is full
#   Decrease Java heap size (-Xmx/-Xms)
#   Decrease number of Java threads
#   Decrease Java thread stack sizes (-Xss)
#   Set larger code cache with -XX:ReservedCodeCacheSize=
#   JVM is running with Unscaled Compressed Oops mode in which the Java heap is
#     placed in the first 4GB address space. The Java Heap base address is the
#     maximum limit for the native heap growth. Please use -XX:HeapBaseMinAddress
#     to set the Java Heap base and to place the Java Heap above 4GB virtual address.
# This output file may be truncated or incomplete.
#
#  Out of Memory Error (./src/hotspot/share/memory/arena.cpp:197), pid=15036, tid=4376
#
# JRE version: OpenJDK Runtime Environment (11.0.11+9) (build 11.0.11+9-b60-7590822)
# Java VM: OpenJDK 64-Bit Server VM (11.0.11+9-b60-7590822, mixed mode, tiered, compressed oops, g1 gc, windows-amd64)
# No core dump will be written. Minidumps are not enabled by default on client versions of Windows
#

---------------  S U M M A R Y ------------

Command Line: --add-opens=java.base/java.util=ALL-UNNAMED --add-opens=java.base/java.lang=ALL-UNNAMED --add-opens=java.base/java.lang.invoke=ALL-UNNAMED --add-opens=java.base/java.util=ALL-UNNAMED --add-opens=java.prefs/java.util.prefs=ALL-UNNAMED --add-opens=java.prefs/java.util.prefs=ALL-UNNAMED --add-opens=java.base/java.nio.charset=ALL-UNNAMED --add-opens=java.base/java.net=ALL-UNNAMED --add-opens=java.base/java.util.concurrent.atomic=ALL-UNNAMED -Xmx2048m -Dfile.encoding=UTF-8 -Duser.country=BR -Duser.language=pt -Duser.variant org.gradle.launcher.daemon.bootstrap.GradleDaemon 7.2

Host: Intel(R) Core(TM) i5-3320M CPU @ 2.60GHz, 4 cores, 11G,  Windows 10 , 64 bit Build 19041 (10.0.19041.1503)
Time: Fri Mar 11 09:01:47 2022 Hora oficial do Brasil elapsed time: 10.002601 seconds (0d 0h 0m 10s)

---------------  T H R E A D  ---------------

Current thread (0x0000020c69d77000):  JavaThread "C2 CompilerThread1" daemon [_thread_in_native, id=4376, stack(0x000000ecf8e00000,0x000000ecf8f00000)]


Current CompileTask:
C2:  10002 2300   !   4       java.net.URLClassLoader$1::run (63 bytes)

Stack: [0x000000ecf8e00000,0x000000ecf8f00000]
Native frames: (J=compiled Java code, j=interpreted, Vv=VM code, C=native code)
V  [jvm.dll+0x5f214a]
V  [jvm.dll+0x726fb5]
V  [jvm.dll+0x7285cd]
V  [jvm.dll+0x728c83]
V  [jvm.dll+0x243278]
V  [jvm.dll+0xbc53c]
V  [jvm.dll+0xbca3c]
V  [jvm.dll+0x353e7d]
V  [jvm.dll+0x321893]
V  [jvm.dll+0x320d8a]
V  [jvm.dll+0x1fc1e2]
V  [jvm.dll+0x1fb3d4]
V  [jvm.dll+0x183d6c]
V  [jvm.dll+0x209a57]
V  [jvm.dll+0x2082a1]
V  [jvm.dll+0x6ef58f]
V  [jvm.dll+0x6e80b5]
V  [jvm.dll+0x5f1036]
C  [ucrtbase.dll+0x21bb2]
C  [KERNEL32.DLL+0x17034]
C  [ntdll.dll+0x52651]


---------------  P R O C E S S  ---------------

Threads class SMR info:
_java_thread_list=0x0000020c6d0b98a0, length=30, elements={
0x0000020c4e8bb800, 0x0000020c69421800, 0x0000020c6942f800, 0x0000020c69473800,
0x0000020c69475000, 0x0000020c69477000, 0x0000020c6947e000, 0x0000020c69481000,
0x0000020c6948a000, 0x0000020c69608000, 0x0000020c6b6dc000, 0x0000020c69482000,
0x0000020c69483800, 0x0000020c69482800, 0x0000020c69486000, 0x0000020c69487800,
0x0000020c69487000, 0x0000020c69484800, 0x0000020c69d71800, 0x0000020c69d74000,
0x0000020c69d72000, 0x0000020c69d70000, 0x0000020c69d70800, 0x0000020c69d74800,
0x0000020c69d6f000, 0x0000020c69d78000, 0x0000020c69d75800, 0x0000020c69d76800,
0x0000020c69d77000, 0x0000020c69d78800
}

Java Threads: ( => current thread )
  0x0000020c4e8bb800 JavaThread "main" [_thread_blocked, id=13896, stack(0x000000ecf6800000,0x000000ecf6900000)]
  0x0000020c69421800 JavaThread "Reference Handler" daemon [_thread_blocked, id=12836, stack(0x000000ecf6f00000,0x000000ecf7000000)]
  0x0000020c6942f800 JavaThread "Finalizer" daemon [_thread_blocked, id=7712, stack(0x000000ecf7000000,0x000000ecf7100000)]
  0x0000020c69473800 JavaThread "Signal Dispatcher" daemon [_thread_blocked, id=13296, stack(0x000000ecf7100000,0x000000ecf7200000)]
  0x0000020c69475000 JavaThread "Attach Listener" daemon [_thread_blocked, id=7556, stack(0x000000ecf7200000,0x000000ecf7300000)]
  0x0000020c69477000 JavaThread "Service Thread" daemon [_thread_blocked, id=2916, stack(0x000000ecf7300000,0x000000ecf7400000)]
  0x0000020c6947e000 JavaThread "C2 CompilerThread0" daemon [_thread_in_native, id=9036, stack(0x000000ecf7400000,0x000000ecf7500000)]
  0x0000020c69481000 JavaThread "C1 CompilerThread0" daemon [_thread_blocked, id=14476, stack(0x000000ecf7500000,0x000000ecf7600000)]
  0x0000020c6948a000 JavaThread "Sweeper thread" daemon [_thread_blocked, id=9260, stack(0x000000ecf7600000,0x000000ecf7700000)]
  0x0000020c69608000 JavaThread "Common-Cleaner" daemon [_thread_blocked, id=14532, stack(0x000000ecf7700000,0x000000ecf7800000)]
  0x0000020c6b6dc000 JavaThread "Daemon health stats" [_thread_blocked, id=6928, stack(0x000000ecf7d00000,0x000000ecf7e00000)]
  0x0000020c69482000 JavaThread "Incoming local TCP Connector on port 59664" [_thread_in_native, id=6836, stack(0x000000ecf7900000,0x000000ecf7a00000)]
  0x0000020c69483800 JavaThread "Daemon periodic checks" [_thread_blocked, id=13364, stack(0x000000ecf7e00000,0x000000ecf7f00000)]
  0x0000020c69482800 JavaThread "Daemon" [_thread_blocked, id=9144, stack(0x000000ecf7f00000,0x000000ecf8000000)]
  0x0000020c69486000 JavaThread "Handler for socket connection from /127.0.0.1:59664 to /127.0.0.1:59665" [_thread_in_native, id=13384, stack(0x000000ecf8000000,0x000000ecf8100000)]
  0x0000020c69487800 JavaThread "Cancel handler" [_thread_blocked, id=12784, stack(0x000000ecf8100000,0x000000ecf8200000)]
  0x0000020c69487000 JavaThread "Daemon worker" [_thread_in_vm, id=3408, stack(0x000000ecf8200000,0x000000ecf8300000)]
  0x0000020c69484800 JavaThread "Asynchronous log dispatcher for DefaultDaemonConnection: socket connection from /127.0.0.1:59664 to /127.0.0.1:59665" [_thread_blocked, id=13424, stack(0x000000ecf8300000,0x000000ecf8400000)]
  0x0000020c69d71800 JavaThread "Stdin handler" [_thread_blocked, id=12908, stack(0x000000ecf8400000,0x000000ecf8500000)]
  0x0000020c69d74000 JavaThread "Daemon client event forwarder" [_thread_blocked, id=6408, stack(0x000000ecf8500000,0x000000ecf8600000)]
  0x0000020c69d72000 JavaThread "Cache worker for journal cache (C:\Users\jhonl\.gradle\caches\journal-1)" [_thread_blocked, id=6248, stack(0x000000ecf8600000,0x000000ecf8700000)]
  0x0000020c69d70000 JavaThread "File lock request listener" [_thread_in_native, id=3344, stack(0x000000ecf8700000,0x000000ecf8800000)]
  0x0000020c69d70800 JavaThread "Cache worker for file hash cache (C:\Users\jhonl\.gradle\caches\7.2\fileHashes)" [_thread_blocked, id=11644, stack(0x000000ecf8800000,0x000000ecf8900000)]
  0x0000020c69d74800 JavaThread "Cache worker for file hash cache (C:\Users\jhonl\AndroidStudioProjects\Contador\.gradle\7.2\fileHashes)" [_thread_blocked, id=13284, stack(0x000000ecf8a00000,0x000000ecf8b00000)]
  0x0000020c69d6f000 JavaThread "File watcher server" daemon [_thread_in_native, id=1596, stack(0x000000ecf8b00000,0x000000ecf8c00000)]
  0x0000020c69d78000 JavaThread "File watcher consumer" daemon [_thread_blocked, id=2872, stack(0x000000ecf8c00000,0x000000ecf8d00000)]
  0x0000020c69d75800 JavaThread "Cache worker for checksums cache (C:\Users\jhonl\AndroidStudioProjects\Contador\.gradle\checksums)" [_thread_blocked, id=7420, stack(0x000000ecf8900000,0x000000ecf8a00000)]
  0x0000020c69d76800 JavaThread "Cache worker for cache directory md-supplier (C:\Users\jhonl\.gradle\caches\7.2\md-supplier)" [_thread_blocked, id=10924, stack(0x000000ecf8d00000,0x000000ecf8e00000)]
=>0x0000020c69d77000 JavaThread "C2 CompilerThread1" daemon [_thread_in_native, id=4376, stack(0x000000ecf8e00000,0x000000ecf8f00000)]
  0x0000020c69d78800 JavaThread "Cache worker for cache directory md-rule (C:\Users\jhonl\.gradle\caches\7.2\md-rule)" [_thread_blocked, id=14724, stack(0x000000ecf8f00000,0x000000ecf9000000)]

Other Threads:
  0x0000020c68bff800 VMThread "VM Thread" [stack: 0x000000ecf6e00000,0x000000ecf6f00000] [id=11900]
  0x0000020c6962b800 WatcherThread [stack: 0x000000ecf7800000,0x000000ecf7900000] [id=7584]
  0x0000020c4e8d5000 GCTaskThread "GC Thread#0" [stack: 0x000000ecf6900000,0x000000ecf6a00000] [id=14696]
  0x0000020c6a2e7000 GCTaskThread "GC Thread#1" [stack: 0x000000ecf7a00000,0x000000ecf7b00000] [id=14484]
  0x0000020c69723000 GCTaskThread "GC Thread#2" [stack: 0x000000ecf7b00000,0x000000ecf7c00000] [id=2516]
  0x0000020c6a2de800 GCTaskThread "GC Thread#3" [stack: 0x000000ecf7c00000,0x000000ecf7d00000] [id=9096]
  0x0000020c4e905800 ConcurrentGCThread "G1 Main Marker" [stack: 0x000000ecf6a00000,0x000000ecf6b00000] [id=15048]
  0x0000020c4e907000 ConcurrentGCThread "G1 Conc#0" [stack: 0x000000ecf6b00000,0x000000ecf6c00000] [id=14960]
  0x0000020c68a50800 ConcurrentGCThread "G1 Refine#0" [stack: 0x000000ecf6c00000,0x000000ecf6d00000] [id=14756]
  0x0000020c68a51800 ConcurrentGCThread "G1 Young RemSet Sampling" [stack: 0x000000ecf6d00000,0x000000ecf6e00000] [id=11108]

Threads with active compile tasks:
C2 CompilerThread0  10057 2299       4       java.net.URLClassLoader$1::run (5 bytes)
C2 CompilerThread1  10058 2300   !   4       java.net.URLClassLoader$1::run (63 bytes)

VM state:not at safepoint (normal execution)

VM Mutex/Monitor currently owned by a thread: None

Heap address: 0x0000000080000000, size: 2048 MB, Compressed Oops mode: 32-bit
Narrow klass base: 0x0000000000000000, Narrow klass shift: 3
Compressed class space size: 1073741824 Address: 0x0000000100000000

Heap:
 garbage-first heap   total 196608K, used 50474K [0x0000000080000000, 0x0000000100000000)
  region size 1024K, 35 young (35840K), 4 survivors (4096K)
 Metaspace       used 28895K, capacity 29526K, committed 29696K, reserved 1075200K
  class space    used 3851K, capacity 4094K, committed 4096K, reserved 1048576K
Heap Regions: E=young(eden), S=young(survivor), O=old, HS=humongous(starts), HC=humongous(continues), CS=collection set, F=free, A=archive, TAMS=top-at-mark-start (previous, next)
|   0|0x0000000080000000, 0x0000000080100000, 0x0000000080100000|100%| O|  |TAMS 0x0000000080100000, 0x0000000080000000| Untracked 
|   1|0x0000000080100000, 0x0000000080200000, 0x0000000080200000|100%| O|  |TAMS 0x0000000080200000, 0x0000000080100000| Untracked 
|   2|0x0000000080200000, 0x0000000080300000, 0x0000000080300000|100%| O|  |TAMS 0x0000000080300000, 0x0000000080200000| Untracked 
|   3|0x0000000080300000, 0x0000000080400000, 0x0000000080400000|100%|HS|  |TAMS 0x0000000080400000, 0x0000000080300000| Complete 
|   4|0x0000000080400000, 0x0000000080500000, 0x0000000080500000|100%|HC|  |TAMS 0x0000000080500000, 0x0000000080400000| Complete 
|   5|0x0000000080500000, 0x0000000080600000, 0x0000000080600000|100%|HC|  |TAMS 0x0000000080600000, 0x0000000080500000| Complete 
|   6|0x0000000080600000, 0x0000000080700000, 0x0000000080700000|100%| O|  |TAMS 0x0000000080700000, 0x0000000080600000| Untracked 
|   7|0x0000000080700000, 0x0000000080800000, 0x0000000080800000|100%| O|  |TAMS 0x0000000080800000, 0x0000000080700000| Untracked 
|   8|0x0000000080800000, 0x0000000080900000, 0x0000000080900000|100%| O|  |TAMS 0x0000000080900000, 0x0000000080800000| Untracked 
|   9|0x0000000080900000, 0x0000000080a00000, 0x0000000080a00000|100%| O|  |TAMS 0x0000000080a00000, 0x0000000080900000| Untracked 
|  10|0x0000000080a00000, 0x0000000080b00000, 0x0000000080b00000|100%| O|  |TAMS 0x0000000080b00000, 0x0000000080a00000| Untracked 
|  11|0x0000000080b00000, 0x0000000080c00000, 0x0000000080c00000|100%| O|  |TAMS 0x0000000080c00000, 0x0000000080b00000| Untracked 
|  12|0x0000000080c00000, 0x0000000080d00000, 0x0000000080d00000|100%| O|  |TAMS 0x0000000080d00000, 0x0000000080c00000| Untracked 
|  13|0x0000000080d00000, 0x0000000080e00000, 0x0000000080e00000|100%| O|  |TAMS 0x0000000080e00000, 0x0000000080d00000| Untracked 
|  14|0x0000000080e00000, 0x0000000080f00000, 0x0000000080f00000|100%| O|  |TAMS 0x0000000080f00000, 0x0000000080e00000| Untracked 
|  15|0x0000000080f00000, 0x0000000081000000, 0x0000000081000000|100%| O|  |TAMS 0x0000000081000000, 0x0000000080f00000| Untracked 
|  16|0x0000000081000000, 0x0000000081022000, 0x0000000081100000| 13%| O|  |TAMS 0x0000000081022000, 0x0000000081000000| Untracked 
|  17|0x0000000081100000, 0x0000000081100000, 0x0000000081200000|  0%| F|  |TAMS 0x0000000081100000, 0x0000000081100000| Untracked 
|  18|0x0000000081200000, 0x0000000081200000, 0x0000000081300000|  0%| F|  |TAMS 0x0000000081200000, 0x0000000081200000| Untracked 
|  19|0x0000000081300000, 0x0000000081300000, 0x0000000081400000|  0%| F|  |TAMS 0x0000000081300000, 0x0000000081300000| Untracked 
|  20|0x0000000081400000, 0x0000000081400000, 0x0000000081500000|  0%| F|  |TAMS 0x0000000081400000, 0x0000000081400000| Untracked 
|  21|0x0000000081500000, 0x0000000081500000, 0x0000000081600000|  0%| F|  |TAMS 0x0000000081500000, 0x0000000081500000| Untracked 
|  22|0x0000000081600000, 0x0000000081600000, 0x0000000081700000|  0%| F|  |TAMS 0x0000000081600000, 0x0000000081600000| Untracked 
|  23|0x0000000081700000, 0x0000000081700000, 0x0000000081800000|  0%| F|  |TAMS 0x0000000081700000, 0x0000000081700000| Untracked 
|  24|0x0000000081800000, 0x0000000081800000, 0x0000000081900000|  0%| F|  |TAMS 0x0000000081800000, 0x0000000081800000| Untracked 
|  25|0x0000000081900000, 0x0000000081900000, 0x0000000081a00000|  0%| F|  |TAMS 0x0000000081900000, 0x0000000081900000| Untracked 
|  26|0x0000000081a00000, 0x0000000081a00000, 0x0000000081b00000|  0%| F|  |TAMS 0x0000000081a00000, 0x0000000081a00000| Untracked 
|  27|0x0000000081b00000, 0x0000000081b00000, 0x0000000081c00000|  0%| F|  |TAMS 0x0000000081b00000, 0x0000000081b00000| Untracked 
|  28|0x0000000081c00000, 0x0000000081c00000, 0x0000000081d00000|  0%| F|  |TAMS 0x0000000081c00000, 0x0000000081c00000| Untracked 
|  29|0x0000000081d00000, 0x0000000081d00000, 0x0000000081e00000|  0%| F|  |TAMS 0x0000000081d00000, 0x0000000081d00000| Untracked 
|  30|0x0000000081e00000, 0x0000000081e00000, 0x0000000081f00000|  0%| F|  |TAMS 0x0000000081e00000, 0x0000000081e00000| Untracked 
|  31|0x0000000081f00000, 0x0000000081f00000, 0x0000000082000000|  0%| F|  |TAMS 0x0000000081f00000, 0x0000000081f00000| Untracked 
|  32|0x0000000082000000, 0x0000000082000000, 0x0000000082100000|  0%| F|  |TAMS 0x0000000082000000, 0x0000000082000000| Untracked 
|  33|0x0000000082100000, 0x0000000082100000, 0x0000000082200000|  0%| F|  |TAMS 0x0000000082100000, 0x0000000082100000| Untracked 
|  34|0x0000000082200000, 0x0000000082200000, 0x0000000082300000|  0%| F|  |TAMS 0x0000000082200000, 0x0000000082200000| Untracked 
|  35|0x0000000082300000, 0x0000000082300000, 0x0000000082400000|  0%| F|  |TAMS 0x0000000082300000, 0x0000000082300000| Untracked 
|  36|0x0000000082400000, 0x0000000082400000, 0x0000000082500000|  0%| F|  |TAMS 0x0000000082400000, 0x0000000082400000| Untracked 
|  37|0x0000000082500000, 0x0000000082500000, 0x0000000082600000|  0%| F|  |TAMS 0x0000000082500000, 0x0000000082500000| Untracked 
|  38|0x0000000082600000, 0x0000000082600000, 0x0000000082700000|  0%| F|  |TAMS 0x0000000082600000, 0x0000000082600000| Untracked 
|  39|0x0000000082700000, 0x0000000082700000, 0x0000000082800000|  0%| F|  |TAMS 0x0000000082700000, 0x0000000082700000| Untracked 
|  40|0x0000000082800000, 0x0000000082800000, 0x0000000082900000|  0%| F|  |TAMS 0x0000000082800000, 0x0000000082800000| Untracked 
|  41|0x0000000082900000, 0x0000000082900000, 0x0000000082a00000|  0%| F|  |TAMS 0x0000000082900000, 0x0000000082900000| Untracked 
|  42|0x0000000082a00000, 0x0000000082a00000, 0x0000000082b00000|  0%| F|  |TAMS 0x0000000082a00000, 0x0000000082a00000| Untracked 
|  43|0x0000000082b00000, 0x0000000082b00000, 0x0000000082c00000|  0%| F|  |TAMS 0x0000000082b00000, 0x0000000082b00000| Untracked 
|  44|0x0000000082c00000, 0x0000000082c00000, 0x0000000082d00000|  0%| F|  |TAMS 0x0000000082c00000, 0x0000000082c00000| Untracked 
|  45|0x0000000082d00000, 0x0000000082d00000, 0x0000000082e00000|  0%| F|  |TAMS 0x0000000082d00000, 0x0000000082d00000| Untracked 
|  46|0x0000000082e00000, 0x0000000082e00000, 0x0000000082f00000|  0%| F|  |TAMS 0x0000000082e00000, 0x0000000082e00000| Untracked 
|  47|0x0000000082f00000, 0x0000000082f00000, 0x0000000083000000|  0%| F|  |TAMS 0x0000000082f00000, 0x0000000082f00000| Untracked 
|  48|0x0000000083000000, 0x0000000083000000, 0x0000000083100000|  0%| F|  |TAMS 0x0000000083000000, 0x0000000083000000| Untracked 
|  49|0x0000000083100000, 0x0000000083100000, 0x0000000083200000|  0%| F|  |TAMS 0x0000000083100000, 0x0000000083100000| Untracked 
|  50|0x0000000083200000, 0x0000000083200000, 0x0000000083300000|  0%| F|  |TAMS 0x0000000083200000, 0x0000000083200000| Untracked 
|  51|0x0000000083300000, 0x0000000083300000, 0x0000000083400000|  0%| F|  |TAMS 0x0000000083300000, 0x0000000083300000| Untracked 
|  52|0x0000000083400000, 0x0000000083400000, 0x0000000083500000|  0%| F|  |TAMS 0x0000000083400000, 0x0000000083400000| Untracked 
|  53|0x0000000083500000, 0x0000000083500000, 0x0000000083600000|  0%| F|  |TAMS 0x0000000083500000, 0x0000000083500000| Untracked 
|  54|0x0000000083600000, 0x0000000083600000, 0x0000000083700000|  0%| F|  |TAMS 0x0000000083600000, 0x0000000083600000| Untracked 
|  55|0x0000000083700000, 0x0000000083700000, 0x0000000083800000|  0%| F|  |TAMS 0x0000000083700000, 0x0000000083700000| Untracked 
|  56|0x0000000083800000, 0x0000000083800000, 0x0000000083900000|  0%| F|  |TAMS 0x0000000083800000, 0x0000000083800000| Untracked 
|  57|0x0000000083900000, 0x0000000083900000, 0x0000000083a00000|  0%| F|  |TAMS 0x0000000083900000, 0x0000000083900000| Untracked 
|  58|0x0000000083a00000, 0x0000000083a00000, 0x0000000083b00000|  0%| F|  |TAMS 0x0000000083a00000, 0x0000000083a00000| Untracked 
|  59|0x0000000083b00000, 0x0000000083b00000, 0x0000000083c00000|  0%| F|  |TAMS 0x0000000083b00000, 0x0000000083b00000| Untracked 
|  60|0x0000000083c00000, 0x0000000083c00000, 0x0000000083d00000|  0%| F|  |TAMS 0x0000000083c00000, 0x0000000083c00000| Untracked 
|  61|0x0000000083d00000, 0x0000000083d00000, 0x0000000083e00000|  0%| F|  |TAMS 0x0000000083d00000, 0x0000000083d00000| Untracked 
|  62|0x0000000083e00000, 0x0000000083e00000, 0x0000000083f00000|  0%| F|  |TAMS 0x0000000083e00000, 0x0000000083e00000| Untracked 
|  63|0x0000000083f00000, 0x0000000083f00000, 0x0000000084000000|  0%| F|  |TAMS 0x0000000083f00000, 0x0000000083f00000| Untracked 
|  64|0x0000000084000000, 0x0000000084000000, 0x0000000084100000|  0%| F|  |TAMS 0x0000000084000000, 0x0000000084000000| Untracked 
|  65|0x0000000084100000, 0x0000000084100000, 0x0000000084200000|  0%| F|  |TAMS 0x0000000084100000, 0x0000000084100000| Untracked 
|  66|0x0000000084200000, 0x0000000084200000, 0x0000000084300000|  0%| F|  |TAMS 0x0000000084200000, 0x0000000084200000| Untracked 
|  67|0x0000000084300000, 0x0000000084300000, 0x0000000084400000|  0%| F|  |TAMS 0x0000000084300000, 0x0000000084300000| Untracked 
|  68|0x0000000084400000, 0x0000000084400000, 0x0000000084500000|  0%| F|  |TAMS 0x0000000084400000, 0x0000000084400000| Untracked 
|  69|0x0000000084500000, 0x0000000084500000, 0x0000000084600000|  0%| F|  |TAMS 0x0000000084500000, 0x0000000084500000| Untracked 
|  70|0x0000000084600000, 0x0000000084600000, 0x0000000084700000|  0%| F|  |TAMS 0x0000000084600000, 0x0000000084600000| Untracked 
|  71|0x0000000084700000, 0x0000000084700000, 0x0000000084800000|  0%| F|  |TAMS 0x0000000084700000, 0x0000000084700000| Untracked 
|  72|0x0000000084800000, 0x0000000084800000, 0x0000000084900000|  0%| F|  |TAMS 0x0000000084800000, 0x0000000084800000| Untracked 
|  73|0x0000000084900000, 0x0000000084900000, 0x0000000084a00000|  0%| F|  |TAMS 0x0000000084900000, 0x0000000084900000| Untracked 
|  74|0x0000000084a00000, 0x0000000084a00000, 0x0000000084b00000|  0%| F|  |TAMS 0x0000000084a00000, 0x0000000084a00000| Untracked 
|  75|0x0000000084b00000, 0x0000000084b00000, 0x0000000084c00000|  0%| F|  |TAMS 0x0000000084b00000, 0x0000000084b00000| Untracked 
|  76|0x0000000084c00000, 0x0000000084c00000, 0x0000000084d00000|  0%| F|  |TAMS 0x0000000084c00000, 0x0000000084c00000| Untracked 
|  77|0x0000000084d00000, 0x0000000084d00000, 0x0000000084e00000|  0%| F|  |TAMS 0x0000000084d00000, 0x0000000084d00000| Untracked 
|  78|0x0000000084e00000, 0x0000000084e00000, 0x0000000084f00000|  0%| F|  |TAMS 0x0000000084e00000, 0x0000000084e00000| Untracked 
|  79|0x0000000084f00000, 0x0000000084f00000, 0x0000000085000000|  0%| F|  |TAMS 0x0000000084f00000, 0x0000000084f00000| Untracked 
|  80|0x0000000085000000, 0x0000000085000000, 0x0000000085100000|  0%| F|  |TAMS 0x0000000085000000, 0x0000000085000000| Untracked 
|  81|0x0000000085100000, 0x0000000085100000, 0x0000000085200000|  0%| F|  |TAMS 0x0000000085100000, 0x0000000085100000| Untracked 
|  82|0x0000000085200000, 0x0000000085200000, 0x0000000085300000|  0%| F|  |TAMS 0x0000000085200000, 0x0000000085200000| Untracked 
|  83|0x0000000085300000, 0x0000000085300000, 0x0000000085400000|  0%| F|  |TAMS 0x0000000085300000, 0x0000000085300000| Untracked 
|  84|0x0000000085400000, 0x0000000085400000, 0x0000000085500000|  0%| F|  |TAMS 0x0000000085400000, 0x0000000085400000| Untracked 
|  85|0x0000000085500000, 0x0000000085500000, 0x0000000085600000|  0%| F|  |TAMS 0x0000000085500000, 0x0000000085500000| Untracked 
|  86|0x0000000085600000, 0x0000000085600000, 0x0000000085700000|  0%| F|  |TAMS 0x0000000085600000, 0x0000000085600000| Untracked 
|  87|0x0000000085700000, 0x0000000085700000, 0x0000000085800000|  0%| F|  |TAMS 0x0000000085700000, 0x0000000085700000| Untracked 
|  88|0x0000000085800000, 0x0000000085800000, 0x0000000085900000|  0%| F|  |TAMS 0x0000000085800000, 0x0000000085800000| Untracked 
|  89|0x0000000085900000, 0x0000000085900000, 0x0000000085a00000|  0%| F|  |TAMS 0x0000000085900000, 0x0000000085900000| Untracked 
|  90|0x0000000085a00000, 0x0000000085a00000, 0x0000000085b00000|  0%| F|  |TAMS 0x0000000085a00000, 0x0000000085a00000| Untracked 
|  91|0x0000000085b00000, 0x0000000085b00000, 0x0000000085c00000|  0%| F|  |TAMS 0x0000000085b00000, 0x0000000085b00000| Untracked 
|  92|0x0000000085c00000, 0x0000000085c00000, 0x0000000085d00000|  0%| F|  |TAMS 0x0000000085c00000, 0x0000000085c00000| Untracked 
|  93|0x0000000085d00000, 0x0000000085d00000, 0x0000000085e00000|  0%| F|  |TAMS 0x0000000085d00000, 0x0000000085d00000| Untracked 
|  94|0x0000000085e00000, 0x0000000085e00000, 0x0000000085f00000|  0%| F|  |TAMS 0x0000000085e00000, 0x0000000085e00000| Untracked 
|  95|0x0000000085f00000, 0x0000000085f00000, 0x0000000086000000|  0%| F|  |TAMS 0x0000000085f00000, 0x0000000085f00000| Untracked 
|  96|0x0000000086000000, 0x0000000086000000, 0x0000000086100000|  0%| F|  |TAMS 0x0000000086000000, 0x0000000086000000| Untracked 
|  97|0x0000000086100000, 0x0000000086100000, 0x0000000086200000|  0%| F|  |TAMS 0x0000000086100000, 0x0000000086100000| Untracked 
|  98|0x0000000086200000, 0x0000000086200000, 0x0000000086300000|  0%| F|  |TAMS 0x0000000086200000, 0x0000000086200000| Untracked 
|  99|0x0000000086300000, 0x0000000086300000, 0x0000000086400000|  0%| F|  |TAMS 0x0000000086300000, 0x0000000086300000| Untracked 
| 100|0x0000000086400000, 0x0000000086400000, 0x0000000086500000|  0%| F|  |TAMS 0x0000000086400000, 0x0000000086400000| Untracked 
| 101|0x0000000086500000, 0x0000000086500000, 0x0000000086600000|  0%| F|  |TAMS 0x0000000086500000, 0x0000000086500000| Untracked 
| 102|0x0000000086600000, 0x0000000086600000, 0x0000000086700000|  0%| F|  |TAMS 0x0000000086600000, 0x0000000086600000| Untracked 
| 103|0x0000000086700000, 0x0000000086700000, 0x0000000086800000|  0%| F|  |TAMS 0x0000000086700000, 0x0000000086700000| Untracked 
| 104|0x0000000086800000, 0x0000000086800000, 0x0000000086900000|  0%| F|  |TAMS 0x0000000086800000, 0x0000000086800000| Untracked 
| 105|0x0000000086900000, 0x0000000086900000, 0x0000000086a00000|  0%| F|  |TAMS 0x0000000086900000, 0x0000000086900000| Untracked 
| 106|0x0000000086a00000, 0x0000000086a00000, 0x0000000086b00000|  0%| F|  |TAMS 0x0000000086a00000, 0x0000000086a00000| Untracked 
| 107|0x0000000086b00000, 0x0000000086b00000, 0x0000000086c00000|  0%| F|  |TAMS 0x0000000086b00000, 0x0000000086b00000| Untracked 
| 108|0x0000000086c00000, 0x0000000086c00000, 0x0000000086d00000|  0%| F|  |TAMS 0x0000000086c00000, 0x0000000086c00000| Untracked 
| 109|0x0000000086d00000, 0x0000000086d00000, 0x0000000086e00000|  0%| F|  |TAMS 0x0000000086d00000, 0x0000000086d00000| Untracked 
| 110|0x0000000086e00000, 0x0000000086e00000, 0x0000000086f00000|  0%| F|  |TAMS 0x0000000086e00000, 0x0000000086e00000| Untracked 
| 111|0x0000000086f00000, 0x0000000086f00000, 0x0000000087000000|  0%| F|  |TAMS 0x0000000086f00000, 0x0000000086f00000| Untracked 
| 112|0x0000000087000000, 0x0000000087000000, 0x0000000087100000|  0%| F|  |TAMS 0x0000000087000000, 0x0000000087000000| Untracked 
| 113|0x0000000087100000, 0x0000000087100000, 0x0000000087200000|  0%| F|  |TAMS 0x0000000087100000, 0x0000000087100000| Untracked 
| 114|0x0000000087200000, 0x0000000087200000, 0x0000000087300000|  0%| F|  |TAMS 0x0000000087200000, 0x0000000087200000| Untracked 
| 115|0x0000000087300000, 0x0000000087300000, 0x0000000087400000|  0%| F|  |TAMS 0x0000000087300000, 0x0000000087300000| Untracked 
| 116|0x0000000087400000, 0x0000000087400000, 0x0000000087500000|  0%| F|  |TAMS 0x0000000087400000, 0x0000000087400000| Untracked 
| 117|0x0000000087500000, 0x0000000087500000, 0x0000000087600000|  0%| F|  |TAMS 0x0000000087500000, 0x0000000087500000| Untracked 
| 118|0x0000000087600000, 0x0000000087600000, 0x0000000087700000|  0%| F|  |TAMS 0x0000000087600000, 0x0000000087600000| Untracked 
| 119|0x0000000087700000, 0x0000000087700000, 0x0000000087800000|  0%| F|  |TAMS 0x0000000087700000, 0x0000000087700000| Untracked 
| 120|0x0000000087800000, 0x0000000087800000, 0x0000000087900000|  0%| F|  |TAMS 0x0000000087800000, 0x0000000087800000| Untracked 
| 121|0x0000000087900000, 0x0000000087900000, 0x0000000087a00000|  0%| F|  |TAMS 0x0000000087900000, 0x0000000087900000| Untracked 
| 122|0x0000000087a00000, 0x0000000087a00000, 0x0000000087b00000|  0%| F|  |TAMS 0x0000000087a00000, 0x0000000087a00000| Untracked 
| 123|0x0000000087b00000, 0x0000000087b00000, 0x0000000087c00000|  0%| F|  |TAMS 0x0000000087b00000, 0x0000000087b00000| Untracked 
| 124|0x0000000087c00000, 0x0000000087c00000, 0x0000000087d00000|  0%| F|  |TAMS 0x0000000087c00000, 0x0000000087c00000| Untracked 
| 125|0x0000000087d00000, 0x0000000087d00000, 0x0000000087e00000|  0%| F|  |TAMS 0x0000000087d00000, 0x0000000087d00000| Untracked 
| 126|0x0000000087e00000, 0x0000000087e00000, 0x0000000087f00000|  0%| F|  |TAMS 0x0000000087e00000, 0x0000000087e00000| Untracked 
| 127|0x0000000087f00000, 0x0000000087f00000, 0x0000000088000000|  0%| F|  |TAMS 0x0000000087f00000, 0x0000000087f00000| Untracked 
| 128|0x0000000088000000, 0x0000000088000000, 0x0000000088100000|  0%| F|  |TAMS 0x0000000088000000, 0x0000000088000000| Untracked 
| 129|0x0000000088100000, 0x0000000088100000, 0x0000000088200000|  0%| F|  |TAMS 0x0000000088100000, 0x0000000088100000| Untracked 
| 130|0x0000000088200000, 0x0000000088200000, 0x0000000088300000|  0%| F|  |TAMS 0x0000000088200000, 0x0000000088200000| Untracked 
| 131|0x0000000088300000, 0x0000000088300000, 0x0000000088400000|  0%| F|  |TAMS 0x0000000088300000, 0x0000000088300000| Untracked 
| 132|0x0000000088400000, 0x0000000088400000, 0x0000000088500000|  0%| F|  |TAMS 0x0000000088400000, 0x0000000088400000| Untracked 
| 133|0x0000000088500000, 0x00000000885289e0, 0x0000000088600000| 15%| S|CS|TAMS 0x0000000088500000, 0x0000000088500000| Complete 
| 134|0x0000000088600000, 0x0000000088700000, 0x0000000088700000|100%| S|CS|TAMS 0x0000000088600000, 0x0000000088600000| Complete 
| 135|0x0000000088700000, 0x0000000088800000, 0x0000000088800000|100%| S|CS|TAMS 0x0000000088700000, 0x0000000088700000| Complete 
| 136|0x0000000088800000, 0x0000000088900000, 0x0000000088900000|100%| S|CS|TAMS 0x0000000088800000, 0x0000000088800000| Complete 
| 137|0x0000000088900000, 0x0000000088900000, 0x0000000088a00000|  0%| F|  |TAMS 0x0000000088900000, 0x0000000088900000| Untracked 
| 138|0x0000000088a00000, 0x0000000088a00000, 0x0000000088b00000|  0%| F|  |TAMS 0x0000000088a00000, 0x0000000088a00000| Untracked 
| 139|0x0000000088b00000, 0x0000000088b00000, 0x0000000088c00000|  0%| F|  |TAMS 0x0000000088b00000, 0x0000000088b00000| Untracked 
| 140|0x0000000088c00000, 0x0000000088c00000, 0x0000000088d00000|  0%| F|  |TAMS 0x0000000088c00000, 0x0000000088c00000| Untracked 
| 141|0x0000000088d00000, 0x0000000088d00000, 0x0000000088e00000|  0%| F|  |TAMS 0x0000000088d00000, 0x0000000088d00000| Untracked 
| 142|0x0000000088e00000, 0x0000000088e00000, 0x0000000088f00000|  0%| F|  |TAMS 0x0000000088e00000, 0x0000000088e00000| Untracked 
| 143|0x0000000088f00000, 0x0000000088f00000, 0x0000000089000000|  0%| F|  |TAMS 0x0000000088f00000, 0x0000000088f00000| Untracked 
| 144|0x0000000089000000, 0x0000000089000000, 0x0000000089100000|  0%| F|  |TAMS 0x0000000089000000, 0x0000000089000000| Untracked 
| 145|0x0000000089100000, 0x0000000089100000, 0x0000000089200000|  0%| F|  |TAMS 0x0000000089100000, 0x0000000089100000| Untracked 
| 146|0x0000000089200000, 0x0000000089200000, 0x0000000089300000|  0%| F|  |TAMS 0x0000000089200000, 0x0000000089200000| Untracked 
| 147|0x0000000089300000, 0x0000000089300000, 0x0000000089400000|  0%| F|  |TAMS 0x0000000089300000, 0x0000000089300000| Untracked 
| 148|0x0000000089400000, 0x0000000089400000, 0x0000000089500000|  0%| F|  |TAMS 0x0000000089400000, 0x0000000089400000| Untracked 
| 149|0x0000000089500000, 0x0000000089500000, 0x0000000089600000|  0%| F|  |TAMS 0x0000000089500000, 0x0000000089500000| Untracked 
| 150|0x0000000089600000, 0x0000000089600000, 0x0000000089700000|  0%| F|  |TAMS 0x0000000089600000, 0x0000000089600000| Untracked 
| 151|0x0000000089700000, 0x0000000089700000, 0x0000000089800000|  0%| F|  |TAMS 0x0000000089700000, 0x0000000089700000| Untracked 
| 152|0x0000000089800000, 0x0000000089800000, 0x0000000089900000|  0%| F|  |TAMS 0x0000000089800000, 0x0000000089800000| Untracked 
| 153|0x0000000089900000, 0x0000000089900000, 0x0000000089a00000|  0%| F|  |TAMS 0x0000000089900000, 0x0000000089900000| Untracked 
| 154|0x0000000089a00000, 0x0000000089a00000, 0x0000000089b00000|  0%| F|  |TAMS 0x0000000089a00000, 0x0000000089a00000| Untracked 
| 155|0x0000000089b00000, 0x0000000089b00000, 0x0000000089c00000|  0%| F|  |TAMS 0x0000000089b00000, 0x0000000089b00000| Untracked 
| 156|0x0000000089c00000, 0x0000000089c00000, 0x0000000089d00000|  0%| F|  |TAMS 0x0000000089c00000, 0x0000000089c00000| Untracked 
| 157|0x0000000089d00000, 0x0000000089d00000, 0x0000000089e00000|  0%| F|  |TAMS 0x0000000089d00000, 0x0000000089d00000| Untracked 
| 158|0x0000000089e00000, 0x0000000089e00000, 0x0000000089f00000|  0%| F|  |TAMS 0x0000000089e00000, 0x0000000089e00000| Untracked 
| 159|0x0000000089f00000, 0x0000000089f00000, 0x000000008a000000|  0%| F|  |TAMS 0x0000000089f00000, 0x0000000089f00000| Untracked 
| 160|0x000000008a000000, 0x000000008a000000, 0x000000008a100000|  0%| F|  |TAMS 0x000000008a000000, 0x000000008a000000| Untracked 
| 161|0x000000008a100000, 0x000000008a200000, 0x000000008a200000|100%| E|  |TAMS 0x000000008a100000, 0x000000008a100000| Complete 
| 162|0x000000008a200000, 0x000000008a300000, 0x000000008a300000|100%| E|CS|TAMS 0x000000008a200000, 0x000000008a200000| Complete 
| 163|0x000000008a300000, 0x000000008a400000, 0x000000008a400000|100%| E|CS|TAMS 0x000000008a300000, 0x000000008a300000| Complete 
| 164|0x000000008a400000, 0x000000008a500000, 0x000000008a500000|100%| E|CS|TAMS 0x000000008a400000, 0x000000008a400000| Complete 
| 165|0x000000008a500000, 0x000000008a600000, 0x000000008a600000|100%| E|CS|TAMS 0x000000008a500000, 0x000000008a500000| Complete 
| 166|0x000000008a600000, 0x000000008a700000, 0x000000008a700000|100%| E|CS|TAMS 0x000000008a600000, 0x000000008a600000| Complete 
| 167|0x000000008a700000, 0x000000008a800000, 0x000000008a800000|100%| E|CS|TAMS 0x000000008a700000, 0x000000008a700000| Complete 
| 168|0x000000008a800000, 0x000000008a900000, 0x000000008a900000|100%| E|CS|TAMS 0x000000008a800000, 0x000000008a800000| Complete 
| 169|0x000000008a900000, 0x000000008aa00000, 0x000000008aa00000|100%| E|CS|TAMS 0x000000008a900000, 0x000000008a900000| Complete 
| 170|0x000000008aa00000, 0x000000008ab00000, 0x000000008ab00000|100%| E|CS|TAMS 0x000000008aa00000, 0x000000008aa00000| Complete 
| 171|0x000000008ab00000, 0x000000008ac00000, 0x000000008ac00000|100%| E|CS|TAMS 0x000000008ab00000, 0x000000008ab00000| Complete 
| 172|0x000000008ac00000, 0x000000008ad00000, 0x000000008ad00000|100%| E|CS|TAMS 0x000000008ac00000, 0x000000008ac00000| Complete 
| 173|0x000000008ad00000, 0x000000008ae00000, 0x000000008ae00000|100%| E|CS|TAMS 0x000000008ad00000, 0x000000008ad00000| Complete 
| 174|0x000000008ae00000, 0x000000008af00000, 0x000000008af00000|100%| E|CS|TAMS 0x000000008ae00000, 0x000000008ae00000| Complete 
| 175|0x000000008af00000, 0x000000008b000000, 0x000000008b000000|100%| E|CS|TAMS 0x000000008af00000, 0x000000008af00000| Complete 
| 176|0x000000008b000000, 0x000000008b100000, 0x000000008b100000|100%| E|CS|TAMS 0x000000008b000000, 0x000000008b000000| Complete 
| 177|0x000000008b100000, 0x000000008b200000, 0x000000008b200000|100%| E|CS|TAMS 0x000000008b100000, 0x000000008b100000| Complete 
| 178|0x000000008b200000, 0x000000008b300000, 0x000000008b300000|100%| E|CS|TAMS 0x000000008b200000, 0x000000008b200000| Complete 
| 179|0x000000008b300000, 0x000000008b400000, 0x000000008b400000|100%| E|CS|TAMS 0x000000008b300000, 0x000000008b300000| Complete 
| 180|0x000000008b400000, 0x000000008b500000, 0x000000008b500000|100%| E|CS|TAMS 0x000000008b400000, 0x000000008b400000| Complete 
| 181|0x000000008b500000, 0x000000008b600000, 0x000000008b600000|100%| E|CS|TAMS 0x000000008b500000, 0x000000008b500000| Complete 
| 182|0x000000008b600000, 0x000000008b700000, 0x000000008b700000|100%| E|CS|TAMS 0x000000008b600000, 0x000000008b600000| Complete 
| 183|0x000000008b700000, 0x000000008b800000, 0x000000008b800000|100%| E|CS|TAMS 0x000000008b700000, 0x000000008b700000| Complete 
| 184|0x000000008b800000, 0x000000008b900000, 0x000000008b900000|100%| E|CS|TAMS 0x000000008b800000, 0x000000008b800000| Complete 
| 185|0x000000008b900000, 0x000000008ba00000, 0x000000008ba00000|100%| E|CS|TAMS 0x000000008b900000, 0x000000008b900000| Complete 
| 186|0x000000008ba00000, 0x000000008bb00000, 0x000000008bb00000|100%| E|CS|TAMS 0x000000008ba00000, 0x000000008ba00000| Complete 
| 187|0x000000008bb00000, 0x000000008bc00000, 0x000000008bc00000|100%| E|CS|TAMS 0x000000008bb00000, 0x000000008bb00000| Complete 
| 188|0x000000008bc00000, 0x000000008bd00000, 0x000000008bd00000|100%| E|CS|TAMS 0x000000008bc00000, 0x000000008bc00000| Complete 
| 189|0x000000008bd00000, 0x000000008be00000, 0x000000008be00000|100%| E|CS|TAMS 0x000000008bd00000, 0x000000008bd00000| Complete 
| 190|0x000000008be00000, 0x000000008bf00000, 0x000000008bf00000|100%| E|CS|TAMS 0x000000008be00000, 0x000000008be00000| Complete 
| 191|0x000000008bf00000, 0x000000008c000000, 0x000000008c000000|100%| E|CS|TAMS 0x000000008bf00000, 0x000000008bf00000| Complete 

Card table byte_map: [0x0000020c61de0000,0x0000020c621e0000] _byte_map_base: 0x0000020c619e0000

Marking Bits (Prev, Next): (CMBitMap*) 0x0000020c4e8fce50, (CMBitMap*) 0x0000020c4e8fce18
 Prev Bits: [0x0000020c645e0000, 0x0000020c665e0000)
 Next Bits: [0x0000020c625e0000, 0x0000020c645e0000)

Polling page: 0x0000020c4cf70000

Metaspace:

Usage:
  Non-class:     24.90 MB capacity,    24.50 MB ( 98%) used,   348.55 KB (  1%) free+waste,    57.81 KB ( <1%) overhead. 
      Class:      4.00 MB capacity,     3.77 MB ( 94%) used,   209.77 KB (  5%) free+waste,    29.19 KB ( <1%) overhead. 
       Both:     28.90 MB capacity,    28.27 MB ( 98%) used,   558.31 KB (  2%) free+waste,    87.00 KB ( <1%) overhead. 

Virtual space:
  Non-class space:       26.00 MB reserved,      25.00 MB ( 96%) committed 
      Class space:        1.00 GB reserved,       4.00 MB ( <1%) committed 
             Both:        1.03 GB reserved,      29.00 MB (  3%) committed 

Chunk freelists:
   Non-Class:  38.00 KB
       Class:  0 bytes
        Both:  38.00 KB

MaxMetaspaceSize: 17179869184.00 GB
CompressedClassSpaceSize: 1.00 GB

CodeHeap 'non-profiled nmethods': size=120064Kb used=1112Kb max_used=1112Kb free=118951Kb
 bounds [0x0000020c59e80000, 0x0000020c5a0f0000, 0x0000020c613c0000]
CodeHeap 'profiled nmethods': size=120000Kb used=5313Kb max_used=5313Kb free=114686Kb
 bounds [0x0000020c52950000, 0x0000020c52e90000, 0x0000020c59e80000]
CodeHeap 'non-nmethods': size=5696Kb used=1162Kb max_used=1185Kb free=4533Kb
 bounds [0x0000020c523c0000, 0x0000020c52630000, 0x0000020c52950000]
 total_blobs=2967 nmethods=2464 adapters=414
 compilation: enabled
              stopped_count=0, restarted_count=0
 full_count=0

Compilation events (20 events):
Event: 9.906 Thread 0x0000020c69481000 2459       3       java.lang.invoke.MethodHandles$Lookup::lookupModes (8 bytes)
Event: 9.907 Thread 0x0000020c69481000 nmethod 2459 0x0000020c52e75390 code [0x0000020c52e75540, 0x0000020c52e75638]
Event: 9.920 Thread 0x0000020c69481000 2460       3       jdk.internal.org.objectweb.asm.ClassWriter::toByteArray (1423 bytes)
Event: 9.934 Thread 0x0000020c69481000 nmethod 2460 0x0000020c52e75710 code [0x0000020c52e76020, 0x0000020c52e79dc8]
Event: 9.934 Thread 0x0000020c69481000 2462       3       jdk.internal.org.objectweb.asm.AnnotationWriter::put (109 bytes)
Event: 9.936 Thread 0x0000020c69481000 nmethod 2462 0x0000020c52e7b610 code [0x0000020c52e7b820, 0x0000020c52e7bc58]
Event: 9.954 Thread 0x0000020c69481000 2466       3       org.gradle.internal.hash.Hashing$MessageDigestHasher::getDigest (22 bytes)
Event: 9.954 Thread 0x0000020c69481000 nmethod 2466 0x0000020c52e7be90 code [0x0000020c52e7c060, 0x0000020c52e7c268]
Event: 9.954 Thread 0x0000020c69481000 2467       3       java.util.stream.AbstractPipeline::isParallel (8 bytes)
Event: 9.954 Thread 0x0000020c69481000 nmethod 2467 0x0000020c52e7c390 code [0x0000020c52e7c540, 0x0000020c52e7c658]
Event: 9.957 Thread 0x0000020c69481000 2468       3       java.lang.Enum::hashCode (5 bytes)
Event: 9.958 Thread 0x0000020c69481000 nmethod 2468 0x0000020c52e7c710 code [0x0000020c52e7c8c0, 0x0000020c52e7c9e8]
Event: 9.972 Thread 0x0000020c69481000 2470       3       jdk.internal.reflect.Reflection::isSubclassOf (21 bytes)
Event: 9.973 Thread 0x0000020c69481000 nmethod 2470 0x0000020c52e7ca90 code [0x0000020c52e7cc60, 0x0000020c52e7ce88]
Event: 9.973 Thread 0x0000020c69481000 2469       3       jdk.internal.reflect.ReflectionFactory::newConstructorAccessor (154 bytes)
Event: 9.979 Thread 0x0000020c69481000 nmethod 2469 0x0000020c52e7cf90 code [0x0000020c52e7d360, 0x0000020c52e7ed38]
Event: 9.992 Thread 0x0000020c69481000 2471       3       com.google.common.base.Preconditions::checkArgument (28 bytes)
Event: 9.993 Thread 0x0000020c69481000 nmethod 2471 0x0000020c52e7f610 code [0x0000020c52e7f820, 0x0000020c52e7fe18]
Event: 9.993 Thread 0x0000020c69481000 2472       3       com.google.common.io.BaseEncoding$Alphabet::encode (7 bytes)
Event: 9.993 Thread 0x0000020c69481000 nmethod 2472 0x0000020c52e80090 code [0x0000020c52e80240, 0x0000020c52e80378]

GC Heap History (12 events):
Event: 1.332 GC heap before
{Heap before GC invocations=0 (full 0):
 garbage-first heap   total 196608K, used 19456K [0x0000000080000000, 0x0000000100000000)
  region size 1024K, 14 young (14336K), 0 survivors (0K)
 Metaspace       used 6731K, capacity 6925K, committed 7168K, reserved 1056768K
  class space    used 582K, capacity 650K, committed 768K, reserved 1048576K
}
Event: 1.399 GC heap after
{Heap after GC invocations=1 (full 0):
 garbage-first heap   total 196608K, used 7869K [0x0000000080000000, 0x0000000100000000)
  region size 1024K, 2 young (2048K), 2 survivors (2048K)
 Metaspace       used 6731K, capacity 6925K, committed 7168K, reserved 1056768K
  class space    used 582K, capacity 650K, committed 768K, reserved 1048576K
}
Event: 2.172 GC heap before
{Heap before GC invocations=1 (full 0):
 garbage-first heap   total 196608K, used 19133K [0x0000000080000000, 0x0000000100000000)
  region size 1024K, 13 young (13312K), 2 survivors (2048K)
 Metaspace       used 10244K, capacity 10489K, committed 10624K, reserved 1058816K
  class space    used 1070K, capacity 1139K, committed 1152K, reserved 1048576K
}
Event: 2.178 GC heap after
{Heap after GC invocations=2 (full 0):
 garbage-first heap   total 196608K, used 9688K [0x0000000080000000, 0x0000000100000000)
  region size 1024K, 2 young (2048K), 2 survivors (2048K)
 Metaspace       used 10244K, capacity 10489K, committed 10624K, reserved 1058816K
  class space    used 1070K, capacity 1139K, committed 1152K, reserved 1048576K
}
Event: 3.390 GC heap before
{Heap before GC invocations=2 (full 0):
 garbage-first heap   total 196608K, used 38360K [0x0000000080000000, 0x0000000100000000)
  region size 1024K, 29 young (29696K), 2 survivors (2048K)
 Metaspace       used 11211K, capacity 11444K, committed 11520K, reserved 1058816K
  class space    used 1173K, capacity 1244K, committed 1280K, reserved 1048576K
}
Event: 3.397 GC heap after
{Heap after GC invocations=3 (full 0):
 garbage-first heap   total 196608K, used 12520K [0x0000000080000000, 0x0000000100000000)
  region size 1024K, 4 young (4096K), 4 survivors (4096K)
 Metaspace       used 11211K, capacity 11444K, committed 11520K, reserved 1058816K
  class space    used 1173K, capacity 1244K, committed 1280K, reserved 1048576K
}
Event: 6.504 GC heap before
{Heap before GC invocations=3 (full 0):
 garbage-first heap   total 196608K, used 51432K [0x0000000080000000, 0x0000000100000000)
  region size 1024K, 43 young (44032K), 4 survivors (4096K)
 Metaspace       used 17342K, capacity 17736K, committed 17792K, reserved 1064960K
  class space    used 2032K, capacity 2155K, committed 2176K, reserved 1048576K
}
Event: 6.520 GC heap after
{Heap after GC invocations=4 (full 0):
 garbage-first heap   total 196608K, used 16015K [0x0000000080000000, 0x0000000100000000)
  region size 1024K, 6 young (6144K), 6 survivors (6144K)
 Metaspace       used 17342K, capacity 17736K, committed 17792K, reserved 1064960K
  class space    used 2032K, capacity 2155K, committed 2176K, reserved 1048576K
}
Event: 7.354 GC heap before
{Heap before GC invocations=4 (full 0):
 garbage-first heap   total 196608K, used 45711K [0x0000000080000000, 0x0000000100000000)
  region size 1024K, 36 young (36864K), 6 survivors (6144K)
 Metaspace       used 20650K, capacity 21104K, committed 21296K, reserved 1069056K
  class space    used 2532K, capacity 2660K, committed 2688K, reserved 1048576K
}
Event: 7.375 GC heap after
{Heap after GC invocations=5 (full 0):
 garbage-first heap   total 196608K, used 18035K [0x0000000080000000, 0x0000000100000000)
  region size 1024K, 2 young (2048K), 2 survivors (2048K)
 Metaspace       used 20650K, capacity 21104K, committed 21296K, reserved 1069056K
  class space    used 2532K, capacity 2660K, committed 2688K, reserved 1048576K
}
Event: 9.089 GC heap before
{Heap before GC invocations=6 (full 0):
 garbage-first heap   total 196608K, used 72307K [0x0000000080000000, 0x0000000100000000)
  region size 1024K, 55 young (56320K), 2 survivors (2048K)
 Metaspace       used 26161K, capacity 26767K, committed 27008K, reserved 1073152K
  class space    used 3423K, capacity 3618K, committed 3712K, reserved 1048576K
}
Event: 9.102 GC heap after
{Heap after GC invocations=7 (full 0):
 garbage-first heap   total 196608K, used 19754K [0x0000000080000000, 0x0000000100000000)
  region size 1024K, 4 young (4096K), 4 survivors (4096K)
 Metaspace       used 26161K, capacity 26767K, committed 27008K, reserved 1073152K
  class space    used 3423K, capacity 3618K, committed 3712K, reserved 1048576K
}

Deoptimization events (20 events):
Event: 8.930 Thread 0x0000020c69487000 Uncommon trap: trap_request=0xffffff4d fr.pc=0x0000020c59f21294 relative=0x0000000000001354
Event: 8.930 Thread 0x0000020c69487000 Uncommon trap: reason=unstable_if action=reinterpret pc=0x0000020c59f21294 method=java.util.concurrent.ConcurrentHashMap.putVal(Ljava/lang/Object;Ljava/lang/Object;Z)Ljava/lang/Object; @ 231 c2
Event: 8.930 Thread 0x0000020c69487000 DEOPT PACKING pc=0x0000020c59f21294 sp=0x000000ecf82fc500
Event: 8.930 Thread 0x0000020c69487000 DEOPT UNPACKING pc=0x0000020c523e65af sp=0x000000ecf82fc480 mode 2
Event: 8.975 Thread 0x0000020c69487000 Uncommon trap: trap_request=0xffffffde fr.pc=0x0000020c59f5be60 relative=0x0000000000000320
Event: 8.975 Thread 0x0000020c69487000 Uncommon trap: reason=class_check action=maybe_recompile pc=0x0000020c59f5be60 method=java.util.Collections$SetFromMap.remove(Ljava/lang/Object;)Z @ 5 c2
Event: 8.975 Thread 0x0000020c69487000 DEOPT PACKING pc=0x0000020c59f5be60 sp=0x000000ecf82fc4f0
Event: 8.975 Thread 0x0000020c69487000 DEOPT UNPACKING pc=0x0000020c523e65af sp=0x000000ecf82fc4d8 mode 2
Event: 8.975 Thread 0x0000020c69487000 Uncommon trap: trap_request=0xffffffde fr.pc=0x0000020c59f5be60 relative=0x0000000000000320
Event: 8.975 Thread 0x0000020c69487000 Uncommon trap: reason=class_check action=maybe_recompile pc=0x0000020c59f5be60 method=java.util.Collections$SetFromMap.remove(Ljava/lang/Object;)Z @ 5 c2
Event: 8.975 Thread 0x0000020c69487000 DEOPT PACKING pc=0x0000020c59f5be60 sp=0x000000ecf82fc480
Event: 8.975 Thread 0x0000020c69487000 DEOPT UNPACKING pc=0x0000020c523e65af sp=0x000000ecf82fc468 mode 2
Event: 9.457 Thread 0x0000020c69487000 Uncommon trap: trap_request=0xffffff4d fr.pc=0x0000020c59f55ccc relative=0x000000000000020c
Event: 9.457 Thread 0x0000020c69487000 Uncommon trap: reason=unstable_if action=reinterpret pc=0x0000020c59f55ccc method=java.util.HashMap.hash(Ljava/lang/Object;)I @ 1 c2
Event: 9.457 Thread 0x0000020c69487000 DEOPT PACKING pc=0x0000020c59f55ccc sp=0x000000ecf82f8e50
Event: 9.457 Thread 0x0000020c69487000 DEOPT UNPACKING pc=0x0000020c523e65af sp=0x000000ecf82f8d88 mode 2
Event: 9.458 Thread 0x0000020c69487000 Uncommon trap: trap_request=0xffffff4d fr.pc=0x0000020c59ec5fac relative=0x000000000000008c
Event: 9.458 Thread 0x0000020c69487000 Uncommon trap: reason=unstable_if action=reinterpret pc=0x0000020c59ec5fac method=java.util.HashMap.hash(Ljava/lang/Object;)I @ 1 c2
Event: 9.458 Thread 0x0000020c69487000 DEOPT PACKING pc=0x0000020c59ec5fac sp=0x000000ecf82f8bc0
Event: 9.458 Thread 0x0000020c69487000 DEOPT UNPACKING pc=0x0000020c523e65af sp=0x000000ecf82f8b58 mode 2

Classes redefined (0 events):
No events

Internal exceptions (20 events):
Event: 8.252 Thread 0x0000020c69487000 Exception <a 'java/lang/NoSuchMethodError'{0x000000008a5e7200}: 'void java.lang.invoke.DirectMethodHandle$Holder.invokeSpecial(java.lang.Object, java.lang.Object, java.lang.Object, java.lang.Object, java.lang.Object, java.lang.Object)'> (0x000000008a5e7200) thrown at [./src/hotspot/share/interpreter/linkResolver.cpp, line 773]
Event: 8.282 Thread 0x0000020c69487000 Exception <a 'java/lang/NoSuchMethodError'{0x000000008a456490}: 'void java.lang.invoke.DirectMethodHandle$Holder.invokeSpecial(java.lang.Object, java.lang.Object, java.lang.Object, java.lang.Object, java.lang.Object, java.lang.Object, java.lang.Object)'> (0x000000008a456490) thrown at [./src/hotspot/share/interpreter/linkResolver.cpp, line 773]
Event: 8.284 Thread 0x0000020c69487000 Exception <a 'java/lang/NoSuchMethodError'{0x000000008a45e980}: 'java.lang.Object java.lang.invoke.Invokers$Holder.linkToTargetMethod(java.lang.Object, java.lang.Object, java.lang.Object, java.lang.Object, java.lang.Object, java.lang.Object)'> (0x000000008a45e980) thrown at [./src/hotspot/share/interpreter/linkResolver.cpp, line 773]
Event: 8.506 Thread 0x0000020c69487000 Exception <a 'java/lang/NoSuchMethodError'{0x00000000899ba490}: 'int java.lang.invoke.DirectMethodHandle$Holder.invokeStaticInit(java.lang.Object, java.lang.Object, java.lang.Object)'> (0x00000000899ba490) thrown at [./src/hotspot/share/interpreter/linkResolver.cpp, line 773]
Event: 8.750 Thread 0x0000020c69487000 Exception <a 'java/lang/NoSuchMethodError'{0x00000000893034e8}: 'void java.lang.invoke.DirectMethodHandle$Holder.invokeStaticInit(java.lang.Object, java.lang.Object)'> (0x00000000893034e8) thrown at [./src/hotspot/share/interpreter/linkResolver.cpp, line 773]
Event: 8.956 Thread 0x0000020c69487000 Exception <a 'java/lang/NoSuchMethodError'{0x0000000088e35808}: 'void java.lang.invoke.DirectMethodHandle$Holder.invokeStatic(java.lang.Object, java.lang.Object, java.lang.Object, java.lang.Object)'> (0x0000000088e35808) thrown at [./src/hotspot/share/interpreter/linkResolver.cpp, line 773]
Event: 8.963 Thread 0x0000020c69487000 Exception <a 'java/lang/NoSuchMethodError'{0x0000000088e49268}: 'int java.lang.invoke.DirectMethodHandle$Holder.invokeInterface(java.lang.Object, java.lang.Object)'> (0x0000000088e49268) thrown at [./src/hotspot/share/interpreter/linkResolver.cpp, line 773]
Event: 9.197 Thread 0x0000020c69487000 Exception <a 'java/lang/NoSuchMethodError'{0x000000008bbfbc68}: 'java.lang.Object java.lang.invoke.DirectMethodHandle$Holder.invokeSpecialIFC(java.lang.Object, java.lang.Object, java.lang.Object, java.lang.Object)'> (0x000000008bbfbc68) thrown at [./src/hotspot/share/interpreter/linkResolver.cpp, line 773]
Event: 9.215 Thread 0x0000020c69487000 Exception <a 'java/lang/NoSuchMethodError'{0x000000008badd568}: 'java.lang.Object java.lang.invoke.DirectMethodHandle$Holder.invokeSpecial(java.lang.Object, java.lang.Object, java.lang.Object, java.lang.Object, java.lang.Object, java.lang.Object, java.lang.Object, java.lang.Object, java.lang.Object, java.lang.Object, java.lang.Object, java.lang.Object, java.lang.Object)'> (0x000000008badd568) thrown at [./src/hotspot/share/interpreter/linkResolver.cpp, line 773]
Event: 9.217 Thread 0x0000020c69487000 Exception <a 'java/lang/NoSuchMethodError'{0x000000008baee3c8}: 'java.lang.Object java.lang.invoke.DirectMethodHandle$Holder.invokeSpecial(java.lang.Object, java.lang.Object, java.lang.Object, java.lang.Object, java.lang.Object, java.lang.Object, java.lang.Object, java.lang.Object, java.lang.Object, java.lang.Object, java.lang.Object, java.lang.Object)'> (0x000000008baee3c8) thrown at [./src/hotspot/share/interpreter/linkResolver.cpp, line 773]
Event: 9.218 Thread 0x0000020c69487000 Exception <a 'java/lang/NoSuchMethodError'{0x000000008baf34f0}: 'java.lang.Object java.lang.invoke.Invokers$Holder.linkToTargetMethod(java.lang.Object, java.lang.Object, java.lang.Object, java.lang.Object, java.lang.Object, java.lang.Object, java.lang.Object, java.lang.Object, java.lang.Object, java.lang.Object, java.lang.Object)'> (0x000000008baf34f0) thrown at [./src/hotspot/share/interpreter/linkResolver.cpp, line 773]
Event: 9.240 Thread 0x0000020c69487000 Exception <a 'java/lang/NoSuchMethodError'{0x000000008b83f408}: 'java.lang.Object java.lang.invoke.DirectMethodHandle$Holder.invokeSpecial(java.lang.Object, java.lang.Object, java.lang.Object, java.lang.Object, java.lang.Object, java.lang.Object, java.lang.Object, java.lang.Object, java.lang.Object, java.lang.Object, java.lang.Object, java.lang.Object, java.lang.Object, java.lang.Object)'> (0x000000008b83f408) thrown at [./src/hotspot/share/interpreter/linkResolver.cpp, line 773]
Event: 9.242 Thread 0x0000020c69487000 Exception <a 'java/lang/NoSuchMethodError'{0x000000008b850a80}: 'java.lang.Object java.lang.invoke.Invokers$Holder.linkToTargetMethod(java.lang.Object, java.lang.Object, java.lang.Object, java.lang.Object, java.lang.Object, java.lang.Object, java.lang.Object, java.lang.Object, java.lang.Object, java.lang.Object, java.lang.Object, java.lang.Object)'> (0x000000008b850a80) thrown at [./src/hotspot/share/interpreter/linkResolver.cpp, line 773]
Event: 9.259 Thread 0x0000020c69487000 Exception <a 'java/lang/NoSuchMethodError'{0x000000008b8e5f68}: 'java.lang.Object java.lang.invoke.DirectMethodHandle$Holder.invokeStaticInit(java.lang.Object, java.lang.Object, java.lang.Object, java.lang.Object)'> (0x000000008b8e5f68) thrown at [./src/hotspot/share/interpreter/linkResolver.cpp, line 773]
Event: 9.457 Thread 0x0000020c69487000 Implicit null exception at 0x0000020c59f55af5 to 0x0000020c59f55cbc
Event: 9.458 Thread 0x0000020c69487000 Implicit null exception at 0x0000020c59ec5f2f to 0x0000020c59ec5f9d
Event: 9.875 Thread 0x0000020c69487000 Exception <a 'java/lang/NoSuchMethodError'{0x000000008a6a81b0}: 'java.lang.Object java.lang.invoke.Invokers$Holder.linkToTargetMethod(java.lang.Object, java.lang.Object, java.lang.Object, java.lang.Object, java.lang.Object, java.lang.Object, java.lang.Object, java.lang.Object)'> (0x000000008a6a81b0) thrown at [./src/hotspot/share/interpreter/linkResolver.cpp, line 773]
Event: 9.886 Thread 0x0000020c69487000 Exception <a 'java/lang/NoSuchMethodError'{0x000000008a6dcf00}: 'java.lang.Object java.lang.invoke.DirectMethodHandle$Holder.invokeVirtual(java.lang.Object, java.lang.Object, java.lang.Object)'> (0x000000008a6dcf00) thrown at [./src/hotspot/share/interpreter/linkResolver.cpp, line 773]
Event: 9.921 Thread 0x0000020c69487000 Exception <a 'java/lang/NoSuchMethodError'{0x000000008a5b8e18}: 'java.lang.Object java.lang.invoke.Invokers$Holder.linkToTargetMethod(java.lang.Object, java.lang.Object, java.lang.Object, java.lang.Object, java.lang.Object, java.lang.Object, java.lang.Object)'> (0x000000008a5b8e18) thrown at [./src/hotspot/share/interpreter/linkResolver.cpp, line 773]
Event: 9.934 Thread 0x0000020c69487000 Exception <a 'java/lang/IncompatibleClassChangeError'{0x000000008a5f8d28}: Found class java.lang.Object, but interface was expected> (0x000000008a5f8d28) thrown at [./src/hotspot/share/interpreter/linkResolver.cpp, line 839]

Events (20 events):
Event: 9.981 loading class com/google/common/io/BaseEncoding$DecodingException
Event: 9.981 loading class com/google/common/io/BaseEncoding$DecodingException done
Event: 9.981 loading class com/google/common/io/BaseEncoding$1
Event: 9.981 loading class com/google/common/io/BaseEncoding$1 done
Event: 9.982 loading class com/google/common/io/BaseEncoding$3
Event: 9.982 loading class com/google/common/io/BaseEncoding$3 done
Event: 9.983 loading class com/google/common/io/BaseEncoding$5
Event: 9.983 loading class com/google/common/io/BaseEncoding$5 done
Event: 9.983 loading class com/google/common/io/BaseEncoding$2
Event: 9.983 loading class com/google/common/io/BaseEncoding$2 done
Event: 9.985 loading class com/google/common/io/BaseEncoding$SeparatedBaseEncoding
Event: 9.985 loading class com/google/common/io/BaseEncoding$SeparatedBaseEncoding done
Event: 9.987 loading class com/google/common/io/BaseEncoding$StandardBaseEncoding$2
Event: 9.987 loading class com/google/common/io/BaseEncoding$StandardBaseEncoding$2 done
Event: 9.988 loading class com/google/common/io/BaseEncoding$StandardBaseEncoding$1
Event: 9.988 loading class com/google/common/io/BaseEncoding$StandardBaseEncoding$1 done
Event: 9.989 loading class com/google/common/io/BaseEncoding$Alphabet
Event: 9.989 loading class com/google/common/io/BaseEncoding$Alphabet done
Event: 9.993 loading class com/google/common/base/Ascii
Event: 9.993 loading class com/google/common/base/Ascii done


Dynamic libraries:
0x00007ff624f30000 - 0x00007ff624f3a000 	C:\Program Files\Android\Android Studio\jre\bin\java.exe
0x00007ff9b5b90000 - 0x00007ff9b5d85000 	C:\Windows\SYSTEM32\ntdll.dll
0x00007ff9b5970000 - 0x00007ff9b5a2e000 	C:\Windows\System32\KERNEL32.DLL
0x00007ff9b34f0000 - 0x00007ff9b37b8000 	C:\Windows\System32\KERNELBASE.dll
0x00007ff9b3ae0000 - 0x00007ff9b3be0000 	C:\Windows\System32\ucrtbase.dll
0x00007ff9a3c20000 - 0x00007ff9a3c37000 	C:\Program Files\Android\Android Studio\jre\bin\VCRUNTIME140.dll
0x00007ff9a3ed0000 - 0x00007ff9a3ee9000 	C:\Program Files\Android\Android Studio\jre\bin\jli.dll
0x00007ff9b4dc0000 - 0x00007ff9b4f60000 	C:\Windows\System32\USER32.dll
0x00007ff9a4400000 - 0x00007ff9a469a000 	C:\Windows\WinSxS\amd64_microsoft.windows.common-controls_6595b64144ccf1df_6.0.19041.1110_none_60b5254171f9507e\COMCTL32.dll
0x00007ff9b37c0000 - 0x00007ff9b37e2000 	C:\Windows\System32\win32u.dll
0x00007ff9b4930000 - 0x00007ff9b49ce000 	C:\Windows\System32\msvcrt.dll
0x00007ff9b4f60000 - 0x00007ff9b4f8b000 	C:\Windows\System32\GDI32.dll
0x00007ff9b39d0000 - 0x00007ff9b3add000 	C:\Windows\System32\gdi32full.dll
0x00007ff9b3310000 - 0x00007ff9b33ad000 	C:\Windows\System32\msvcp_win.dll
0x00007ff9b4540000 - 0x00007ff9b4570000 	C:\Windows\System32\IMM32.DLL
0x00007ff988420000 - 0x00007ff9884bd000 	C:\Program Files\Android\Android Studio\jre\bin\msvcp140.dll
0x00007ff953cb0000 - 0x00007ff954785000 	C:\Program Files\Android\Android Studio\jre\bin\server\jvm.dll
0x00007ff9b46a0000 - 0x00007ff9b474e000 	C:\Windows\System32\ADVAPI32.dll
0x00007ff9b5130000 - 0x00007ff9b51cc000 	C:\Windows\System32\sechost.dll
0x00007ff9b56d0000 - 0x00007ff9b57f5000 	C:\Windows\System32\RPCRT4.dll
0x00007ff9b5120000 - 0x00007ff9b5128000 	C:\Windows\System32\PSAPI.DLL
0x00007ff9ac630000 - 0x00007ff9ac639000 	C:\Windows\SYSTEM32\WSOCK32.dll
0x00007ff99ba70000 - 0x00007ff99ba97000 	C:\Windows\SYSTEM32\WINMM.dll
0x00007ff9b5900000 - 0x00007ff9b596b000 	C:\Windows\System32\WS2_32.dll
0x00007ff9a29b0000 - 0x00007ff9a29ba000 	C:\Windows\SYSTEM32\VERSION.dll
0x00007ff9b1b20000 - 0x00007ff9b1b32000 	C:\Windows\SYSTEM32\kernel.appcore.dll
0x00007ff9a1340000 - 0x00007ff9a1351000 	C:\Program Files\Android\Android Studio\jre\bin\verify.dll
0x00007ff9a1a70000 - 0x00007ff9a1c54000 	C:\Windows\SYSTEM32\DBGHELP.DLL
0x00007ff9a1960000 - 0x00007ff9a198c000 	C:\Windows\SYSTEM32\dbgcore.DLL
0x00007ff9b3460000 - 0x00007ff9b34e2000 	C:\Windows\System32\bcryptPrimitives.dll
0x00007ff992cb0000 - 0x00007ff992cd9000 	C:\Program Files\Android\Android Studio\jre\bin\java.dll
0x00007ff9a3f80000 - 0x00007ff9a3f8b000 	C:\Program Files\Android\Android Studio\jre\bin\jimage.dll
0x00007ff9a1320000 - 0x00007ff9a1338000 	C:\Program Files\Android\Android Studio\jre\bin\zip.dll
0x00007ff9b3c40000 - 0x00007ff9b4384000 	C:\Windows\System32\SHELL32.dll
0x00007ff9b1360000 - 0x00007ff9b1af4000 	C:\Windows\SYSTEM32\windows.storage.dll
0x00007ff9b49d0000 - 0x00007ff9b4d25000 	C:\Windows\System32\combase.dll
0x00007ff9b2c80000 - 0x00007ff9b2cae000 	C:\Windows\SYSTEM32\Wldp.dll
0x00007ff9b5060000 - 0x00007ff9b510d000 	C:\Windows\System32\SHCORE.dll
0x00007ff9b5000000 - 0x00007ff9b5055000 	C:\Windows\System32\shlwapi.dll
0x00007ff9b31e0000 - 0x00007ff9b31ff000 	C:\Windows\SYSTEM32\profapi.dll
0x00007ff99fa80000 - 0x00007ff99fa9a000 	C:\Program Files\Android\Android Studio\jre\bin\net.dll
0x00007ff9a5690000 - 0x00007ff9a579c000 	C:\Windows\SYSTEM32\WINHTTP.dll
0x00007ff9b2980000 - 0x00007ff9b29ea000 	C:\Windows\system32\mswsock.dll
0x00007ff99f7b0000 - 0x00007ff99f7c4000 	C:\Program Files\Android\Android Studio\jre\bin\nio.dll
0x00007ff9882c0000 - 0x00007ff9882e7000 	C:\Users\jhonl\.gradle\native\e1d6ef7f7dcc3fd88c89a11ec53ec762bb8ba0a96d01ffa2cd45eb1d1d8dd5c5\windows-amd64\native-platform.dll
0x00007ff99f560000 - 0x00007ff99f6a4000 	C:\Users\jhonl\.gradle\native\5664cfc778a61ccfe75a443a1ab52a65af34e5dc3c78e0209fed803814484fcb\windows-amd64\native-platform-file-events.dll
0x00007ff9a3ef0000 - 0x00007ff9a3efa000 	C:\Program Files\Android\Android Studio\jre\bin\management.dll
0x00007ff9a3c10000 - 0x00007ff9a3c1d000 	C:\Program Files\Android\Android Studio\jre\bin\management_ext.dll
0x00007ff9b2b70000 - 0x00007ff9b2b88000 	C:\Windows\SYSTEM32\CRYPTSP.dll
0x00007ff9b2300000 - 0x00007ff9b2334000 	C:\Windows\system32\rsaenh.dll
0x00007ff9b37f0000 - 0x00007ff9b3817000 	C:\Windows\System32\bcrypt.dll
0x00007ff9b3160000 - 0x00007ff9b318e000 	C:\Windows\SYSTEM32\USERENV.dll
0x00007ff9b2b90000 - 0x00007ff9b2b9c000 	C:\Windows\SYSTEM32\CRYPTBASE.dll
0x00007ff9b2670000 - 0x00007ff9b26ab000 	C:\Windows\SYSTEM32\IPHLPAPI.DLL
0x00007ff9b5110000 - 0x00007ff9b5118000 	C:\Windows\System32\NSI.dll
0x00007ff9a9910000 - 0x00007ff9a9927000 	C:\Windows\SYSTEM32\dhcpcsvc6.DLL
0x00007ff9aa810000 - 0x00007ff9aa82d000 	C:\Windows\SYSTEM32\dhcpcsvc.DLL
0x00007ff9b26b0000 - 0x00007ff9b277b000 	C:\Windows\SYSTEM32\DNSAPI.dll

dbghelp: loaded successfully - version: 4.0.5 - missing functions: none
symbol engine: initialized successfully - sym options: 0x614 - pdb path: .;C:\Program Files\Android\Android Studio\jre\bin;C:\Windows\SYSTEM32;C:\Windows\WinSxS\amd64_microsoft.windows.common-controls_6595b64144ccf1df_6.0.19041.1110_none_60b5254171f9507e;C:\Program Files\Android\Android Studio\jre\bin\server;C:\Users\jhonl\.gradle\native\e1d6ef7f7dcc3fd88c89a11ec53ec762bb8ba0a96d01ffa2cd45eb1d1d8dd5c5\windows-amd64;C:\Users\jhonl\.gradle\native\5664cfc778a61ccfe75a443a1ab52a65af34e5dc3c78e0209fed803814484fcb\windows-amd64

VM Arguments:
jvm_args: --add-opens=java.base/java.util=ALL-UNNAMED --add-opens=java.base/java.lang=ALL-UNNAMED --add-opens=java.base/java.lang.invoke=ALL-UNNAMED --add-opens=java.base/java.util=ALL-UNNAMED --add-opens=java.prefs/java.util.prefs=ALL-UNNAMED --add-opens=java.prefs/java.util.prefs=ALL-UNNAMED --add-opens=java.base/java.nio.charset=ALL-UNNAMED --add-opens=java.base/java.net=ALL-UNNAMED --add-opens=java.base/java.util.concurrent.atomic=ALL-UNNAMED -Xmx2048m -Dfile.encoding=UTF-8 -Duser.country=BR -Duser.language=pt -Duser.variant 
java_command: org.gradle.launcher.daemon.bootstrap.GradleDaemon 7.2
java_class_path (initial): C:\Users\jhonl\.gradle\wrapper\dists\gradle-7.2-bin\2dnblmf4td7x66yl1d74lt32g\gradle-7.2\lib\gradle-launcher-7.2.jar
Launcher Type: SUN_STANDARD

[Global flags]
     intx CICompilerCount                          = 3                                         {product} {ergonomic}
     uint ConcGCThreads                            = 1                                         {product} {ergonomic}
     uint G1ConcRefinementThreads                  = 4                                         {product} {ergonomic}
   size_t G1HeapRegionSize                         = 1048576                                   {product} {ergonomic}
    uintx GCDrainStackTargetSize                   = 64                                        {product} {ergonomic}
   size_t InitialHeapSize                          = 201326592                                 {product} {ergonomic}
   size_t MarkStackSize                            = 4194304                                   {product} {ergonomic}
   size_t MaxHeapSize                              = 2147483648                                {product} {command line}
   size_t MaxNewSize                               = 1287651328                                {product} {ergonomic}
   size_t MinHeapDeltaBytes                        = 1048576                                   {product} {ergonomic}
    uintx NonNMethodCodeHeapSize                   = 5830732                                {pd product} {ergonomic}
    uintx NonProfiledCodeHeapSize                  = 122913754                              {pd product} {ergonomic}
    uintx ProfiledCodeHeapSize                     = 122913754                              {pd product} {ergonomic}
    uintx ReservedCodeCacheSize                    = 251658240                              {pd product} {ergonomic}
     bool SegmentedCodeCache                       = true                                      {product} {ergonomic}
     bool UseCompressedClassPointers               = true                                 {lp64_product} {ergonomic}
     bool UseCompressedOops                        = true                                 {lp64_product} {ergonomic}
     bool UseG1GC                                  = true                                      {product} {ergonomic}
     bool UseLargePagesIndividualAllocation        = false                                  {pd product} {ergonomic}

Logging:
Log output configuration:
 #0: stdout all=warning uptime,level,tags
 #1: stderr all=off uptime,level,tags

Environment Variables:
JAVA_HOME=C:\Program Files\Java\jdk-17.0.2
PATH=C:\Program Files\Common Files\Oracle\Java\javapath;C:\Program Files (x86)\Common Files\Oracle\Java\javapath;C:\Windows\system32;C:\Windows;C:\Windows\System32\Wbem;C:\Windows\System32\WindowsPowerShell\v1.0\;C:\Windows\System32\OpenSSH\;C:\Program Files\Java\jdk-17.0.2\bin;C:\Program Files\Git\cmd;C:\Users\jhonl\AppData\Local\Microsoft\WindowsApps;
USERNAME=jhonl
OS=Windows_NT
PROCESSOR_IDENTIFIER=Intel64 Family 6 Model 58 Stepping 9, GenuineIntel



---------------  S Y S T E M  ---------------

OS: Windows 10 , 64 bit Build 19041 (10.0.19041.1503)
OS uptime: 1 days 23:25 hours

CPU:total 4 (initial active 4) (2 cores per cpu, 2 threads per core) family 6 model 58 stepping 9 microcode 0x21, cmov, cx8, fxsr, mmx, sse, sse2, sse3, ssse3, sse4.1, sse4.2, popcnt, avx, aes, clmul, erms, ht, tsc, tscinvbit, tscinv

Memory: 4k page, system-wide physical 12171M (2684M free)
TotalPageFile size 24600M (AvailPageFile size 7M)
current process WorkingSet (physical memory assigned to process): 208M, peak: 208M
current process commit charge ("private bytes"): 358M, peak: 359M

vm_info: OpenJDK 64-Bit Server VM (11.0.11+9-b60-7590822) for windows-amd64 JRE (11.0.11+9-b60-7590822), built on Jul 29 2021 21:43:44 by "builder" with MS VC++ 14.0 (VS2015)

END.
