#
# There is insufficient memory for the Java Runtime Environment to continue.
# Native memory allocation (malloc) failed to allocate 950416 bytes for Chunk::new
# Possible reasons:
#   The system is out of physical RAM or swap space
#   The process is running with CompressedOops enabled, and the Java Heap may be blocking the growth of the native heap
# Possible solutions:
#   Reduce memory load on the system
#   Increase physical memory or swap space
#   Check if swap backing store is full
#   Decrease Java heap size (-Xmx/-Xms)
#   Decrease number of Java threads
#   Decrease Java thread stack sizes (-Xss)
#   Set larger code cache with -XX:ReservedCodeCacheSize=
#   JVM is running with Unscaled Compressed Oops mode in which the Java heap is
#     placed in the first 4GB address space. The Java Heap base address is the
#     maximum limit for the native heap growth. Please use -XX:HeapBaseMinAddress
#     to set the Java Heap base and to place the Java Heap above 4GB virtual address.
# This output file may be truncated or incomplete.
#
#  Out of Memory Error (./src/hotspot/share/memory/arena.cpp:197), pid=13268, tid=14252
#
# JRE version: OpenJDK Runtime Environment (11.0.11+9) (build 11.0.11+9-b60-7590822)
# Java VM: OpenJDK 64-Bit Server VM (11.0.11+9-b60-7590822, mixed mode, tiered, compressed oops, g1 gc, windows-amd64)
# No core dump will be written. Minidumps are not enabled by default on client versions of Windows
#

---------------  S U M M A R Y ------------

Command Line: --add-opens=java.base/java.util=ALL-UNNAMED --add-opens=java.base/java.lang=ALL-UNNAMED --add-opens=java.base/java.lang.invoke=ALL-UNNAMED --add-opens=java.base/java.util=ALL-UNNAMED --add-opens=java.prefs/java.util.prefs=ALL-UNNAMED --add-opens=java.prefs/java.util.prefs=ALL-UNNAMED --add-opens=java.base/java.nio.charset=ALL-UNNAMED --add-opens=java.base/java.net=ALL-UNNAMED --add-opens=java.base/java.util.concurrent.atomic=ALL-UNNAMED -Xmx2048m -Dfile.encoding=UTF-8 -Duser.country=BR -Duser.language=pt -Duser.variant org.gradle.launcher.daemon.bootstrap.GradleDaemon 7.2

Host: Intel(R) Core(TM) i5-3320M CPU @ 2.60GHz, 4 cores, 11G,  Windows 10 , 64 bit Build 19041 (10.0.19041.1503)
Time: Fri Mar 11 08:59:37 2022 Hora oficial do Brasil elapsed time: 27.721406 seconds (0d 0h 0m 27s)

---------------  T H R E A D  ---------------

Current thread (0x000001c74a60b800):  JavaThread "C2 CompilerThread0" daemon [_thread_in_native, id=14252, stack(0x00000054dd400000,0x00000054dd500000)]


Current CompileTask:
C2:  27721 5827       4       org.objectweb.asm.SymbolTable::addConstantMemberReference (147 bytes)

Stack: [0x00000054dd400000,0x00000054dd500000]
Native frames: (J=compiled Java code, j=interpreted, Vv=VM code, C=native code)
V  [jvm.dll+0x5f214a]
V  [jvm.dll+0x726fb5]
V  [jvm.dll+0x7285cd]
V  [jvm.dll+0x728c83]
V  [jvm.dll+0x243278]
V  [jvm.dll+0xbc53c]
V  [jvm.dll+0xbca3c]
V  [jvm.dll+0x2b5c34]
V  [jvm.dll+0x508488]
V  [jvm.dll+0x1fd826]
V  [jvm.dll+0x1fb35f]
V  [jvm.dll+0x183d6c]
V  [jvm.dll+0x209a57]
V  [jvm.dll+0x2082a1]
V  [jvm.dll+0x6ef58f]
V  [jvm.dll+0x6e80b5]
V  [jvm.dll+0x5f1036]
C  [ucrtbase.dll+0x21bb2]
C  [KERNEL32.DLL+0x17034]
C  [ntdll.dll+0x52651]


---------------  P R O C E S S  ---------------

Threads class SMR info:
_java_thread_list=0x000001c7510d5490, length=78, elements={
0x000001c73024d000, 0x000001c74ae11800, 0x000001c74ae17000, 0x000001c74a600800,
0x000001c74a602000, 0x000001c74a606800, 0x000001c74a60b800, 0x000001c74ae62800,
0x000001c74ae66800, 0x000001c74afc8800, 0x000001c74d775000, 0x000001c74c88c000,
0x000001c74d2ea800, 0x000001c74ea11800, 0x000001c74de53000, 0x000001c74e662800,
0x000001c74e663000, 0x000001c74d5c7800, 0x000001c74d52b000, 0x000001c74d675000,
0x000001c74d672800, 0x000001c74d674000, 0x000001c74d676000, 0x000001c74d670000,
0x000001c74d673800, 0x000001c74d676800, 0x000001c74d671000, 0x000001c74d672000,
0x000001c74b658800, 0x000001c74b65c800, 0x000001c74b659800, 0x000001c74b65e000,
0x000001c74b65f000, 0x000001c74b661800, 0x000001c74b662800, 0x000001c74b663000,
0x000001c74b65d800, 0x000001c74b665800, 0x000001c74b664800, 0x000001c74b664000,
0x000001c74b666800, 0x000001c74b667000, 0x000001c74c0b3800, 0x000001c74c0b6800,
0x000001c74c0b5000, 0x000001c74c0b4000, 0x000001c74c0b7800, 0x000001c74c0b6000,
0x000001c74c0b2000, 0x000001c74c0b8800, 0x000001c74c0b2800, 0x000001c74c0ba000,
0x000001c74c0bb000, 0x000001c74c0bd000, 0x000001c74c0be000, 0x000001c74c0bb800,
0x000001c74c0bf000, 0x000001c74c0b9000, 0x000001c74c0bf800, 0x000001c74c0bc800,
0x000001c74c0c0800, 0x000001c74b805800, 0x000001c74b803000, 0x000001c74b806800,
0x000001c74b802800, 0x000001c74b804000, 0x000001c74b801000, 0x000001c74b801800,
0x000001c74b809000, 0x000001c74b80a800, 0x000001c74b807800, 0x000001c74b809800,
0x000001c74b808000, 0x000001c74b805000, 0x000001c74b80c000, 0x000001c74b80b800,
0x000001c74b80e000, 0x000001c74b80d000
}

Java Threads: ( => current thread )
  0x000001c73024d000 JavaThread "main" [_thread_blocked, id=8068, stack(0x00000054dc800000,0x00000054dc900000)]
  0x000001c74ae11800 JavaThread "Reference Handler" daemon [_thread_blocked, id=14956, stack(0x00000054dcf00000,0x00000054dd000000)]
  0x000001c74ae17000 JavaThread "Finalizer" daemon [_thread_blocked, id=3356, stack(0x00000054dd000000,0x00000054dd100000)]
  0x000001c74a600800 JavaThread "Signal Dispatcher" daemon [_thread_blocked, id=1380, stack(0x00000054dd100000,0x00000054dd200000)]
  0x000001c74a602000 JavaThread "Attach Listener" daemon [_thread_blocked, id=2276, stack(0x00000054dd200000,0x00000054dd300000)]
  0x000001c74a606800 JavaThread "Service Thread" daemon [_thread_blocked, id=13516, stack(0x00000054dd300000,0x00000054dd400000)]
=>0x000001c74a60b800 JavaThread "C2 CompilerThread0" daemon [_thread_in_native, id=14252, stack(0x00000054dd400000,0x00000054dd500000)]
  0x000001c74ae62800 JavaThread "C1 CompilerThread0" daemon [_thread_blocked, id=13504, stack(0x00000054dd500000,0x00000054dd600000)]
  0x000001c74ae66800 JavaThread "Sweeper thread" daemon [_thread_blocked, id=13196, stack(0x00000054dd600000,0x00000054dd700000)]
  0x000001c74afc8800 JavaThread "Common-Cleaner" daemon [_thread_blocked, id=8080, stack(0x00000054dd700000,0x00000054dd800000)]
  0x000001c74d775000 JavaThread "Daemon health stats" [_thread_blocked, id=14740, stack(0x00000054ddd00000,0x00000054dde00000)]
  0x000001c74c88c000 JavaThread "Incoming local TCP Connector on port 59641" [_thread_in_native, id=9988, stack(0x00000054dd900000,0x00000054dda00000)]
  0x000001c74d2ea800 JavaThread "Daemon periodic checks" [_thread_blocked, id=12564, stack(0x00000054dde00000,0x00000054ddf00000)]
  0x000001c74ea11800 JavaThread "Daemon" [_thread_blocked, id=9652, stack(0x00000054ddf00000,0x00000054de000000)]
  0x000001c74de53000 JavaThread "Handler for socket connection from /127.0.0.1:59641 to /127.0.0.1:59642" [_thread_in_native, id=7140, stack(0x00000054de000000,0x00000054de100000)]
  0x000001c74e662800 JavaThread "Cancel handler" [_thread_blocked, id=10392, stack(0x00000054de100000,0x00000054de200000)]
  0x000001c74e663000 JavaThread "Daemon worker" [_thread_in_vm, id=6484, stack(0x00000054de200000,0x00000054de300000)]
  0x000001c74d5c7800 JavaThread "Asynchronous log dispatcher for DefaultDaemonConnection: socket connection from /127.0.0.1:59641 to /127.0.0.1:59642" [_thread_blocked, id=6136, stack(0x00000054de300000,0x00000054de400000)]
  0x000001c74d52b000 JavaThread "Stdin handler" [_thread_blocked, id=11160, stack(0x00000054de400000,0x00000054de500000)]
  0x000001c74d675000 JavaThread "Daemon client event forwarder" [_thread_blocked, id=14668, stack(0x00000054de500000,0x00000054de600000)]
  0x000001c74d672800 JavaThread "Cache worker for journal cache (C:\Users\jhonl\.gradle\caches\journal-1)" [_thread_blocked, id=13708, stack(0x00000054de600000,0x00000054de700000)]
  0x000001c74d674000 JavaThread "File lock request listener" [_thread_in_native, id=8108, stack(0x00000054de700000,0x00000054de800000)]
  0x000001c74d676000 JavaThread "Cache worker for file hash cache (C:\Users\jhonl\.gradle\caches\7.2\fileHashes)" [_thread_blocked, id=14064, stack(0x00000054de800000,0x00000054de900000)]
  0x000001c74d670000 JavaThread "Cache worker for file hash cache (C:\Users\jhonl\AndroidStudioProjects\Contador\.gradle\7.2\fileHashes)" [_thread_blocked, id=13620, stack(0x00000054de900000,0x00000054dea00000)]
  0x000001c74d673800 JavaThread "File watcher server" daemon [_thread_in_native, id=14440, stack(0x00000054deb00000,0x00000054dec00000)]
  0x000001c74d676800 JavaThread "File watcher consumer" daemon [_thread_blocked, id=7280, stack(0x00000054dec00000,0x00000054ded00000)]
  0x000001c74d671000 JavaThread "Cache worker for checksums cache (C:\Users\jhonl\AndroidStudioProjects\Contador\.gradle\checksums)" [_thread_blocked, id=7996, stack(0x00000054dea00000,0x00000054deb00000)]
  0x000001c74d672000 JavaThread "Cache worker for cache directory md-supplier (C:\Users\jhonl\.gradle\caches\7.2\md-supplier)" [_thread_blocked, id=7064, stack(0x00000054ded00000,0x00000054dee00000)]
  0x000001c74b658800 JavaThread "Cache worker for cache directory md-rule (C:\Users\jhonl\.gradle\caches\7.2\md-rule)" [_thread_blocked, id=10972, stack(0x00000054def00000,0x00000054df000000)]
  0x000001c74b65c800 JavaThread "Cache worker for execution history cache (C:\Users\jhonl\.gradle\caches\7.2\executionHistory)" [_thread_blocked, id=12508, stack(0x00000054df000000,0x00000054df100000)]
  0x000001c74b659800 JavaThread "jar transforms" [_thread_blocked, id=13304, stack(0x00000054df100000,0x00000054df200000)]
  0x000001c74b65e000 JavaThread "Cache worker for file content cache (C:\Users\jhonl\.gradle\caches\7.2\fileContent)" [_thread_blocked, id=10228, stack(0x00000054df200000,0x00000054df300000)]
  0x000001c74b65f000 JavaThread "jar transforms Thread 2" [_thread_blocked, id=1660, stack(0x00000054df300000,0x00000054df400000)]
  0x000001c74b661800 JavaThread "Cache worker for dependencies-accessors (C:\Users\jhonl\AndroidStudioProjects\Contador\.gradle\7.2\dependencies-accessors)" [_thread_blocked, id=15340, stack(0x00000054df400000,0x00000054df500000)]
  0x000001c74b662800 JavaThread "jar transforms Thread 3" [_thread_blocked, id=1200, stack(0x00000054df500000,0x00000054df600000)]
  0x000001c74b663000 JavaThread "Cache worker for Build Output Cleanup Cache (C:\Users\jhonl\AndroidStudioProjects\Contador\.gradle\buildOutputCleanup)" [_thread_blocked, id=2764, stack(0x00000054df600000,0x00000054df700000)]
  0x000001c74b65d800 JavaThread "Unconstrained build operations" [_thread_blocked, id=5040, stack(0x00000054df700000,0x00000054df800000)]
  0x000001c74b665800 JavaThread "Unconstrained build operations Thread 2" [_thread_blocked, id=13184, stack(0x00000054df800000,0x00000054df900000)]
  0x000001c74b664800 JavaThread "Unconstrained build operations Thread 3" [_thread_blocked, id=2388, stack(0x00000054df900000,0x00000054dfa00000)]
  0x000001c74b664000 JavaThread "Unconstrained build operations Thread 4" [_thread_blocked, id=7632, stack(0x00000054dfa00000,0x00000054dfb00000)]
  0x000001c74b666800 JavaThread "Unconstrained build operations Thread 5" [_thread_blocked, id=13244, stack(0x00000054dfb00000,0x00000054dfc00000)]
  0x000001c74b667000 JavaThread "Unconstrained build operations Thread 6" [_thread_blocked, id=9696, stack(0x00000054dfc00000,0x00000054dfd00000)]
  0x000001c74c0b3800 JavaThread "Unconstrained build operations Thread 7" [_thread_blocked, id=216, stack(0x00000054dfd00000,0x00000054dfe00000)]
  0x000001c74c0b6800 JavaThread "Unconstrained build operations Thread 8" [_thread_blocked, id=13612, stack(0x00000054dfe00000,0x00000054dff00000)]
  0x000001c74c0b5000 JavaThread "Unconstrained build operations Thread 9" [_thread_blocked, id=10484, stack(0x00000054dff00000,0x00000054e0000000)]
  0x000001c74c0b4000 JavaThread "Unconstrained build operations Thread 10" [_thread_blocked, id=14048, stack(0x00000054e0000000,0x00000054e0100000)]
  0x000001c74c0b7800 JavaThread "Unconstrained build operations Thread 11" [_thread_blocked, id=9948, stack(0x00000054e0100000,0x00000054e0200000)]
  0x000001c74c0b6000 JavaThread "Unconstrained build operations Thread 12" [_thread_blocked, id=4516, stack(0x00000054e0200000,0x00000054e0300000)]
  0x000001c74c0b2000 JavaThread "Unconstrained build operations Thread 13" [_thread_blocked, id=12728, stack(0x00000054e0300000,0x00000054e0400000)]
  0x000001c74c0b8800 JavaThread "Unconstrained build operations Thread 14" [_thread_blocked, id=10300, stack(0x00000054e0400000,0x00000054e0500000)]
  0x000001c74c0b2800 JavaThread "Unconstrained build operations Thread 15" [_thread_blocked, id=5624, stack(0x00000054e0500000,0x00000054e0600000)]
  0x000001c74c0ba000 JavaThread "Unconstrained build operations Thread 16" [_thread_blocked, id=13012, stack(0x00000054e0600000,0x00000054e0700000)]
  0x000001c74c0bb000 JavaThread "Unconstrained build operations Thread 17" [_thread_blocked, id=13972, stack(0x00000054e0700000,0x00000054e0800000)]
  0x000001c74c0bd000 JavaThread "Unconstrained build operations Thread 18" [_thread_blocked, id=13404, stack(0x00000054e0800000,0x00000054e0900000)]
  0x000001c74c0be000 JavaThread "Unconstrained build operations Thread 19" [_thread_blocked, id=532, stack(0x00000054e0900000,0x00000054e0a00000)]
  0x000001c74c0bb800 JavaThread "Unconstrained build operations Thread 20" [_thread_blocked, id=9124, stack(0x00000054e0a00000,0x00000054e0b00000)]
  0x000001c74c0bf000 JavaThread "Unconstrained build operations Thread 21" [_thread_blocked, id=8500, stack(0x00000054e0b00000,0x00000054e0c00000)]
  0x000001c74c0b9000 JavaThread "Unconstrained build operations Thread 22" [_thread_blocked, id=12772, stack(0x00000054e0c00000,0x00000054e0d00000)]
  0x000001c74c0bf800 JavaThread "Unconstrained build operations Thread 23" [_thread_blocked, id=14748, stack(0x00000054e0d00000,0x00000054e0e00000)]
  0x000001c74c0bc800 JavaThread "Unconstrained build operations Thread 24" [_thread_blocked, id=6628, stack(0x00000054e0e00000,0x00000054e0f00000)]
  0x000001c74c0c0800 JavaThread "Unconstrained build operations Thread 25" [_thread_blocked, id=14356, stack(0x00000054e0f00000,0x00000054e1000000)]
  0x000001c74b805800 JavaThread "Unconstrained build operations Thread 26" [_thread_blocked, id=12340, stack(0x00000054e1000000,0x00000054e1100000)]
  0x000001c74b803000 JavaThread "Unconstrained build operations Thread 27" [_thread_blocked, id=2980, stack(0x00000054e1100000,0x00000054e1200000)]
  0x000001c74b806800 JavaThread "Unconstrained build operations Thread 28" [_thread_blocked, id=4572, stack(0x00000054e1200000,0x00000054e1300000)]
  0x000001c74b802800 JavaThread "Unconstrained build operations Thread 29" [_thread_blocked, id=6552, stack(0x00000054e1300000,0x00000054e1400000)]
  0x000001c74b804000 JavaThread "Unconstrained build operations Thread 30" [_thread_blocked, id=15108, stack(0x00000054e1400000,0x00000054e1500000)]
  0x000001c74b801000 JavaThread "Unconstrained build operations Thread 31" [_thread_blocked, id=4960, stack(0x00000054e1500000,0x00000054e1600000)]
  0x000001c74b801800 JavaThread "Unconstrained build operations Thread 32" [_thread_blocked, id=15136, stack(0x00000054e1600000,0x00000054e1700000)]
  0x000001c74b809000 JavaThread "Unconstrained build operations Thread 33" [_thread_blocked, id=10564, stack(0x00000054e1700000,0x00000054e1800000)]
  0x000001c74b80a800 JavaThread "Unconstrained build operations Thread 34" [_thread_blocked, id=9316, stack(0x00000054e1800000,0x00000054e1900000)]
  0x000001c74b807800 JavaThread "Unconstrained build operations Thread 35" [_thread_blocked, id=11260, stack(0x00000054e1900000,0x00000054e1a00000)]
  0x000001c74b809800 JavaThread "Unconstrained build operations Thread 36" [_thread_blocked, id=8908, stack(0x00000054e1a00000,0x00000054e1b00000)]
  0x000001c74b808000 JavaThread "Unconstrained build operations Thread 37" [_thread_blocked, id=13732, stack(0x00000054e1b00000,0x00000054e1c00000)]
  0x000001c74b805000 JavaThread "Unconstrained build operations Thread 38" [_thread_blocked, id=12828, stack(0x00000054e1c00000,0x00000054e1d00000)]
  0x000001c74b80c000 JavaThread "Unconstrained build operations Thread 39" [_thread_blocked, id=13252, stack(0x00000054e1d00000,0x00000054e1e00000)]
  0x000001c74b80b800 JavaThread "Unconstrained build operations Thread 40" [_thread_blocked, id=12788, stack(0x00000054e1e00000,0x00000054e1f00000)]
  0x000001c74b80e000 JavaThread "jar transforms Thread 4" [_thread_blocked, id=7148, stack(0x00000054e1f00000,0x00000054e2000000)]
  0x000001c74b80d000 JavaThread "C2 CompilerThread1" daemon [_thread_in_native, id=14224, stack(0x00000054dee00000,0x00000054def00000)]

Other Threads:
  0x000001c74a5ed000 VMThread "VM Thread" [stack: 0x00000054dce00000,0x00000054dcf00000] [id=11920]
  0x000001c74afdf000 WatcherThread [stack: 0x00000054dd800000,0x00000054dd900000] [id=15352]
  0x000001c730265800 GCTaskThread "GC Thread#0" [stack: 0x00000054dc900000,0x00000054dca00000] [id=14640]
  0x000001c74b09c000 GCTaskThread "GC Thread#1" [stack: 0x00000054dda00000,0x00000054ddb00000] [id=4904]
  0x000001c74b434800 GCTaskThread "GC Thread#2" [stack: 0x00000054ddb00000,0x00000054ddc00000] [id=4948]
  0x000001c74b980000 GCTaskThread "GC Thread#3" [stack: 0x00000054ddc00000,0x00000054ddd00000] [id=10120]
  0x000001c730297800 ConcurrentGCThread "G1 Main Marker" [stack: 0x00000054dca00000,0x00000054dcb00000] [id=5116]
  0x000001c730298800 ConcurrentGCThread "G1 Conc#0" [stack: 0x00000054dcb00000,0x00000054dcc00000] [id=1684]
  0x000001c73032e000 ConcurrentGCThread "G1 Refine#0" [stack: 0x00000054dcc00000,0x00000054dcd00000] [id=6816]
  0x000001c74a440800 ConcurrentGCThread "G1 Young RemSet Sampling" [stack: 0x00000054dcd00000,0x00000054dce00000] [id=7396]

Threads with active compile tasks:
C2 CompilerThread0  27806 5827       4       org.objectweb.asm.SymbolTable::addConstantMemberReference (147 bytes)
C2 CompilerThread1  27806 5845       4       org.objectweb.asm.SymbolTable::addConstantUtf8Reference (101 bytes)

VM state:not at safepoint (normal execution)

VM Mutex/Monitor currently owned by a thread: None

Heap address: 0x0000000080000000, size: 2048 MB, Compressed Oops mode: 32-bit
Narrow klass base: 0x0000000000000000, Narrow klass shift: 3
Compressed class space size: 1073741824 Address: 0x0000000100000000

Heap:
 garbage-first heap   total 196608K, used 105893K [0x0000000080000000, 0x0000000100000000)
  region size 1024K, 74 young (75776K), 13 survivors (13312K)
 Metaspace       used 54745K, capacity 55998K, committed 56316K, reserved 1097728K
  class space    used 6956K, capacity 7427K, committed 7552K, reserved 1048576K
Heap Regions: E=young(eden), S=young(survivor), O=old, HS=humongous(starts), HC=humongous(continues), CS=collection set, F=free, A=archive, TAMS=top-at-mark-start (previous, next)
|   0|0x0000000080000000, 0x0000000080100000, 0x0000000080100000|100%| O|  |TAMS 0x0000000080100000, 0x0000000080000000| Untracked 
|   1|0x0000000080100000, 0x0000000080200000, 0x0000000080200000|100%| O|  |TAMS 0x0000000080200000, 0x0000000080100000| Untracked 
|   2|0x0000000080200000, 0x0000000080300000, 0x0000000080300000|100%| O|  |TAMS 0x0000000080300000, 0x0000000080200000| Untracked 
|   3|0x0000000080300000, 0x0000000080400000, 0x0000000080400000|100%|HS|  |TAMS 0x0000000080400000, 0x0000000080300000| Complete 
|   4|0x0000000080400000, 0x0000000080500000, 0x0000000080500000|100%|HC|  |TAMS 0x0000000080500000, 0x0000000080400000| Complete 
|   5|0x0000000080500000, 0x0000000080600000, 0x0000000080600000|100%|HC|  |TAMS 0x0000000080600000, 0x0000000080500000| Complete 
|   6|0x0000000080600000, 0x0000000080700000, 0x0000000080700000|100%| O|  |TAMS 0x0000000080700000, 0x0000000080600000| Untracked 
|   7|0x0000000080700000, 0x0000000080800000, 0x0000000080800000|100%| O|  |TAMS 0x0000000080800000, 0x0000000080700000| Untracked 
|   8|0x0000000080800000, 0x0000000080900000, 0x0000000080900000|100%| O|  |TAMS 0x0000000080900000, 0x0000000080800000| Untracked 
|   9|0x0000000080900000, 0x0000000080a00000, 0x0000000080a00000|100%| O|  |TAMS 0x0000000080a00000, 0x0000000080900000| Untracked 
|  10|0x0000000080a00000, 0x0000000080b00000, 0x0000000080b00000|100%| O|  |TAMS 0x0000000080b00000, 0x0000000080a00000| Untracked 
|  11|0x0000000080b00000, 0x0000000080c00000, 0x0000000080c00000|100%| O|  |TAMS 0x0000000080c00000, 0x0000000080b00000| Untracked 
|  12|0x0000000080c00000, 0x0000000080d00000, 0x0000000080d00000|100%| O|  |TAMS 0x0000000080d00000, 0x0000000080c00000| Untracked 
|  13|0x0000000080d00000, 0x0000000080e00000, 0x0000000080e00000|100%| O|  |TAMS 0x0000000080e00000, 0x0000000080d00000| Untracked 
|  14|0x0000000080e00000, 0x0000000080f00000, 0x0000000080f00000|100%| O|  |TAMS 0x0000000080f00000, 0x0000000080e00000| Untracked 
|  15|0x0000000080f00000, 0x0000000081000000, 0x0000000081000000|100%| O|  |TAMS 0x0000000080f99600, 0x0000000080f00000| Untracked 
|  16|0x0000000081000000, 0x0000000081000000, 0x0000000081100000|  0%| F|  |TAMS 0x0000000081000000, 0x0000000081000000| Untracked 
|  17|0x0000000081100000, 0x0000000081200000, 0x0000000081200000|100%|HS|  |TAMS 0x0000000081100000, 0x0000000081100000| Complete 
|  18|0x0000000081200000, 0x0000000081300000, 0x0000000081300000|100%|HS|  |TAMS 0x0000000081200000, 0x0000000081200000| Complete 
|  19|0x0000000081300000, 0x0000000081400000, 0x0000000081400000|100%| O|  |TAMS 0x0000000081300000, 0x0000000081300000| Untracked 
|  20|0x0000000081400000, 0x0000000081500000, 0x0000000081500000|100%|HS|  |TAMS 0x0000000081400000, 0x0000000081400000| Complete 
|  21|0x0000000081500000, 0x0000000081600000, 0x0000000081600000|100%|HS|  |TAMS 0x0000000081500000, 0x0000000081500000| Complete 
|  22|0x0000000081600000, 0x0000000081700000, 0x0000000081700000|100%| O|  |TAMS 0x0000000081600000, 0x0000000081600000| Untracked 
|  23|0x0000000081700000, 0x0000000081800000, 0x0000000081800000|100%| O|  |TAMS 0x0000000081700000, 0x0000000081700000| Untracked 
|  24|0x0000000081800000, 0x0000000081900000, 0x0000000081900000|100%| O|  |TAMS 0x0000000081800000, 0x0000000081800000| Untracked 
|  25|0x0000000081900000, 0x0000000081a00000, 0x0000000081a00000|100%| O|  |TAMS 0x0000000081900000, 0x0000000081900000| Untracked 
|  26|0x0000000081a00000, 0x0000000081a85200, 0x0000000081b00000| 52%| O|  |TAMS 0x0000000081a00000, 0x0000000081a00000| Untracked 
|  27|0x0000000081b00000, 0x0000000081c00000, 0x0000000081c00000|100%|HS|  |TAMS 0x0000000081b00000, 0x0000000081b00000| Complete 
|  28|0x0000000081c00000, 0x0000000081d00000, 0x0000000081d00000|100%|HC|  |TAMS 0x0000000081c00000, 0x0000000081c00000| Complete 
|  29|0x0000000081d00000, 0x0000000081e00000, 0x0000000081e00000|100%|HC|  |TAMS 0x0000000081d00000, 0x0000000081d00000| Complete 
|  30|0x0000000081e00000, 0x0000000081f00000, 0x0000000081f00000|100%|HS|  |TAMS 0x0000000081e00000, 0x0000000081e00000| Complete 
|  31|0x0000000081f00000, 0x0000000082000000, 0x0000000082000000|100%|HC|  |TAMS 0x0000000081f00000, 0x0000000081f00000| Complete 
|  32|0x0000000082000000, 0x0000000082000000, 0x0000000082100000|  0%| F|  |TAMS 0x0000000082000000, 0x0000000082000000| Untracked 
|  33|0x0000000082100000, 0x0000000082100000, 0x0000000082200000|  0%| F|  |TAMS 0x0000000082100000, 0x0000000082100000| Untracked 
|  34|0x0000000082200000, 0x0000000082200000, 0x0000000082300000|  0%| F|  |TAMS 0x0000000082200000, 0x0000000082200000| Untracked 
|  35|0x0000000082300000, 0x0000000082300000, 0x0000000082400000|  0%| F|  |TAMS 0x0000000082300000, 0x0000000082300000| Untracked 
|  36|0x0000000082400000, 0x0000000082400000, 0x0000000082500000|  0%| F|  |TAMS 0x0000000082400000, 0x0000000082400000| Untracked 
|  37|0x0000000082500000, 0x0000000082500000, 0x0000000082600000|  0%| F|  |TAMS 0x0000000082500000, 0x0000000082500000| Untracked 
|  38|0x0000000082600000, 0x0000000082600000, 0x0000000082700000|  0%| F|  |TAMS 0x0000000082600000, 0x0000000082600000| Untracked 
|  39|0x0000000082700000, 0x0000000082700000, 0x0000000082800000|  0%| F|  |TAMS 0x0000000082700000, 0x0000000082700000| Untracked 
|  40|0x0000000082800000, 0x0000000082800000, 0x0000000082900000|  0%| F|  |TAMS 0x0000000082800000, 0x0000000082800000| Untracked 
|  41|0x0000000082900000, 0x0000000082900000, 0x0000000082a00000|  0%| F|  |TAMS 0x0000000082900000, 0x0000000082900000| Untracked 
|  42|0x0000000082a00000, 0x0000000082a00000, 0x0000000082b00000|  0%| F|  |TAMS 0x0000000082a00000, 0x0000000082a00000| Untracked 
|  43|0x0000000082b00000, 0x0000000082b00000, 0x0000000082c00000|  0%| F|  |TAMS 0x0000000082b00000, 0x0000000082b00000| Untracked 
|  44|0x0000000082c00000, 0x0000000082c00000, 0x0000000082d00000|  0%| F|  |TAMS 0x0000000082c00000, 0x0000000082c00000| Untracked 
|  45|0x0000000082d00000, 0x0000000082d00000, 0x0000000082e00000|  0%| F|  |TAMS 0x0000000082d00000, 0x0000000082d00000| Untracked 
|  46|0x0000000082e00000, 0x0000000082e00000, 0x0000000082f00000|  0%| F|  |TAMS 0x0000000082e00000, 0x0000000082e00000| Untracked 
|  47|0x0000000082f00000, 0x0000000082f00000, 0x0000000083000000|  0%| F|  |TAMS 0x0000000082f00000, 0x0000000082f00000| Untracked 
|  48|0x0000000083000000, 0x0000000083000000, 0x0000000083100000|  0%| F|  |TAMS 0x0000000083000000, 0x0000000083000000| Untracked 
|  49|0x0000000083100000, 0x0000000083100000, 0x0000000083200000|  0%| F|  |TAMS 0x0000000083100000, 0x0000000083100000| Untracked 
|  50|0x0000000083200000, 0x0000000083200000, 0x0000000083300000|  0%| F|  |TAMS 0x0000000083200000, 0x0000000083200000| Untracked 
|  51|0x0000000083300000, 0x0000000083300000, 0x0000000083400000|  0%| F|  |TAMS 0x0000000083300000, 0x0000000083300000| Untracked 
|  52|0x0000000083400000, 0x0000000083400000, 0x0000000083500000|  0%| F|  |TAMS 0x0000000083400000, 0x0000000083400000| Untracked 
|  53|0x0000000083500000, 0x0000000083500000, 0x0000000083600000|  0%| F|  |TAMS 0x0000000083500000, 0x0000000083500000| Untracked 
|  54|0x0000000083600000, 0x0000000083600000, 0x0000000083700000|  0%| F|  |TAMS 0x0000000083600000, 0x0000000083600000| Untracked 
|  55|0x0000000083700000, 0x0000000083700000, 0x0000000083800000|  0%| F|  |TAMS 0x0000000083700000, 0x0000000083700000| Untracked 
|  56|0x0000000083800000, 0x0000000083800000, 0x0000000083900000|  0%| F|  |TAMS 0x0000000083800000, 0x0000000083800000| Untracked 
|  57|0x0000000083900000, 0x0000000083900000, 0x0000000083a00000|  0%| F|  |TAMS 0x0000000083900000, 0x0000000083900000| Untracked 
|  58|0x0000000083a00000, 0x0000000083a00000, 0x0000000083b00000|  0%| F|  |TAMS 0x0000000083a00000, 0x0000000083a00000| Untracked 
|  59|0x0000000083b00000, 0x0000000083b00000, 0x0000000083c00000|  0%| F|  |TAMS 0x0000000083b00000, 0x0000000083b00000| Untracked 
|  60|0x0000000083c00000, 0x0000000083c00000, 0x0000000083d00000|  0%| F|  |TAMS 0x0000000083c00000, 0x0000000083c00000| Untracked 
|  61|0x0000000083d00000, 0x0000000083d00000, 0x0000000083e00000|  0%| F|  |TAMS 0x0000000083d00000, 0x0000000083d00000| Untracked 
|  62|0x0000000083e00000, 0x0000000083e00000, 0x0000000083f00000|  0%| F|  |TAMS 0x0000000083e00000, 0x0000000083e00000| Untracked 
|  63|0x0000000083f00000, 0x0000000083f00000, 0x0000000084000000|  0%| F|  |TAMS 0x0000000083f00000, 0x0000000083f00000| Untracked 
|  64|0x0000000084000000, 0x0000000084000000, 0x0000000084100000|  0%| F|  |TAMS 0x0000000084000000, 0x0000000084000000| Untracked 
|  65|0x0000000084100000, 0x0000000084100000, 0x0000000084200000|  0%| F|  |TAMS 0x0000000084100000, 0x0000000084100000| Untracked 
|  66|0x0000000084200000, 0x0000000084200000, 0x0000000084300000|  0%| F|  |TAMS 0x0000000084200000, 0x0000000084200000| Untracked 
|  67|0x0000000084300000, 0x00000000843e44b0, 0x0000000084400000| 89%| S|CS|TAMS 0x0000000084300000, 0x0000000084300000| Complete 
|  68|0x0000000084400000, 0x0000000084500000, 0x0000000084500000|100%| S|CS|TAMS 0x0000000084400000, 0x0000000084400000| Complete 
|  69|0x0000000084500000, 0x0000000084600000, 0x0000000084600000|100%| S|CS|TAMS 0x0000000084500000, 0x0000000084500000| Complete 
|  70|0x0000000084600000, 0x0000000084700000, 0x0000000084700000|100%| S|CS|TAMS 0x0000000084600000, 0x0000000084600000| Complete 
|  71|0x0000000084700000, 0x0000000084800000, 0x0000000084800000|100%| S|CS|TAMS 0x0000000084700000, 0x0000000084700000| Complete 
|  72|0x0000000084800000, 0x0000000084900000, 0x0000000084900000|100%| S|CS|TAMS 0x0000000084800000, 0x0000000084800000| Complete 
|  73|0x0000000084900000, 0x0000000084a00000, 0x0000000084a00000|100%| S|CS|TAMS 0x0000000084900000, 0x0000000084900000| Complete 
|  74|0x0000000084a00000, 0x0000000084b00000, 0x0000000084b00000|100%| S|CS|TAMS 0x0000000084a00000, 0x0000000084a00000| Complete 
|  75|0x0000000084b00000, 0x0000000084c00000, 0x0000000084c00000|100%| S|CS|TAMS 0x0000000084b00000, 0x0000000084b00000| Complete 
|  76|0x0000000084c00000, 0x0000000084d00000, 0x0000000084d00000|100%| S|CS|TAMS 0x0000000084c00000, 0x0000000084c00000| Complete 
|  77|0x0000000084d00000, 0x0000000084e00000, 0x0000000084e00000|100%| S|CS|TAMS 0x0000000084d00000, 0x0000000084d00000| Complete 
|  78|0x0000000084e00000, 0x0000000084f00000, 0x0000000084f00000|100%| S|CS|TAMS 0x0000000084e00000, 0x0000000084e00000| Complete 
|  79|0x0000000084f00000, 0x0000000085000000, 0x0000000085000000|100%| S|CS|TAMS 0x0000000084f00000, 0x0000000084f00000| Complete 
|  80|0x0000000085000000, 0x0000000085000000, 0x0000000085100000|  0%| F|  |TAMS 0x0000000085000000, 0x0000000085000000| Untracked 
|  81|0x0000000085100000, 0x0000000085100000, 0x0000000085200000|  0%| F|  |TAMS 0x0000000085100000, 0x0000000085100000| Untracked 
|  82|0x0000000085200000, 0x0000000085200000, 0x0000000085300000|  0%| F|  |TAMS 0x0000000085200000, 0x0000000085200000| Untracked 
|  83|0x0000000085300000, 0x0000000085300000, 0x0000000085400000|  0%| F|  |TAMS 0x0000000085300000, 0x0000000085300000| Untracked 
|  84|0x0000000085400000, 0x0000000085400000, 0x0000000085500000|  0%| F|  |TAMS 0x0000000085400000, 0x0000000085400000| Untracked 
|  85|0x0000000085500000, 0x0000000085500000, 0x0000000085600000|  0%| F|  |TAMS 0x0000000085500000, 0x0000000085500000| Untracked 
|  86|0x0000000085600000, 0x0000000085600000, 0x0000000085700000|  0%| F|  |TAMS 0x0000000085600000, 0x0000000085600000| Untracked 
|  87|0x0000000085700000, 0x0000000085700000, 0x0000000085800000|  0%| F|  |TAMS 0x0000000085700000, 0x0000000085700000| Untracked 
|  88|0x0000000085800000, 0x0000000085800000, 0x0000000085900000|  0%| F|  |TAMS 0x0000000085800000, 0x0000000085800000| Untracked 
|  89|0x0000000085900000, 0x0000000085900000, 0x0000000085a00000|  0%| F|  |TAMS 0x0000000085900000, 0x0000000085900000| Untracked 
|  90|0x0000000085a00000, 0x0000000085a00000, 0x0000000085b00000|  0%| F|  |TAMS 0x0000000085a00000, 0x0000000085a00000| Untracked 
|  91|0x0000000085b00000, 0x0000000085b00000, 0x0000000085c00000|  0%| F|  |TAMS 0x0000000085b00000, 0x0000000085b00000| Untracked 
|  92|0x0000000085c00000, 0x0000000085c00000, 0x0000000085d00000|  0%| F|  |TAMS 0x0000000085c00000, 0x0000000085c00000| Untracked 
|  93|0x0000000085d00000, 0x0000000085d00000, 0x0000000085e00000|  0%| F|  |TAMS 0x0000000085d00000, 0x0000000085d00000| Untracked 
|  94|0x0000000085e00000, 0x0000000085e00000, 0x0000000085f00000|  0%| F|  |TAMS 0x0000000085e00000, 0x0000000085e00000| Untracked 
|  95|0x0000000085f00000, 0x0000000085f00000, 0x0000000086000000|  0%| F|  |TAMS 0x0000000085f00000, 0x0000000085f00000| Untracked 
|  96|0x0000000086000000, 0x0000000086000000, 0x0000000086100000|  0%| F|  |TAMS 0x0000000086000000, 0x0000000086000000| Untracked 
|  97|0x0000000086100000, 0x0000000086100000, 0x0000000086200000|  0%| F|  |TAMS 0x0000000086100000, 0x0000000086100000| Untracked 
|  98|0x0000000086200000, 0x0000000086200000, 0x0000000086300000|  0%| F|  |TAMS 0x0000000086200000, 0x0000000086200000| Untracked 
|  99|0x0000000086300000, 0x0000000086300000, 0x0000000086400000|  0%| F|  |TAMS 0x0000000086300000, 0x0000000086300000| Untracked 
| 100|0x0000000086400000, 0x0000000086400000, 0x0000000086500000|  0%| F|  |TAMS 0x0000000086400000, 0x0000000086400000| Untracked 
| 101|0x0000000086500000, 0x0000000086500000, 0x0000000086600000|  0%| F|  |TAMS 0x0000000086500000, 0x0000000086500000| Untracked 
| 102|0x0000000086600000, 0x0000000086600000, 0x0000000086700000|  0%| F|  |TAMS 0x0000000086600000, 0x0000000086600000| Untracked 
| 103|0x0000000086700000, 0x0000000086700000, 0x0000000086800000|  0%| F|  |TAMS 0x0000000086700000, 0x0000000086700000| Untracked 
| 104|0x0000000086800000, 0x0000000086800000, 0x0000000086900000|  0%| F|  |TAMS 0x0000000086800000, 0x0000000086800000| Untracked 
| 105|0x0000000086900000, 0x0000000086900000, 0x0000000086a00000|  0%| F|  |TAMS 0x0000000086900000, 0x0000000086900000| Untracked 
| 106|0x0000000086a00000, 0x0000000086a00000, 0x0000000086b00000|  0%| F|  |TAMS 0x0000000086a00000, 0x0000000086a00000| Untracked 
| 107|0x0000000086b00000, 0x0000000086b00000, 0x0000000086c00000|  0%| F|  |TAMS 0x0000000086b00000, 0x0000000086b00000| Untracked 
| 108|0x0000000086c00000, 0x0000000086c00000, 0x0000000086d00000|  0%| F|  |TAMS 0x0000000086c00000, 0x0000000086c00000| Untracked 
| 109|0x0000000086d00000, 0x0000000086d00000, 0x0000000086e00000|  0%| F|  |TAMS 0x0000000086d00000, 0x0000000086d00000| Untracked 
| 110|0x0000000086e00000, 0x0000000086e00000, 0x0000000086f00000|  0%| F|  |TAMS 0x0000000086e00000, 0x0000000086e00000| Untracked 
| 111|0x0000000086f00000, 0x0000000086f00000, 0x0000000087000000|  0%| F|  |TAMS 0x0000000086f00000, 0x0000000086f00000| Untracked 
| 112|0x0000000087000000, 0x0000000087000000, 0x0000000087100000|  0%| F|  |TAMS 0x0000000087000000, 0x0000000087000000| Untracked 
| 113|0x0000000087100000, 0x0000000087100000, 0x0000000087200000|  0%| F|  |TAMS 0x0000000087100000, 0x0000000087100000| Untracked 
| 114|0x0000000087200000, 0x0000000087200000, 0x0000000087300000|  0%| F|  |TAMS 0x0000000087200000, 0x0000000087200000| Untracked 
| 115|0x0000000087300000, 0x0000000087300000, 0x0000000087400000|  0%| F|  |TAMS 0x0000000087300000, 0x0000000087300000| Untracked 
| 116|0x0000000087400000, 0x0000000087400000, 0x0000000087500000|  0%| F|  |TAMS 0x0000000087400000, 0x0000000087400000| Untracked 
| 117|0x0000000087500000, 0x0000000087500000, 0x0000000087600000|  0%| F|  |TAMS 0x0000000087500000, 0x0000000087500000| Untracked 
| 118|0x0000000087600000, 0x0000000087600000, 0x0000000087700000|  0%| F|  |TAMS 0x0000000087600000, 0x0000000087600000| Untracked 
| 119|0x0000000087700000, 0x0000000087700000, 0x0000000087800000|  0%| F|  |TAMS 0x0000000087700000, 0x0000000087700000| Untracked 
| 120|0x0000000087800000, 0x0000000087800000, 0x0000000087900000|  0%| F|  |TAMS 0x0000000087800000, 0x0000000087800000| Untracked 
| 121|0x0000000087900000, 0x0000000087900000, 0x0000000087a00000|  0%| F|  |TAMS 0x0000000087900000, 0x0000000087900000| Untracked 
| 122|0x0000000087a00000, 0x0000000087a00000, 0x0000000087b00000|  0%| F|  |TAMS 0x0000000087a00000, 0x0000000087a00000| Untracked 
| 123|0x0000000087b00000, 0x0000000087b00000, 0x0000000087c00000|  0%| F|  |TAMS 0x0000000087b00000, 0x0000000087b00000| Untracked 
| 124|0x0000000087c00000, 0x0000000087c00000, 0x0000000087d00000|  0%| F|  |TAMS 0x0000000087c00000, 0x0000000087c00000| Untracked 
| 125|0x0000000087d00000, 0x0000000087d00000, 0x0000000087e00000|  0%| F|  |TAMS 0x0000000087d00000, 0x0000000087d00000| Untracked 
| 126|0x0000000087e00000, 0x0000000087e00000, 0x0000000087f00000|  0%| F|  |TAMS 0x0000000087e00000, 0x0000000087e00000| Untracked 
| 127|0x0000000087f00000, 0x0000000087f00000, 0x0000000088000000|  0%| F|  |TAMS 0x0000000087f00000, 0x0000000087f00000| Untracked 
| 128|0x0000000088000000, 0x0000000088000000, 0x0000000088100000|  0%| F|  |TAMS 0x0000000088000000, 0x0000000088000000| Untracked 
| 129|0x0000000088100000, 0x0000000088100000, 0x0000000088200000|  0%| F|  |TAMS 0x0000000088100000, 0x0000000088100000| Untracked 
| 130|0x0000000088200000, 0x0000000088280800, 0x0000000088300000| 50%| E|  |TAMS 0x0000000088200000, 0x0000000088200000| Complete 
| 131|0x0000000088300000, 0x0000000088400000, 0x0000000088400000|100%| E|CS|TAMS 0x0000000088300000, 0x0000000088300000| Complete 
| 132|0x0000000088400000, 0x0000000088500000, 0x0000000088500000|100%| E|CS|TAMS 0x0000000088400000, 0x0000000088400000| Complete 
| 133|0x0000000088500000, 0x0000000088600000, 0x0000000088600000|100%| E|CS|TAMS 0x0000000088500000, 0x0000000088500000| Complete 
| 134|0x0000000088600000, 0x0000000088700000, 0x0000000088700000|100%| E|CS|TAMS 0x0000000088600000, 0x0000000088600000| Complete 
| 135|0x0000000088700000, 0x0000000088800000, 0x0000000088800000|100%| E|CS|TAMS 0x0000000088700000, 0x0000000088700000| Complete 
| 136|0x0000000088800000, 0x0000000088900000, 0x0000000088900000|100%| E|CS|TAMS 0x0000000088800000, 0x0000000088800000| Complete 
| 137|0x0000000088900000, 0x0000000088a00000, 0x0000000088a00000|100%| E|CS|TAMS 0x0000000088900000, 0x0000000088900000| Complete 
| 138|0x0000000088a00000, 0x0000000088b00000, 0x0000000088b00000|100%| E|CS|TAMS 0x0000000088a00000, 0x0000000088a00000| Complete 
| 139|0x0000000088b00000, 0x0000000088c00000, 0x0000000088c00000|100%| E|CS|TAMS 0x0000000088b00000, 0x0000000088b00000| Complete 
| 140|0x0000000088c00000, 0x0000000088d00000, 0x0000000088d00000|100%| E|CS|TAMS 0x0000000088c00000, 0x0000000088c00000| Complete 
| 141|0x0000000088d00000, 0x0000000088e00000, 0x0000000088e00000|100%| E|CS|TAMS 0x0000000088d00000, 0x0000000088d00000| Complete 
| 142|0x0000000088e00000, 0x0000000088f00000, 0x0000000088f00000|100%| E|CS|TAMS 0x0000000088e00000, 0x0000000088e00000| Complete 
| 143|0x0000000088f00000, 0x0000000089000000, 0x0000000089000000|100%| E|CS|TAMS 0x0000000088f00000, 0x0000000088f00000| Complete 
| 144|0x0000000089000000, 0x0000000089100000, 0x0000000089100000|100%| E|CS|TAMS 0x0000000089000000, 0x0000000089000000| Complete 
| 145|0x0000000089100000, 0x0000000089200000, 0x0000000089200000|100%| E|CS|TAMS 0x0000000089100000, 0x0000000089100000| Complete 
| 146|0x0000000089200000, 0x0000000089300000, 0x0000000089300000|100%| E|CS|TAMS 0x0000000089200000, 0x0000000089200000| Complete 
| 147|0x0000000089300000, 0x0000000089400000, 0x0000000089400000|100%| E|CS|TAMS 0x0000000089300000, 0x0000000089300000| Complete 
| 148|0x0000000089400000, 0x0000000089500000, 0x0000000089500000|100%| E|CS|TAMS 0x0000000089400000, 0x0000000089400000| Complete 
| 149|0x0000000089500000, 0x0000000089600000, 0x0000000089600000|100%| E|CS|TAMS 0x0000000089500000, 0x0000000089500000| Complete 
| 150|0x0000000089600000, 0x0000000089700000, 0x0000000089700000|100%| E|CS|TAMS 0x0000000089600000, 0x0000000089600000| Complete 
| 151|0x0000000089700000, 0x0000000089800000, 0x0000000089800000|100%| E|CS|TAMS 0x0000000089700000, 0x0000000089700000| Complete 
| 152|0x0000000089800000, 0x0000000089900000, 0x0000000089900000|100%| E|CS|TAMS 0x0000000089800000, 0x0000000089800000| Complete 
| 153|0x0000000089900000, 0x0000000089a00000, 0x0000000089a00000|100%| E|CS|TAMS 0x0000000089900000, 0x0000000089900000| Complete 
| 154|0x0000000089a00000, 0x0000000089b00000, 0x0000000089b00000|100%| E|CS|TAMS 0x0000000089a00000, 0x0000000089a00000| Complete 
| 155|0x0000000089b00000, 0x0000000089c00000, 0x0000000089c00000|100%| E|CS|TAMS 0x0000000089b00000, 0x0000000089b00000| Complete 
| 156|0x0000000089c00000, 0x0000000089d00000, 0x0000000089d00000|100%| E|CS|TAMS 0x0000000089c00000, 0x0000000089c00000| Complete 
| 157|0x0000000089d00000, 0x0000000089e00000, 0x0000000089e00000|100%| E|CS|TAMS 0x0000000089d00000, 0x0000000089d00000| Complete 
| 158|0x0000000089e00000, 0x0000000089f00000, 0x0000000089f00000|100%| E|CS|TAMS 0x0000000089e00000, 0x0000000089e00000| Complete 
| 159|0x0000000089f00000, 0x000000008a000000, 0x000000008a000000|100%| E|CS|TAMS 0x0000000089f00000, 0x0000000089f00000| Complete 
| 160|0x000000008a000000, 0x000000008a100000, 0x000000008a100000|100%| E|CS|TAMS 0x000000008a000000, 0x000000008a000000| Complete 
| 161|0x000000008a100000, 0x000000008a200000, 0x000000008a200000|100%| E|CS|TAMS 0x000000008a100000, 0x000000008a100000| Complete 
| 162|0x000000008a200000, 0x000000008a300000, 0x000000008a300000|100%| E|CS|TAMS 0x000000008a200000, 0x000000008a200000| Complete 
| 163|0x000000008a300000, 0x000000008a400000, 0x000000008a400000|100%| E|CS|TAMS 0x000000008a300000, 0x000000008a300000| Complete 
| 164|0x000000008a400000, 0x000000008a500000, 0x000000008a500000|100%| E|CS|TAMS 0x000000008a400000, 0x000000008a400000| Complete 
| 165|0x000000008a500000, 0x000000008a600000, 0x000000008a600000|100%| E|CS|TAMS 0x000000008a500000, 0x000000008a500000| Complete 
| 166|0x000000008a600000, 0x000000008a700000, 0x000000008a700000|100%| E|CS|TAMS 0x000000008a600000, 0x000000008a600000| Complete 
| 167|0x000000008a700000, 0x000000008a800000, 0x000000008a800000|100%| E|CS|TAMS 0x000000008a700000, 0x000000008a700000| Complete 
| 168|0x000000008a800000, 0x000000008a900000, 0x000000008a900000|100%| E|CS|TAMS 0x000000008a800000, 0x000000008a800000| Complete 
| 169|0x000000008a900000, 0x000000008aa00000, 0x000000008aa00000|100%| E|CS|TAMS 0x000000008a900000, 0x000000008a900000| Complete 
| 170|0x000000008aa00000, 0x000000008ab00000, 0x000000008ab00000|100%| E|CS|TAMS 0x000000008aa00000, 0x000000008aa00000| Complete 
| 171|0x000000008ab00000, 0x000000008ac00000, 0x000000008ac00000|100%| E|CS|TAMS 0x000000008ab00000, 0x000000008ab00000| Complete 
| 172|0x000000008ac00000, 0x000000008ad00000, 0x000000008ad00000|100%| E|CS|TAMS 0x000000008ac00000, 0x000000008ac00000| Complete 
| 173|0x000000008ad00000, 0x000000008ae00000, 0x000000008ae00000|100%| E|CS|TAMS 0x000000008ad00000, 0x000000008ad00000| Complete 
| 174|0x000000008ae00000, 0x000000008af00000, 0x000000008af00000|100%| E|CS|TAMS 0x000000008ae00000, 0x000000008ae00000| Complete 
| 175|0x000000008af00000, 0x000000008b000000, 0x000000008b000000|100%| E|CS|TAMS 0x000000008af00000, 0x000000008af00000| Complete 
| 176|0x000000008b000000, 0x000000008b100000, 0x000000008b100000|100%| E|CS|TAMS 0x000000008b000000, 0x000000008b000000| Complete 
| 177|0x000000008b100000, 0x000000008b200000, 0x000000008b200000|100%| E|CS|TAMS 0x000000008b100000, 0x000000008b100000| Complete 
| 178|0x000000008b200000, 0x000000008b300000, 0x000000008b300000|100%| E|CS|TAMS 0x000000008b200000, 0x000000008b200000| Complete 
| 179|0x000000008b300000, 0x000000008b400000, 0x000000008b400000|100%| E|CS|TAMS 0x000000008b300000, 0x000000008b300000| Complete 
| 180|0x000000008b400000, 0x000000008b500000, 0x000000008b500000|100%| E|CS|TAMS 0x000000008b400000, 0x000000008b400000| Complete 
| 181|0x000000008b500000, 0x000000008b600000, 0x000000008b600000|100%| E|CS|TAMS 0x000000008b500000, 0x000000008b500000| Complete 
| 182|0x000000008b600000, 0x000000008b700000, 0x000000008b700000|100%| E|CS|TAMS 0x000000008b600000, 0x000000008b600000| Complete 
| 183|0x000000008b700000, 0x000000008b800000, 0x000000008b800000|100%| E|CS|TAMS 0x000000008b700000, 0x000000008b700000| Complete 
| 184|0x000000008b800000, 0x000000008b900000, 0x000000008b900000|100%| E|CS|TAMS 0x000000008b800000, 0x000000008b800000| Complete 
| 185|0x000000008b900000, 0x000000008ba00000, 0x000000008ba00000|100%| E|CS|TAMS 0x000000008b900000, 0x000000008b900000| Complete 
| 186|0x000000008ba00000, 0x000000008bb00000, 0x000000008bb00000|100%| E|CS|TAMS 0x000000008ba00000, 0x000000008ba00000| Complete 
| 187|0x000000008bb00000, 0x000000008bc00000, 0x000000008bc00000|100%| E|CS|TAMS 0x000000008bb00000, 0x000000008bb00000| Complete 
| 188|0x000000008bc00000, 0x000000008bd00000, 0x000000008bd00000|100%| E|CS|TAMS 0x000000008bc00000, 0x000000008bc00000| Complete 
| 189|0x000000008bd00000, 0x000000008be00000, 0x000000008be00000|100%| E|CS|TAMS 0x000000008bd00000, 0x000000008bd00000| Complete 
| 190|0x000000008be00000, 0x000000008bf00000, 0x000000008bf00000|100%| E|CS|TAMS 0x000000008be00000, 0x000000008be00000| Complete 
| 191|0x000000008bf00000, 0x000000008c000000, 0x000000008c000000|100%| E|CS|TAMS 0x000000008bf00000, 0x000000008bf00000| Complete 

Card table byte_map: [0x000001c743770000,0x000001c743b70000] _byte_map_base: 0x000001c743370000

Marking Bits (Prev, Next): (CMBitMap*) 0x000001c73028e708, (CMBitMap*) 0x000001c73028e740
 Prev Bits: [0x000001c743f70000, 0x000001c745f70000)
 Next Bits: [0x000001c745f70000, 0x000001c747f70000)

Polling page: 0x000001c72ebc0000

Metaspace:

Usage:
  Non-class:     47.50 MB capacity,    46.75 MB ( 98%) used,   620.23 KB (  1%) free+waste,   142.81 KB ( <1%) overhead. 
      Class:      7.28 MB capacity,     6.80 MB ( 93%) used,   426.54 KB (  6%) free+waste,    67.50 KB ( <1%) overhead. 
       Both:     54.78 MB capacity,    53.55 MB ( 98%) used,     1.02 MB (  2%) free+waste,   210.31 KB ( <1%) overhead. 

Virtual space:
  Non-class space:       48.00 MB reserved,      47.62 MB (>99%) committed 
      Class space:        1.00 GB reserved,       7.38 MB ( <1%) committed 
             Both:        1.05 GB reserved,      55.00 MB (  5%) committed 

Chunk freelists:
   Non-Class:  1.00 KB
       Class:  29.00 KB
        Both:  30.00 KB

MaxMetaspaceSize: 17179869184.00 GB
CompressedClassSpaceSize: 1.00 GB

CodeHeap 'non-profiled nmethods': size=120064Kb used=3018Kb max_used=3018Kb free=117046Kb
 bounds [0x000001c73b810000, 0x000001c73bb10000, 0x000001c742d50000]
CodeHeap 'profiled nmethods': size=120000Kb used=12138Kb max_used=12138Kb free=107861Kb
 bounds [0x000001c7342e0000, 0x000001c734ec0000, 0x000001c73b810000]
CodeHeap 'non-nmethods': size=5696Kb used=2234Kb max_used=2259Kb free=3461Kb
 bounds [0x000001c733d50000, 0x000001c733fc0000, 0x000001c7342e0000]
 total_blobs=6639 nmethods=5824 adapters=726
 compilation: enabled
              stopped_count=0, restarted_count=0
 full_count=0

Compilation events (20 events):
Event: 27.526 Thread 0x000001c74ae62800 nmethod 5824 0x000001c734eaf810 code [0x000001c734eafa40, 0x000001c734eafff8]
Event: 27.567 Thread 0x000001c74ae62800 5825       3       sun.reflect.generics.parser.SignatureParser::parseIdentifier (13 bytes)
Event: 27.567 Thread 0x000001c74ae62800 nmethod 5825 0x000001c734eb0310 code [0x000001c734eb04e0, 0x000001c734eb0738]
Event: 27.569 Thread 0x000001c74ae62800 5826       3       java.lang.reflect.AccessibleObject::verifyAccess (84 bytes)
Event: 27.570 Thread 0x000001c74ae62800 nmethod 5826 0x000001c734eb0890 code [0x000001c734eb0a80, 0x000001c734eb10a8]
Event: 27.570 Thread 0x000001c74a60b800 5827       4       org.objectweb.asm.SymbolTable::addConstantMemberReference (147 bytes)
Event: 27.589 Thread 0x000001c74ae62800 5828       3       java.lang.invoke.BoundMethodHandle::bindArgumentL (11 bytes)
Event: 27.590 Thread 0x000001c74ae62800 nmethod 5828 0x000001c734eb1210 code [0x000001c734eb1400, 0x000001c734eb18d8]
Event: 27.590 Thread 0x000001c74ae62800 5829       3       java.lang.invoke.LambdaFormEditor::bindArgumentL (59 bytes)
Event: 27.591 Thread 0x000001c74ae62800 nmethod 5829 0x000001c734eb1b10 code [0x000001c734eb1ce0, 0x000001c734eb1f68]
Event: 27.646 Thread 0x000001c74ae62800 5832       3       jdk.internal.org.objectweb.asm.ClassWriter::newConstItem (320 bytes)
Event: 27.652 Thread 0x000001c74ae62800 nmethod 5832 0x000001c734eb2090 code [0x000001c734eb25e0, 0x000001c734eb54f8]
Event: 27.656 Thread 0x000001c74ae62800 5833       3       sun.reflect.annotation.AnnotationParser::skipMemberValue (11 bytes)
Event: 27.656 Thread 0x000001c74ae62800 nmethod 5833 0x000001c734eb6010 code [0x000001c734eb61e0, 0x000001c734eb63b8]
Event: 27.686 Thread 0x000001c74ae62800 5834       3       java.lang.AbstractStringBuilder::append (67 bytes)
Event: 27.687 Thread 0x000001c74ae62800 nmethod 5834 0x000001c734eb6490 code [0x000001c734eb66a0, 0x000001c734eb6b88]
Event: 27.707 Thread 0x000001c74ae62800 5836       3       org.gradle.internal.instantiation.generator.AbstractClassGenerator$InjectionAnnotationValidator::validateMethod (166 bytes)
Event: 27.710 Thread 0x000001c74ae62800 nmethod 5836 0x000001c734eb6d10 code [0x000001c734eb70a0, 0x000001c734eb8728]
Event: 27.715 Thread 0x000001c74ae62800 5837       3       org.gradle.internal.event.AbstractBroadcastDispatch::<init> (10 bytes)
Event: 27.716 Thread 0x000001c74ae62800 nmethod 5837 0x000001c734eb8e10 code [0x000001c734eb8fc0, 0x000001c734eb9178]

GC Heap History (18 events):
Event: 1.681 GC heap before
{Heap before GC invocations=0 (full 0):
 garbage-first heap   total 196608K, used 19456K [0x0000000080000000, 0x0000000100000000)
  region size 1024K, 14 young (14336K), 0 survivors (0K)
 Metaspace       used 6734K, capacity 6925K, committed 7168K, reserved 1056768K
  class space    used 582K, capacity 650K, committed 768K, reserved 1048576K
}
Event: 1.693 GC heap after
{Heap after GC invocations=1 (full 0):
 garbage-first heap   total 196608K, used 8279K [0x0000000080000000, 0x0000000100000000)
  region size 1024K, 2 young (2048K), 2 survivors (2048K)
 Metaspace       used 6734K, capacity 6925K, committed 7168K, reserved 1056768K
  class space    used 582K, capacity 650K, committed 768K, reserved 1048576K
}
Event: 2.658 GC heap before
{Heap before GC invocations=1 (full 0):
 garbage-first heap   total 196608K, used 19543K [0x0000000080000000, 0x0000000100000000)
  region size 1024K, 13 young (13312K), 2 survivors (2048K)
 Metaspace       used 10258K, capacity 10553K, committed 10624K, reserved 1058816K
  class space    used 1071K, capacity 1139K, committed 1152K, reserved 1048576K
}
Event: 2.665 GC heap after
{Heap after GC invocations=2 (full 0):
 garbage-first heap   total 196608K, used 9848K [0x0000000080000000, 0x0000000100000000)
  region size 1024K, 2 young (2048K), 2 survivors (2048K)
 Metaspace       used 10258K, capacity 10553K, committed 10624K, reserved 1058816K
  class space    used 1071K, capacity 1139K, committed 1152K, reserved 1048576K
}
Event: 3.927 GC heap before
{Heap before GC invocations=2 (full 0):
 garbage-first heap   total 196608K, used 40568K [0x0000000080000000, 0x0000000100000000)
  region size 1024K, 31 young (31744K), 2 survivors (2048K)
 Metaspace       used 11216K, capacity 11444K, committed 11520K, reserved 1058816K
  class space    used 1173K, capacity 1244K, committed 1280K, reserved 1048576K
}
Event: 3.934 GC heap after
{Heap after GC invocations=3 (full 0):
 garbage-first heap   total 196608K, used 12714K [0x0000000080000000, 0x0000000100000000)
  region size 1024K, 4 young (4096K), 4 survivors (4096K)
 Metaspace       used 11216K, capacity 11444K, committed 11520K, reserved 1058816K
  class space    used 1173K, capacity 1244K, committed 1280K, reserved 1048576K
}
Event: 7.791 GC heap before
{Heap before GC invocations=3 (full 0):
 garbage-first heap   total 196608K, used 53674K [0x0000000080000000, 0x0000000100000000)
  region size 1024K, 45 young (46080K), 4 survivors (4096K)
 Metaspace       used 17598K, capacity 17992K, committed 18176K, reserved 1064960K
  class space    used 2079K, capacity 2219K, committed 2304K, reserved 1048576K
}
Event: 7.809 GC heap after
{Heap after GC invocations=4 (full 0):
 garbage-first heap   total 196608K, used 16232K [0x0000000080000000, 0x0000000100000000)
  region size 1024K, 6 young (6144K), 6 survivors (6144K)
 Metaspace       used 17598K, capacity 17992K, committed 18176K, reserved 1064960K
  class space    used 2079K, capacity 2219K, committed 2304K, reserved 1048576K
}
Event: 9.366 GC heap before
{Heap before GC invocations=4 (full 0):
 garbage-first heap   total 196608K, used 41832K [0x0000000080000000, 0x0000000100000000)
  region size 1024K, 32 young (32768K), 6 survivors (6144K)
 Metaspace       used 20664K, capacity 21104K, committed 21296K, reserved 1069056K
  class space    used 2532K, capacity 2660K, committed 2688K, reserved 1048576K
}
Event: 9.386 GC heap after
{Heap after GC invocations=5 (full 0):
 garbage-first heap   total 196608K, used 17160K [0x0000000080000000, 0x0000000100000000)
  region size 1024K, 7 young (7168K), 7 survivors (7168K)
 Metaspace       used 20664K, capacity 21104K, committed 21296K, reserved 1069056K
  class space    used 2532K, capacity 2660K, committed 2688K, reserved 1048576K
}
Event: 14.991 GC heap before
{Heap before GC invocations=6 (full 0):
 garbage-first heap   total 196608K, used 74504K [0x0000000080000000, 0x0000000100000000)
  region size 1024K, 63 young (64512K), 7 survivors (7168K)
 Metaspace       used 26289K, capacity 26930K, committed 27184K, reserved 1073152K
  class space    used 3443K, capacity 3651K, committed 3712K, reserved 1048576K
}
Event: 15.014 GC heap after
{Heap after GC invocations=7 (full 0):
 garbage-first heap   total 196608K, used 19494K [0x0000000080000000, 0x0000000100000000)
  region size 1024K, 4 young (4096K), 4 survivors (4096K)
 Metaspace       used 26289K, capacity 26930K, committed 27184K, reserved 1073152K
  class space    used 3443K, capacity 3651K, committed 3712K, reserved 1048576K
}
Event: 17.292 GC heap before
{Heap before GC invocations=7 (full 0):
 garbage-first heap   total 196608K, used 73766K [0x0000000080000000, 0x0000000100000000)
  region size 1024K, 58 young (59392K), 4 survivors (4096K)
 Metaspace       used 34880K, capacity 35636K, committed 35708K, reserved 1081344K
  class space    used 4536K, capacity 4857K, committed 4864K, reserved 1048576K
}
Event: 17.318 GC heap after
{Heap after GC invocations=8 (full 0):
 garbage-first heap   total 196608K, used 22615K [0x0000000080000000, 0x0000000100000000)
  region size 1024K, 7 young (7168K), 7 survivors (7168K)
 Metaspace       used 34880K, capacity 35636K, committed 35708K, reserved 1081344K
  class space    used 4536K, capacity 4857K, committed 4864K, reserved 1048576K
}
Event: 20.482 GC heap before
{Heap before GC invocations=9 (full 0):
 garbage-first heap   total 196608K, used 108631K [0x0000000080000000, 0x0000000100000000)
  region size 1024K, 89 young (91136K), 7 survivors (7168K)
 Metaspace       used 41613K, capacity 42535K, committed 42748K, reserved 1087488K
  class space    used 5362K, capacity 5714K, committed 5760K, reserved 1048576K
}
Event: 20.527 GC heap after
{Heap after GC invocations=10 (full 0):
 garbage-first heap   total 196608K, used 28506K [0x0000000080000000, 0x0000000100000000)
  region size 1024K, 12 young (12288K), 12 survivors (12288K)
 Metaspace       used 41613K, capacity 42535K, committed 42748K, reserved 1087488K
  class space    used 5362K, capacity 5714K, committed 5760K, reserved 1048576K
}
Event: 24.932 GC heap before
{Heap before GC invocations=10 (full 0):
 garbage-first heap   total 196608K, used 135002K [0x0000000080000000, 0x0000000100000000)
  region size 1024K, 112 young (114688K), 12 survivors (12288K)
 Metaspace       used 48017K, capacity 49263K, committed 49532K, reserved 1091584K
  class space    used 6118K, capacity 6584K, committed 6656K, reserved 1048576K
}
Event: 24.991 GC heap after
{Heap after GC invocations=11 (full 0):
 garbage-first heap   total 196608K, used 39333K [0x0000000080000000, 0x0000000100000000)
  region size 1024K, 13 young (13312K), 13 survivors (13312K)
 Metaspace       used 48017K, capacity 49263K, committed 49532K, reserved 1091584K
  class space    used 6118K, capacity 6584K, committed 6656K, reserved 1048576K
}

Deoptimization events (20 events):
Event: 26.302 Thread 0x000001c74e663000 Uncommon trap: trap_request=0xffffff45 fr.pc=0x000001c73b9b4660 relative=0x0000000000000cc0
Event: 26.302 Thread 0x000001c74e663000 Uncommon trap: reason=unstable_fused_if action=reinterpret pc=0x000001c73b9b4660 method=org.objectweb.asm.ByteVector.putUTF8(Ljava/lang/String;)Lorg/objectweb/asm/ByteVector; @ 93 c2
Event: 26.302 Thread 0x000001c74e663000 DEOPT PACKING pc=0x000001c73b9b4660 sp=0x00000054de2f7ce0
Event: 26.302 Thread 0x000001c74e663000 DEOPT UNPACKING pc=0x000001c733d765af sp=0x00000054de2f7c38 mode 2
Event: 26.305 Thread 0x000001c74e663000 Uncommon trap: trap_request=0xffffff4d fr.pc=0x000001c73b9dd51c relative=0x000000000000599c
Event: 26.305 Thread 0x000001c74e663000 Uncommon trap: reason=unstable_if action=reinterpret pc=0x000001c73b9dd51c method=org.objectweb.asm.Frame.execute(IILorg/objectweb/asm/Symbol;Lorg/objectweb/asm/SymbolTable;)V @ 1 c2
Event: 26.305 Thread 0x000001c74e663000 DEOPT PACKING pc=0x000001c73b9dd51c sp=0x00000054de2f7ed0
Event: 26.305 Thread 0x000001c74e663000 DEOPT UNPACKING pc=0x000001c733d765af sp=0x00000054de2f7e78 mode 2
Event: 26.362 Thread 0x000001c74e663000 Uncommon trap: trap_request=0xffffff45 fr.pc=0x000001c73b936574 relative=0x0000000000000214
Event: 26.362 Thread 0x000001c74e663000 Uncommon trap: reason=unstable_fused_if action=reinterpret pc=0x000001c73b936574 method=org.objectweb.asm.ByteVector.putUTF8(Ljava/lang/String;)Lorg/objectweb/asm/ByteVector; @ 93 c2
Event: 26.362 Thread 0x000001c74e663000 DEOPT PACKING pc=0x000001c73b936574 sp=0x00000054de2f8010
Event: 26.362 Thread 0x000001c74e663000 DEOPT UNPACKING pc=0x000001c733d765af sp=0x00000054de2f7f90 mode 2
Event: 27.454 Thread 0x000001c74e663000 Uncommon trap: trap_request=0xffffff4d fr.pc=0x000001c73baf9fa4 relative=0x00000000000001e4
Event: 27.454 Thread 0x000001c74e663000 Uncommon trap: reason=unstable_if action=reinterpret pc=0x000001c73baf9fa4 method=org.apache.xerces.dom.DeferredDocumentImpl.clearChunkValue([[Ljava/lang/Object;II)Ljava/lang/String; @ 59 c2
Event: 27.454 Thread 0x000001c74e663000 DEOPT PACKING pc=0x000001c73baf9fa4 sp=0x00000054de2f6fc0
Event: 27.454 Thread 0x000001c74e663000 DEOPT UNPACKING pc=0x000001c733d765af sp=0x00000054de2f6f60 mode 2
Event: 27.684 Thread 0x000001c74e663000 Uncommon trap: trap_request=0xffffff4d fr.pc=0x000001c73badbc08 relative=0x0000000000000328
Event: 27.684 Thread 0x000001c74e663000 Uncommon trap: reason=unstable_if action=reinterpret pc=0x000001c73badbc08 method=org.gradle.internal.instantiation.generator.AbstractClassGenerator$InjectionAnnotationValidator.validateMethod(Ljava/lang/reflect/Method;Lorg/gradle/internal/reflect/Propert
Event: 27.684 Thread 0x000001c74e663000 DEOPT PACKING pc=0x000001c73badbc08 sp=0x00000054de2f7c30
Event: 27.684 Thread 0x000001c74e663000 DEOPT UNPACKING pc=0x000001c733d765af sp=0x00000054de2f7bf8 mode 2

Classes redefined (0 events):
No events

Internal exceptions (20 events):
Event: 25.583 Thread 0x000001c74e663000 Exception <a 'java/lang/ClassNotFoundException'{0x000000008b3a6cc8}: org/gradle/api/tasks/Delete_DecoratedCustomizer> (0x000000008b3a6cc8) thrown at [./src/hotspot/share/classfile/systemDictionary.cpp, line 231]
Event: 25.650 Thread 0x000001c74e663000 Exception <a 'java/lang/NoSuchMethodError'{0x000000008b2b9ca8}: 'long java.lang.invoke.DirectMethodHandle$Holder.invokeVirtual(java.lang.Object, java.lang.Object)'> (0x000000008b2b9ca8) thrown at [./src/hotspot/share/interpreter/linkResolver.cpp, line 773]
Event: 25.661 Thread 0x000001c74d675000 Exception <a 'java/lang/NoSuchMethodError'{0x000000008bf13188}: <clinit>> (0x000000008bf13188) thrown at [./src/hotspot/share/prims/jni.cpp, line 1362]
Event: 25.688 Thread 0x000001c74d675000 Exception <a 'java/lang/NoSuchMethodError'{0x000000008b10e3d8}: <clinit>> (0x000000008b10e3d8) thrown at [./src/hotspot/share/prims/jni.cpp, line 1362]
Event: 25.688 Thread 0x000001c74d675000 Exception <a 'java/lang/NoSuchMethodError'{0x000000008b10f4e8}: <clinit>> (0x000000008b10f4e8) thrown at [./src/hotspot/share/prims/jni.cpp, line 1362]
Event: 25.688 Thread 0x000001c74d675000 Exception <a 'java/lang/NoSuchMethodError'{0x000000008b1107f0}: <clinit>> (0x000000008b1107f0) thrown at [./src/hotspot/share/prims/jni.cpp, line 1362]
Event: 25.689 Thread 0x000001c74d675000 Exception <a 'java/lang/NoSuchMethodError'{0x000000008b111810}: <clinit>> (0x000000008b111810) thrown at [./src/hotspot/share/prims/jni.cpp, line 1362]
Event: 25.694 Thread 0x000001c74d675000 Exception <a 'java/lang/NoSuchMethodError'{0x000000008b1a3b60}: <clinit>> (0x000000008b1a3b60) thrown at [./src/hotspot/share/prims/jni.cpp, line 1362]
Event: 25.697 Thread 0x000001c74d675000 Exception <a 'java/lang/NoSuchMethodError'{0x000000008b1ade68}: <clinit>> (0x000000008b1ade68) thrown at [./src/hotspot/share/prims/jni.cpp, line 1362]
Event: 25.704 Thread 0x000001c74d675000 Exception <a 'java/lang/NoSuchMethodError'{0x000000008b1c17b0}: <clinit>> (0x000000008b1c17b0) thrown at [./src/hotspot/share/prims/jni.cpp, line 1362]
Event: 25.748 Thread 0x000001c74e663000 Exception <a 'java/lang/ClassNotFoundException'{0x000000008b052258}: build_dw3czvifu8el5r6u530k13zceBeanInfo> (0x000000008b052258) thrown at [./src/hotspot/share/classfile/systemDictionary.cpp, line 231]
Event: 25.749 Thread 0x000001c74e663000 Exception <a 'java/lang/ClassNotFoundException'{0x000000008b05d210}: build_dw3czvifu8el5r6u530k13zceCustomizer> (0x000000008b05d210) thrown at [./src/hotspot/share/classfile/systemDictionary.cpp, line 231]
Event: 25.817 Thread 0x000001c74e663000 Exception <a 'java/lang/ClassNotFoundException'{0x000000008ae54f00}: org/gradle/api/internal/plugins/DefaultObjectConfigurationActionBeanInfo> (0x000000008ae54f00) thrown at [./src/hotspot/share/classfile/systemDictionary.cpp, line 231]
Event: 25.819 Thread 0x000001c74e663000 Exception <a 'java/lang/ClassNotFoundException'{0x000000008ae8b518}: org/gradle/api/internal/plugins/DefaultObjectConfigurationActionCustomizer> (0x000000008ae8b518) thrown at [./src/hotspot/share/classfile/systemDictionary.cpp, line 231]
Event: 26.278 Thread 0x000001c74e663000 Exception <a 'java/lang/NoSuchMethodError'{0x000000008a4ed7f8}: 'java.lang.Object java.lang.invoke.DirectMethodHandle$Holder.invokeStatic(java.lang.Object, java.lang.Object, java.lang.Object, java.lang.Object, int)'> (0x000000008a4ed7f8) thrown at [./src/hotspot/share/interpreter/linkResolver.cpp, line 773]
Event: 26.278 Thread 0x000001c74e663000 Exception <a 'java/lang/NoSuchMethodError'{0x000000008a4f21f0}: 'java.lang.Object java.lang.invoke.DirectMethodHandle$Holder.invokeSpecial(java.lang.Object, java.lang.Object, java.lang.Object, java.lang.Object, java.lang.Object, int)'> (0x000000008a4f21f0) thrown at [./src/hotspot/share/interpreter/linkResolver.cpp, line 773]
Event: 26.279 Thread 0x000001c74e663000 Exception <a 'java/lang/NoSuchMethodError'{0x000000008a4f6830}: 'java.lang.Object java.lang.invoke.Invokers$Holder.linkToTargetMethod(java.lang.Object, java.lang.Object, java.lang.Object, int, java.lang.Object)'> (0x000000008a4f6830) thrown at [./src/hotspot/share/interpreter/linkResolver.cpp, line 773]
Event: 26.926 Thread 0x000001c74e663000 Exception <a 'java/lang/NoSuchMethodError'{0x00000000894391b0}: 'java.lang.Object java.lang.invoke.DirectMethodHandle$Holder.invokeSpecial(java.lang.Object, java.lang.Object, int, int, java.lang.Object, java.lang.Object, java.lang.Object)'> (0x00000000894391b0) thrown at [./src/hotspot/share/interpreter/linkResolver.cpp, line 773]
Event: 26.927 Thread 0x000001c74e663000 Exception <a 'java/lang/NoSuchMethodError'{0x000000008943d730}: 'java.lang.Object java.lang.invoke.DelegatingMethodHandle$Holder.reinvoke_L(java.lang.Object, int, int, java.lang.Object, java.lang.Object, java.lang.Object)'> (0x000000008943d730) thrown at [./src/hotspot/share/interpreter/linkResolver.cpp, line 773]
Event: 27.646 Thread 0x000001c74e663000 Exception <a 'java/lang/NoSuchMethodError'{0x0000000088784e40}: 'int java.lang.invoke.DirectMethodHandle$Holder.invokeInterface(java.lang.Object, java.lang.Object, java.lang.Object, java.lang.Object)'> (0x0000000088784e40) thrown at [./src/hotspot/share/interpreter/linkResolver.cpp, line 773]

Events (20 events):
Event: 27.695 loading class org/gradle/api/artifacts/Configuration
Event: 27.695 loading class org/gradle/api/artifacts/Configuration done
Event: 27.696 loading class com/android/build/gradle/internal/res/Aapt2FromMaven$Companion$create$aapt2Directory$1
Event: 27.696 loading class com/android/build/gradle/internal/res/Aapt2FromMaven$Companion$create$aapt2Directory$1 done
Event: 27.696 loading class org/gradle/api/artifacts/ResolvableDependencies
Event: 27.696 loading class org/gradle/api/artifacts/ResolvableDependencies done
Event: 27.697 loading class org/gradle/api/artifacts/ArtifactView$ViewConfiguration
Event: 27.697 loading class org/gradle/api/artifacts/ArtifactView$ViewConfiguration done
Event: 27.697 loading class com/android/build/gradle/internal/res/Aapt2FromMaven$Companion$create$aapt2Directory$1$1
Event: 27.697 loading class com/android/build/gradle/internal/res/Aapt2FromMaven$Companion$create$aapt2Directory$1$1 done
Event: 27.698 loading class org/gradle/api/artifacts/ArtifactView
Event: 27.698 loading class org/gradle/api/artifacts/ArtifactView done
Event: 27.698 loading class org/gradle/api/artifacts/ArtifactCollection
Event: 27.698 loading class org/gradle/api/artifacts/ArtifactCollection done
Event: 27.699 loading class com/android/build/gradle/internal/lint/LintFromMaven
Event: 27.699 loading class com/android/build/gradle/internal/lint/LintFromMaven done
Event: 27.701 loading class com/android/build/gradle/internal/lint/LintFromMaven$Companion
Event: 27.701 loading class com/android/build/gradle/internal/lint/LintFromMaven$Companion done
Event: 27.704 loading class com/android/build/gradle/internal/lint/AndroidLintInputs
Event: 27.704 loading class com/android/build/gradle/internal/lint/AndroidLintInputs done


Dynamic libraries:
0x00007ff624f30000 - 0x00007ff624f3a000 	C:\Program Files\Android\Android Studio\jre\bin\java.exe
0x00007ff9b5b90000 - 0x00007ff9b5d85000 	C:\Windows\SYSTEM32\ntdll.dll
0x00007ff9b5970000 - 0x00007ff9b5a2e000 	C:\Windows\System32\KERNEL32.DLL
0x00007ff9b34f0000 - 0x00007ff9b37b8000 	C:\Windows\System32\KERNELBASE.dll
0x00007ff9b3ae0000 - 0x00007ff9b3be0000 	C:\Windows\System32\ucrtbase.dll
0x00007ff9a3ed0000 - 0x00007ff9a3ee9000 	C:\Program Files\Android\Android Studio\jre\bin\jli.dll
0x00007ff9a3c20000 - 0x00007ff9a3c37000 	C:\Program Files\Android\Android Studio\jre\bin\VCRUNTIME140.dll
0x00007ff9b4dc0000 - 0x00007ff9b4f60000 	C:\Windows\System32\USER32.dll
0x00007ff9a4400000 - 0x00007ff9a469a000 	C:\Windows\WinSxS\amd64_microsoft.windows.common-controls_6595b64144ccf1df_6.0.19041.1110_none_60b5254171f9507e\COMCTL32.dll
0x00007ff9b37c0000 - 0x00007ff9b37e2000 	C:\Windows\System32\win32u.dll
0x00007ff9b4930000 - 0x00007ff9b49ce000 	C:\Windows\System32\msvcrt.dll
0x00007ff9b4f60000 - 0x00007ff9b4f8b000 	C:\Windows\System32\GDI32.dll
0x00007ff9b39d0000 - 0x00007ff9b3add000 	C:\Windows\System32\gdi32full.dll
0x00007ff9b3310000 - 0x00007ff9b33ad000 	C:\Windows\System32\msvcp_win.dll
0x00007ff9b4540000 - 0x00007ff9b4570000 	C:\Windows\System32\IMM32.DLL
0x00007ff988420000 - 0x00007ff9884bd000 	C:\Program Files\Android\Android Studio\jre\bin\msvcp140.dll
0x00007ff953cb0000 - 0x00007ff954785000 	C:\Program Files\Android\Android Studio\jre\bin\server\jvm.dll
0x00007ff9b46a0000 - 0x00007ff9b474e000 	C:\Windows\System32\ADVAPI32.dll
0x00007ff9b5130000 - 0x00007ff9b51cc000 	C:\Windows\System32\sechost.dll
0x00007ff9b56d0000 - 0x00007ff9b57f5000 	C:\Windows\System32\RPCRT4.dll
0x00007ff9b5120000 - 0x00007ff9b5128000 	C:\Windows\System32\PSAPI.DLL
0x00007ff9a29b0000 - 0x00007ff9a29ba000 	C:\Windows\SYSTEM32\VERSION.dll
0x00007ff99ba70000 - 0x00007ff99ba97000 	C:\Windows\SYSTEM32\WINMM.dll
0x00007ff9ac630000 - 0x00007ff9ac639000 	C:\Windows\SYSTEM32\WSOCK32.dll
0x00007ff9b5900000 - 0x00007ff9b596b000 	C:\Windows\System32\WS2_32.dll
0x00007ff9b1b20000 - 0x00007ff9b1b32000 	C:\Windows\SYSTEM32\kernel.appcore.dll
0x00007ff9a1340000 - 0x00007ff9a1351000 	C:\Program Files\Android\Android Studio\jre\bin\verify.dll
0x00007ff9a1a70000 - 0x00007ff9a1c54000 	C:\Windows\SYSTEM32\DBGHELP.DLL
0x00007ff9a1960000 - 0x00007ff9a198c000 	C:\Windows\SYSTEM32\dbgcore.DLL
0x00007ff9b3460000 - 0x00007ff9b34e2000 	C:\Windows\System32\bcryptPrimitives.dll
0x00007ff992cb0000 - 0x00007ff992cd9000 	C:\Program Files\Android\Android Studio\jre\bin\java.dll
0x00007ff9a3f80000 - 0x00007ff9a3f8b000 	C:\Program Files\Android\Android Studio\jre\bin\jimage.dll
0x00007ff9a1320000 - 0x00007ff9a1338000 	C:\Program Files\Android\Android Studio\jre\bin\zip.dll
0x00007ff9b3c40000 - 0x00007ff9b4384000 	C:\Windows\System32\SHELL32.dll
0x00007ff9b1360000 - 0x00007ff9b1af4000 	C:\Windows\SYSTEM32\windows.storage.dll
0x00007ff9b49d0000 - 0x00007ff9b4d25000 	C:\Windows\System32\combase.dll
0x00007ff9b2c80000 - 0x00007ff9b2cae000 	C:\Windows\SYSTEM32\Wldp.dll
0x00007ff9b5060000 - 0x00007ff9b510d000 	C:\Windows\System32\SHCORE.dll
0x00007ff9b5000000 - 0x00007ff9b5055000 	C:\Windows\System32\shlwapi.dll
0x00007ff9b31e0000 - 0x00007ff9b31ff000 	C:\Windows\SYSTEM32\profapi.dll
0x00007ff99fa80000 - 0x00007ff99fa9a000 	C:\Program Files\Android\Android Studio\jre\bin\net.dll
0x00007ff9a5690000 - 0x00007ff9a579c000 	C:\Windows\SYSTEM32\WINHTTP.dll
0x00007ff9b2980000 - 0x00007ff9b29ea000 	C:\Windows\system32\mswsock.dll
0x00007ff99f7b0000 - 0x00007ff99f7c4000 	C:\Program Files\Android\Android Studio\jre\bin\nio.dll
0x00007ff9882c0000 - 0x00007ff9882e7000 	C:\Users\jhonl\.gradle\native\e1d6ef7f7dcc3fd88c89a11ec53ec762bb8ba0a96d01ffa2cd45eb1d1d8dd5c5\windows-amd64\native-platform.dll
0x00007ff99f560000 - 0x00007ff99f6a4000 	C:\Users\jhonl\.gradle\native\5664cfc778a61ccfe75a443a1ab52a65af34e5dc3c78e0209fed803814484fcb\windows-amd64\native-platform-file-events.dll
0x00007ff9a3ef0000 - 0x00007ff9a3efa000 	C:\Program Files\Android\Android Studio\jre\bin\management.dll
0x00007ff9a3c10000 - 0x00007ff9a3c1d000 	C:\Program Files\Android\Android Studio\jre\bin\management_ext.dll
0x00007ff9b2b70000 - 0x00007ff9b2b88000 	C:\Windows\SYSTEM32\CRYPTSP.dll
0x00007ff9b2300000 - 0x00007ff9b2334000 	C:\Windows\system32\rsaenh.dll
0x00007ff9b37f0000 - 0x00007ff9b3817000 	C:\Windows\System32\bcrypt.dll
0x00007ff9b3160000 - 0x00007ff9b318e000 	C:\Windows\SYSTEM32\USERENV.dll
0x00007ff9b2b90000 - 0x00007ff9b2b9c000 	C:\Windows\SYSTEM32\CRYPTBASE.dll
0x00007ff9b2670000 - 0x00007ff9b26ab000 	C:\Windows\SYSTEM32\IPHLPAPI.DLL
0x00007ff9b5110000 - 0x00007ff9b5118000 	C:\Windows\System32\NSI.dll
0x00007ff9a9910000 - 0x00007ff9a9927000 	C:\Windows\SYSTEM32\dhcpcsvc6.DLL
0x00007ff9aa810000 - 0x00007ff9aa82d000 	C:\Windows\SYSTEM32\dhcpcsvc.DLL
0x00007ff9b26b0000 - 0x00007ff9b277b000 	C:\Windows\SYSTEM32\DNSAPI.dll

dbghelp: loaded successfully - version: 4.0.5 - missing functions: none
symbol engine: initialized successfully - sym options: 0x614 - pdb path: .;C:\Program Files\Android\Android Studio\jre\bin;C:\Windows\SYSTEM32;C:\Windows\WinSxS\amd64_microsoft.windows.common-controls_6595b64144ccf1df_6.0.19041.1110_none_60b5254171f9507e;C:\Program Files\Android\Android Studio\jre\bin\server;C:\Users\jhonl\.gradle\native\e1d6ef7f7dcc3fd88c89a11ec53ec762bb8ba0a96d01ffa2cd45eb1d1d8dd5c5\windows-amd64;C:\Users\jhonl\.gradle\native\5664cfc778a61ccfe75a443a1ab52a65af34e5dc3c78e0209fed803814484fcb\windows-amd64

VM Arguments:
jvm_args: --add-opens=java.base/java.util=ALL-UNNAMED --add-opens=java.base/java.lang=ALL-UNNAMED --add-opens=java.base/java.lang.invoke=ALL-UNNAMED --add-opens=java.base/java.util=ALL-UNNAMED --add-opens=java.prefs/java.util.prefs=ALL-UNNAMED --add-opens=java.prefs/java.util.prefs=ALL-UNNAMED --add-opens=java.base/java.nio.charset=ALL-UNNAMED --add-opens=java.base/java.net=ALL-UNNAMED --add-opens=java.base/java.util.concurrent.atomic=ALL-UNNAMED -Xmx2048m -Dfile.encoding=UTF-8 -Duser.country=BR -Duser.language=pt -Duser.variant 
java_command: org.gradle.launcher.daemon.bootstrap.GradleDaemon 7.2
java_class_path (initial): C:\Users\jhonl\.gradle\wrapper\dists\gradle-7.2-bin\2dnblmf4td7x66yl1d74lt32g\gradle-7.2\lib\gradle-launcher-7.2.jar
Launcher Type: SUN_STANDARD

[Global flags]
     intx CICompilerCount                          = 3                                         {product} {ergonomic}
     uint ConcGCThreads                            = 1                                         {product} {ergonomic}
     uint G1ConcRefinementThreads                  = 4                                         {product} {ergonomic}
   size_t G1HeapRegionSize                         = 1048576                                   {product} {ergonomic}
    uintx GCDrainStackTargetSize                   = 64                                        {product} {ergonomic}
   size_t InitialHeapSize                          = 201326592                                 {product} {ergonomic}
   size_t MarkStackSize                            = 4194304                                   {product} {ergonomic}
   size_t MaxHeapSize                              = 2147483648                                {product} {command line}
   size_t MaxNewSize                               = 1287651328                                {product} {ergonomic}
   size_t MinHeapDeltaBytes                        = 1048576                                   {product} {ergonomic}
    uintx NonNMethodCodeHeapSize                   = 5830732                                {pd product} {ergonomic}
    uintx NonProfiledCodeHeapSize                  = 122913754                              {pd product} {ergonomic}
    uintx ProfiledCodeHeapSize                     = 122913754                              {pd product} {ergonomic}
    uintx ReservedCodeCacheSize                    = 251658240                              {pd product} {ergonomic}
     bool SegmentedCodeCache                       = true                                      {product} {ergonomic}
     bool UseCompressedClassPointers               = true                                 {lp64_product} {ergonomic}
     bool UseCompressedOops                        = true                                 {lp64_product} {ergonomic}
     bool UseG1GC                                  = true                                      {product} {ergonomic}
     bool UseLargePagesIndividualAllocation        = false                                  {pd product} {ergonomic}

Logging:
Log output configuration:
 #0: stdout all=warning uptime,level,tags
 #1: stderr all=off uptime,level,tags

Environment Variables:
JAVA_HOME=C:\Program Files\Java\jdk-17.0.2
PATH=C:\Program Files\Common Files\Oracle\Java\javapath;C:\Program Files (x86)\Common Files\Oracle\Java\javapath;C:\Windows\system32;C:\Windows;C:\Windows\System32\Wbem;C:\Windows\System32\WindowsPowerShell\v1.0\;C:\Windows\System32\OpenSSH\;C:\Program Files\Java\jdk-17.0.2\bin;C:\Program Files\Git\cmd;C:\Users\jhonl\AppData\Local\Microsoft\WindowsApps;
USERNAME=jhonl
OS=Windows_NT
PROCESSOR_IDENTIFIER=Intel64 Family 6 Model 58 Stepping 9, GenuineIntel



---------------  S Y S T E M  ---------------

OS: Windows 10 , 64 bit Build 19041 (10.0.19041.1503)
OS uptime: 1 days 23:23 hours

CPU:total 4 (initial active 4) (2 cores per cpu, 2 threads per core) family 6 model 58 stepping 9 microcode 0x21, cmov, cx8, fxsr, mmx, sse, sse2, sse3, ssse3, sse4.1, sse4.2, popcnt, avx, aes, clmul, erms, ht, tsc, tscinvbit, tscinv

Memory: 4k page, system-wide physical 12171M (2377M free)
TotalPageFile size 24600M (AvailPageFile size 3M)
current process WorkingSet (physical memory assigned to process): 338M, peak: 338M
current process commit charge ("private bytes"): 405M, peak: 405M

vm_info: OpenJDK 64-Bit Server VM (11.0.11+9-b60-7590822) for windows-amd64 JRE (11.0.11+9-b60-7590822), built on Jul 29 2021 21:43:44 by "builder" with MS VC++ 14.0 (VS2015)

END.
