#
# There is insufficient memory for the Java Runtime Environment to continue.
# Native memory allocation (malloc) failed to allocate 2159536 bytes for Chunk::new
# Possible reasons:
#   The system is out of physical RAM or swap space
#   The process is running with CompressedOops enabled, and the Java Heap may be blocking the growth of the native heap
# Possible solutions:
#   Reduce memory load on the system
#   Increase physical memory or swap space
#   Check if swap backing store is full
#   Decrease Java heap size (-Xmx/-Xms)
#   Decrease number of Java threads
#   Decrease Java thread stack sizes (-Xss)
#   Set larger code cache with -XX:ReservedCodeCacheSize=
#   JVM is running with Unscaled Compressed Oops mode in which the Java heap is
#     placed in the first 4GB address space. The Java Heap base address is the
#     maximum limit for the native heap growth. Please use -XX:HeapBaseMinAddress
#     to set the Java Heap base and to place the Java Heap above 4GB virtual address.
# This output file may be truncated or incomplete.
#
#  Out of Memory Error (./src/hotspot/share/memory/arena.cpp:197), pid=7400, tid=12880
#
# JRE version: OpenJDK Runtime Environment (11.0.11+9) (build 11.0.11+9-b60-7590822)
# Java VM: OpenJDK 64-Bit Server VM (11.0.11+9-b60-7590822, mixed mode, tiered, compressed oops, g1 gc, windows-amd64)
# No core dump will be written. Minidumps are not enabled by default on client versions of Windows
#

---------------  S U M M A R Y ------------

Command Line: --add-opens=java.base/java.util=ALL-UNNAMED --add-opens=java.base/java.lang=ALL-UNNAMED --add-opens=java.base/java.lang.invoke=ALL-UNNAMED --add-opens=java.base/java.util=ALL-UNNAMED --add-opens=java.prefs/java.util.prefs=ALL-UNNAMED --add-opens=java.prefs/java.util.prefs=ALL-UNNAMED --add-opens=java.base/java.nio.charset=ALL-UNNAMED --add-opens=java.base/java.net=ALL-UNNAMED --add-opens=java.base/java.util.concurrent.atomic=ALL-UNNAMED -Xmx2048m -Dfile.encoding=UTF-8 -Duser.country=BR -Duser.language=pt -Duser.variant org.gradle.launcher.daemon.bootstrap.GradleDaemon 7.2

Host: Intel(R) Core(TM) i5-3320M CPU @ 2.60GHz, 4 cores, 11G,  Windows 10 , 64 bit Build 19041 (10.0.19041.1503)
Time: Fri Mar 11 09:00:11 2022 Hora oficial do Brasil elapsed time: 24.464921 seconds (0d 0h 0m 24s)

---------------  T H R E A D  ---------------

Current thread (0x000001edac2c9000):  JavaThread "C2 CompilerThread0" daemon [_thread_in_native, id=12880, stack(0x0000004769200000,0x0000004769300000)]


Current CompileTask:
C2:  24465 3881       4       java.lang.invoke.LambdaForm$Name::replaceNames (174 bytes)

Stack: [0x0000004769200000,0x0000004769300000]
Native frames: (J=compiled Java code, j=interpreted, Vv=VM code, C=native code)
V  [jvm.dll+0x5f214a]
V  [jvm.dll+0x726fb5]
V  [jvm.dll+0x7285cd]
V  [jvm.dll+0x728c83]
V  [jvm.dll+0x243278]
V  [jvm.dll+0xbc53c]
V  [jvm.dll+0xbca3c]
V  [jvm.dll+0x353e3b]
V  [jvm.dll+0x321893]
V  [jvm.dll+0x320d8a]
V  [jvm.dll+0x1fc1e2]
V  [jvm.dll+0x1fb3d4]
V  [jvm.dll+0x183d6c]
V  [jvm.dll+0x209a57]
V  [jvm.dll+0x2082a1]
V  [jvm.dll+0x6ef58f]
V  [jvm.dll+0x6e80b5]
V  [jvm.dll+0x5f1036]
C  [ucrtbase.dll+0x21bb2]
C  [KERNEL32.DLL+0x17034]
C  [ntdll.dll+0x52651]


---------------  P R O C E S S  ---------------

Threads class SMR info:
_java_thread_list=0x000001edb265d110, length=37, elements={
0x000001ed9073a800, 0x000001edacad1800, 0x000001edacad5000, 0x000001edac2c4800,
0x000001edac2c5800, 0x000001edac2c8000, 0x000001edac2c9000, 0x000001edacb83800,
0x000001edacb86000, 0x000001edacc7f800, 0x000001edae52c800, 0x000001edad619800,
0x000001edae465800, 0x000001edaf8cf800, 0x000001edae2ce800, 0x000001edaf7fd800,
0x000001edafb2d000, 0x000001edadb0b800, 0x000001edae33a000, 0x000001edae33f000,
0x000001edae33d800, 0x000001edae33f800, 0x000001edae33b800, 0x000001edae33c800,
0x000001edae33b000, 0x000001edae340800, 0x000001edae33e000, 0x000001edb27b3000,
0x000001edb27b8000, 0x000001edb27b7000, 0x000001edb06ef000, 0x000001edb27b6800,
0x000001edb27b5000, 0x000001edb27b4000, 0x000001edb27be800, 0x000001edb27bf800,
0x000001edb27bd000
}

Java Threads: ( => current thread )
  0x000001ed9073a800 JavaThread "main" [_thread_blocked, id=12244, stack(0x0000004768600000,0x0000004768700000)]
  0x000001edacad1800 JavaThread "Reference Handler" daemon [_thread_blocked, id=14108, stack(0x0000004768d00000,0x0000004768e00000)]
  0x000001edacad5000 JavaThread "Finalizer" daemon [_thread_blocked, id=6964, stack(0x0000004768e00000,0x0000004768f00000)]
  0x000001edac2c4800 JavaThread "Signal Dispatcher" daemon [_thread_blocked, id=12656, stack(0x0000004768f00000,0x0000004769000000)]
  0x000001edac2c5800 JavaThread "Attach Listener" daemon [_thread_blocked, id=8756, stack(0x0000004769000000,0x0000004769100000)]
  0x000001edac2c8000 JavaThread "Service Thread" daemon [_thread_blocked, id=9044, stack(0x0000004769100000,0x0000004769200000)]
=>0x000001edac2c9000 JavaThread "C2 CompilerThread0" daemon [_thread_in_native, id=12880, stack(0x0000004769200000,0x0000004769300000)]
  0x000001edacb83800 JavaThread "C1 CompilerThread0" daemon [_thread_in_native, id=14856, stack(0x0000004769300000,0x0000004769400000)]
  0x000001edacb86000 JavaThread "Sweeper thread" daemon [_thread_blocked, id=13076, stack(0x0000004769400000,0x0000004769500000)]
  0x000001edacc7f800 JavaThread "Common-Cleaner" daemon [_thread_blocked, id=4420, stack(0x0000004769500000,0x0000004769600000)]
  0x000001edae52c800 JavaThread "Daemon health stats" [_thread_blocked, id=6092, stack(0x0000004769b00000,0x0000004769c00000)]
  0x000001edad619800 JavaThread "Incoming local TCP Connector on port 59649" [_thread_in_native, id=12204, stack(0x0000004769a00000,0x0000004769b00000)]
  0x000001edae465800 JavaThread "Daemon periodic checks" [_thread_blocked, id=4552, stack(0x0000004769c00000,0x0000004769d00000)]
  0x000001edaf8cf800 JavaThread "Daemon" [_thread_blocked, id=3272, stack(0x0000004769d00000,0x0000004769e00000)]
  0x000001edae2ce800 JavaThread "Handler for socket connection from /127.0.0.1:59649 to /127.0.0.1:59650" [_thread_in_native, id=14784, stack(0x0000004769e00000,0x0000004769f00000)]
  0x000001edaf7fd800 JavaThread "Cancel handler" [_thread_blocked, id=14852, stack(0x0000004769f00000,0x000000476a000000)]
  0x000001edafb2d000 JavaThread "Daemon worker" [_thread_in_Java, id=14468, stack(0x000000476a000000,0x000000476a100000)]
  0x000001edadb0b800 JavaThread "Asynchronous log dispatcher for DefaultDaemonConnection: socket connection from /127.0.0.1:59649 to /127.0.0.1:59650" [_thread_blocked, id=3152, stack(0x000000476a100000,0x000000476a200000)]
  0x000001edae33a000 JavaThread "Stdin handler" [_thread_blocked, id=11756, stack(0x000000476a200000,0x000000476a300000)]
  0x000001edae33f000 JavaThread "Daemon client event forwarder" [_thread_blocked, id=14788, stack(0x000000476a300000,0x000000476a400000)]
  0x000001edae33d800 JavaThread "Cache worker for journal cache (C:\Users\jhonl\.gradle\caches\journal-1)" [_thread_blocked, id=10344, stack(0x000000476a400000,0x000000476a500000)]
  0x000001edae33f800 JavaThread "File lock request listener" [_thread_in_native, id=15304, stack(0x000000476a500000,0x000000476a600000)]
  0x000001edae33b800 JavaThread "Cache worker for file hash cache (C:\Users\jhonl\.gradle\caches\7.2\fileHashes)" [_thread_blocked, id=1244, stack(0x000000476a600000,0x000000476a700000)]
  0x000001edae33c800 JavaThread "Cache worker for file hash cache (C:\Users\jhonl\AndroidStudioProjects\Contador\.gradle\7.2\fileHashes)" [_thread_blocked, id=2824, stack(0x000000476a800000,0x000000476a900000)]
  0x000001edae33b000 JavaThread "File watcher server" daemon [_thread_in_native, id=4996, stack(0x000000476a900000,0x000000476aa00000)]
  0x000001edae340800 JavaThread "File watcher consumer" daemon [_thread_blocked, id=14240, stack(0x000000476aa00000,0x000000476ab00000)]
  0x000001edae33e000 JavaThread "Cache worker for checksums cache (C:\Users\jhonl\AndroidStudioProjects\Contador\.gradle\checksums)" [_thread_blocked, id=11032, stack(0x000000476ab00000,0x000000476ac00000)]
  0x000001edb27b3000 JavaThread "Cache worker for cache directory md-supplier (C:\Users\jhonl\.gradle\caches\7.2\md-supplier)" [_thread_blocked, id=4380, stack(0x000000476ac00000,0x000000476ad00000)]
  0x000001edb27b8000 JavaThread "Cache worker for cache directory md-rule (C:\Users\jhonl\.gradle\caches\7.2\md-rule)" [_thread_blocked, id=4020, stack(0x000000476ad00000,0x000000476ae00000)]
  0x000001edb27b7000 JavaThread "Cache worker for execution history cache (C:\Users\jhonl\.gradle\caches\7.2\executionHistory)" [_thread_blocked, id=13368, stack(0x000000476ae00000,0x000000476af00000)]
  0x000001edb06ef000 JavaThread "C2 CompilerThread1" daemon [_thread_in_native, id=14700, stack(0x000000476a700000,0x000000476a800000)]
  0x000001edb27b6800 JavaThread "jar transforms" [_thread_blocked, id=13672, stack(0x000000476af00000,0x000000476b000000)]
  0x000001edb27b5000 JavaThread "Cache worker for file content cache (C:\Users\jhonl\.gradle\caches\7.2\fileContent)" [_thread_blocked, id=9880, stack(0x000000476b000000,0x000000476b100000)]
  0x000001edb27b4000 JavaThread "jar transforms Thread 2" [_thread_blocked, id=14840, stack(0x000000476b100000,0x000000476b200000)]
  0x000001edb27be800 JavaThread "Cache worker for dependencies-accessors (C:\Users\jhonl\AndroidStudioProjects\Contador\.gradle\7.2\dependencies-accessors)" [_thread_blocked, id=15016, stack(0x000000476b200000,0x000000476b300000)]
  0x000001edb27bf800 JavaThread "jar transforms Thread 3" [_thread_blocked, id=15320, stack(0x000000476b300000,0x000000476b400000)]
  0x000001edb27bd000 JavaThread "Cache worker for Build Output Cleanup Cache (C:\Users\jhonl\AndroidStudioProjects\Contador\.gradle\buildOutputCleanup)" [_thread_blocked, id=13536, stack(0x000000476b400000,0x000000476b500000)]

Other Threads:
  0x000001edac2b1000 VMThread "VM Thread" [stack: 0x0000004768c00000,0x0000004768d00000] [id=13704]
  0x000001edaccdf000 WatcherThread [stack: 0x0000004769600000,0x0000004769700000] [id=9884]
  0x000001ed90753800 GCTaskThread "GC Thread#0" [stack: 0x0000004768700000,0x0000004768800000] [id=11040]
  0x000001edacd6a800 GCTaskThread "GC Thread#1" [stack: 0x0000004769700000,0x0000004769800000] [id=4864]
  0x000001edad28a800 GCTaskThread "GC Thread#2" [stack: 0x0000004769800000,0x0000004769900000] [id=12936]
  0x000001edad135800 GCTaskThread "GC Thread#3" [stack: 0x0000004769900000,0x0000004769a00000] [id=11996]
  0x000001ed90784800 ConcurrentGCThread "G1 Main Marker" [stack: 0x0000004768800000,0x0000004768900000] [id=11856]
  0x000001ed90785800 ConcurrentGCThread "G1 Conc#0" [stack: 0x0000004768900000,0x0000004768a00000] [id=876]
  0x000001ed9081e000 ConcurrentGCThread "G1 Refine#0" [stack: 0x0000004768a00000,0x0000004768b00000] [id=4940]
  0x000001edac0fe800 ConcurrentGCThread "G1 Young RemSet Sampling" [stack: 0x0000004768b00000,0x0000004768c00000] [id=12044]

Threads with active compile tasks:
C2 CompilerThread0  24531 3881       4       java.lang.invoke.LambdaForm$Name::replaceNames (174 bytes)
C2 CompilerThread1  24531 4316       4       org.gradle.api.internal.artifacts.ivyservice.modulecache.StringDeduplicatingDecoder::readString (22 bytes)

VM state:not at safepoint (normal execution)

VM Mutex/Monitor currently owned by a thread: None

Heap address: 0x0000000080000000, size: 2048 MB, Compressed Oops mode: 32-bit
Narrow klass base: 0x0000000000000000, Narrow klass shift: 3
Compressed class space size: 1073741824 Address: 0x0000000100000000

Heap:
 garbage-first heap   total 196608K, used 67924K [0x0000000080000000, 0x0000000100000000)
  region size 1024K, 52 young (53248K), 14 survivors (14336K)
 Metaspace       used 46923K, capacity 48058K, committed 48208K, reserved 1091584K
  class space    used 6029K, capacity 6467K, committed 6528K, reserved 1048576K
Heap Regions: E=young(eden), S=young(survivor), O=old, HS=humongous(starts), HC=humongous(continues), CS=collection set, F=free, A=archive, TAMS=top-at-mark-start (previous, next)
|   0|0x0000000080000000, 0x0000000080100000, 0x0000000080100000|100%| O|  |TAMS 0x0000000080100000, 0x0000000080000000| Untracked 
|   1|0x0000000080100000, 0x0000000080200000, 0x0000000080200000|100%| O|  |TAMS 0x0000000080200000, 0x0000000080100000| Untracked 
|   2|0x0000000080200000, 0x0000000080300000, 0x0000000080300000|100%| O|  |TAMS 0x0000000080300000, 0x0000000080200000| Untracked 
|   3|0x0000000080300000, 0x0000000080400000, 0x0000000080400000|100%|HS|  |TAMS 0x0000000080400000, 0x0000000080300000| Complete 
|   4|0x0000000080400000, 0x0000000080500000, 0x0000000080500000|100%|HC|  |TAMS 0x0000000080500000, 0x0000000080400000| Complete 
|   5|0x0000000080500000, 0x0000000080600000, 0x0000000080600000|100%|HC|  |TAMS 0x0000000080600000, 0x0000000080500000| Complete 
|   6|0x0000000080600000, 0x0000000080700000, 0x0000000080700000|100%| O|  |TAMS 0x0000000080700000, 0x0000000080600000| Untracked 
|   7|0x0000000080700000, 0x0000000080800000, 0x0000000080800000|100%| O|  |TAMS 0x0000000080800000, 0x0000000080700000| Untracked 
|   8|0x0000000080800000, 0x0000000080900000, 0x0000000080900000|100%| O|  |TAMS 0x0000000080900000, 0x0000000080800000| Untracked 
|   9|0x0000000080900000, 0x0000000080a00000, 0x0000000080a00000|100%| O|  |TAMS 0x0000000080a00000, 0x0000000080900000| Untracked 
|  10|0x0000000080a00000, 0x0000000080b00000, 0x0000000080b00000|100%| O|  |TAMS 0x0000000080b00000, 0x0000000080a00000| Untracked 
|  11|0x0000000080b00000, 0x0000000080c00000, 0x0000000080c00000|100%| O|  |TAMS 0x0000000080c00000, 0x0000000080b00000| Untracked 
|  12|0x0000000080c00000, 0x0000000080d00000, 0x0000000080d00000|100%| O|  |TAMS 0x0000000080d00000, 0x0000000080c00000| Untracked 
|  13|0x0000000080d00000, 0x0000000080e00000, 0x0000000080e00000|100%| O|  |TAMS 0x0000000080e00000, 0x0000000080d00000| Untracked 
|  14|0x0000000080e00000, 0x0000000080f00000, 0x0000000080f00000|100%| O|  |TAMS 0x0000000080f00000, 0x0000000080e00000| Untracked 
|  15|0x0000000080f00000, 0x0000000080fdf800, 0x0000000081000000| 87%| O|  |TAMS 0x0000000080fdf800, 0x0000000080f00000| Untracked 
|  16|0x0000000081000000, 0x0000000081000000, 0x0000000081100000|  0%| F|  |TAMS 0x0000000081000000, 0x0000000081000000| Untracked 
|  17|0x0000000081100000, 0x0000000081100000, 0x0000000081200000|  0%| F|  |TAMS 0x0000000081100000, 0x0000000081100000| Untracked 
|  18|0x0000000081200000, 0x0000000081200000, 0x0000000081300000|  0%| F|  |TAMS 0x0000000081200000, 0x0000000081200000| Untracked 
|  19|0x0000000081300000, 0x0000000081300000, 0x0000000081400000|  0%| F|  |TAMS 0x0000000081300000, 0x0000000081300000| Untracked 
|  20|0x0000000081400000, 0x0000000081400000, 0x0000000081500000|  0%| F|  |TAMS 0x0000000081400000, 0x0000000081400000| Untracked 
|  21|0x0000000081500000, 0x0000000081500000, 0x0000000081600000|  0%| F|  |TAMS 0x0000000081500000, 0x0000000081500000| Untracked 
|  22|0x0000000081600000, 0x0000000081600000, 0x0000000081700000|  0%| F|  |TAMS 0x0000000081600000, 0x0000000081600000| Untracked 
|  23|0x0000000081700000, 0x0000000081700000, 0x0000000081800000|  0%| F|  |TAMS 0x0000000081700000, 0x0000000081700000| Untracked 
|  24|0x0000000081800000, 0x0000000081800000, 0x0000000081900000|  0%| F|  |TAMS 0x0000000081800000, 0x0000000081800000| Untracked 
|  25|0x0000000081900000, 0x0000000081900000, 0x0000000081a00000|  0%| F|  |TAMS 0x0000000081900000, 0x0000000081900000| Untracked 
|  26|0x0000000081a00000, 0x0000000081a00000, 0x0000000081b00000|  0%| F|  |TAMS 0x0000000081a00000, 0x0000000081a00000| Untracked 
|  27|0x0000000081b00000, 0x0000000081b00000, 0x0000000081c00000|  0%| F|  |TAMS 0x0000000081b00000, 0x0000000081b00000| Untracked 
|  28|0x0000000081c00000, 0x0000000081c00000, 0x0000000081d00000|  0%| F|  |TAMS 0x0000000081c00000, 0x0000000081c00000| Untracked 
|  29|0x0000000081d00000, 0x0000000081d00000, 0x0000000081e00000|  0%| F|  |TAMS 0x0000000081d00000, 0x0000000081d00000| Untracked 
|  30|0x0000000081e00000, 0x0000000081e00000, 0x0000000081f00000|  0%| F|  |TAMS 0x0000000081e00000, 0x0000000081e00000| Untracked 
|  31|0x0000000081f00000, 0x0000000081f00000, 0x0000000082000000|  0%| F|  |TAMS 0x0000000081f00000, 0x0000000081f00000| Untracked 
|  32|0x0000000082000000, 0x0000000082000000, 0x0000000082100000|  0%| F|  |TAMS 0x0000000082000000, 0x0000000082000000| Untracked 
|  33|0x0000000082100000, 0x0000000082100000, 0x0000000082200000|  0%| F|  |TAMS 0x0000000082100000, 0x0000000082100000| Untracked 
|  34|0x0000000082200000, 0x0000000082200000, 0x0000000082300000|  0%| F|  |TAMS 0x0000000082200000, 0x0000000082200000| Untracked 
|  35|0x0000000082300000, 0x0000000082300000, 0x0000000082400000|  0%| F|  |TAMS 0x0000000082300000, 0x0000000082300000| Untracked 
|  36|0x0000000082400000, 0x0000000082400000, 0x0000000082500000|  0%| F|  |TAMS 0x0000000082400000, 0x0000000082400000| Untracked 
|  37|0x0000000082500000, 0x0000000082500000, 0x0000000082600000|  0%| F|  |TAMS 0x0000000082500000, 0x0000000082500000| Untracked 
|  38|0x0000000082600000, 0x0000000082600000, 0x0000000082700000|  0%| F|  |TAMS 0x0000000082600000, 0x0000000082600000| Untracked 
|  39|0x0000000082700000, 0x0000000082700000, 0x0000000082800000|  0%| F|  |TAMS 0x0000000082700000, 0x0000000082700000| Untracked 
|  40|0x0000000082800000, 0x0000000082800000, 0x0000000082900000|  0%| F|  |TAMS 0x0000000082800000, 0x0000000082800000| Untracked 
|  41|0x0000000082900000, 0x0000000082900000, 0x0000000082a00000|  0%| F|  |TAMS 0x0000000082900000, 0x0000000082900000| Untracked 
|  42|0x0000000082a00000, 0x0000000082a00000, 0x0000000082b00000|  0%| F|  |TAMS 0x0000000082a00000, 0x0000000082a00000| Untracked 
|  43|0x0000000082b00000, 0x0000000082b00000, 0x0000000082c00000|  0%| F|  |TAMS 0x0000000082b00000, 0x0000000082b00000| Untracked 
|  44|0x0000000082c00000, 0x0000000082c00000, 0x0000000082d00000|  0%| F|  |TAMS 0x0000000082c00000, 0x0000000082c00000| Untracked 
|  45|0x0000000082d00000, 0x0000000082d00000, 0x0000000082e00000|  0%| F|  |TAMS 0x0000000082d00000, 0x0000000082d00000| Untracked 
|  46|0x0000000082e00000, 0x0000000082e00000, 0x0000000082f00000|  0%| F|  |TAMS 0x0000000082e00000, 0x0000000082e00000| Untracked 
|  47|0x0000000082f00000, 0x0000000082f00000, 0x0000000083000000|  0%| F|  |TAMS 0x0000000082f00000, 0x0000000082f00000| Untracked 
|  48|0x0000000083000000, 0x0000000083000000, 0x0000000083100000|  0%| F|  |TAMS 0x0000000083000000, 0x0000000083000000| Untracked 
|  49|0x0000000083100000, 0x0000000083100000, 0x0000000083200000|  0%| F|  |TAMS 0x0000000083100000, 0x0000000083100000| Untracked 
|  50|0x0000000083200000, 0x0000000083200000, 0x0000000083300000|  0%| F|  |TAMS 0x0000000083200000, 0x0000000083200000| Untracked 
|  51|0x0000000083300000, 0x0000000083300000, 0x0000000083400000|  0%| F|  |TAMS 0x0000000083300000, 0x0000000083300000| Untracked 
|  52|0x0000000083400000, 0x0000000083400000, 0x0000000083500000|  0%| F|  |TAMS 0x0000000083400000, 0x0000000083400000| Untracked 
|  53|0x0000000083500000, 0x0000000083500000, 0x0000000083600000|  0%| F|  |TAMS 0x0000000083500000, 0x0000000083500000| Untracked 
|  54|0x0000000083600000, 0x0000000083600000, 0x0000000083700000|  0%| F|  |TAMS 0x0000000083600000, 0x0000000083600000| Untracked 
|  55|0x0000000083700000, 0x0000000083700000, 0x0000000083800000|  0%| F|  |TAMS 0x0000000083700000, 0x0000000083700000| Untracked 
|  56|0x0000000083800000, 0x0000000083800000, 0x0000000083900000|  0%| F|  |TAMS 0x0000000083800000, 0x0000000083800000| Untracked 
|  57|0x0000000083900000, 0x0000000083900000, 0x0000000083a00000|  0%| F|  |TAMS 0x0000000083900000, 0x0000000083900000| Untracked 
|  58|0x0000000083a00000, 0x0000000083a00000, 0x0000000083b00000|  0%| F|  |TAMS 0x0000000083a00000, 0x0000000083a00000| Untracked 
|  59|0x0000000083b00000, 0x0000000083b00000, 0x0000000083c00000|  0%| F|  |TAMS 0x0000000083b00000, 0x0000000083b00000| Untracked 
|  60|0x0000000083c00000, 0x0000000083c00000, 0x0000000083d00000|  0%| F|  |TAMS 0x0000000083c00000, 0x0000000083c00000| Untracked 
|  61|0x0000000083d00000, 0x0000000083d00000, 0x0000000083e00000|  0%| F|  |TAMS 0x0000000083d00000, 0x0000000083d00000| Untracked 
|  62|0x0000000083e00000, 0x0000000083e00000, 0x0000000083f00000|  0%| F|  |TAMS 0x0000000083e00000, 0x0000000083e00000| Untracked 
|  63|0x0000000083f00000, 0x0000000083f75ae8, 0x0000000084000000| 45%| S|CS|TAMS 0x0000000083f00000, 0x0000000083f00000| Complete 
|  64|0x0000000084000000, 0x0000000084100000, 0x0000000084100000|100%| S|CS|TAMS 0x0000000084000000, 0x0000000084000000| Complete 
|  65|0x0000000084100000, 0x0000000084200000, 0x0000000084200000|100%| S|CS|TAMS 0x0000000084100000, 0x0000000084100000| Complete 
|  66|0x0000000084200000, 0x0000000084300000, 0x0000000084300000|100%| S|CS|TAMS 0x0000000084200000, 0x0000000084200000| Complete 
|  67|0x0000000084300000, 0x0000000084400000, 0x0000000084400000|100%| S|CS|TAMS 0x0000000084300000, 0x0000000084300000| Complete 
|  68|0x0000000084400000, 0x0000000084500000, 0x0000000084500000|100%| S|CS|TAMS 0x0000000084400000, 0x0000000084400000| Complete 
|  69|0x0000000084500000, 0x0000000084600000, 0x0000000084600000|100%| S|CS|TAMS 0x0000000084500000, 0x0000000084500000| Complete 
|  70|0x0000000084600000, 0x0000000084700000, 0x0000000084700000|100%| S|CS|TAMS 0x0000000084600000, 0x0000000084600000| Complete 
|  71|0x0000000084700000, 0x0000000084800000, 0x0000000084800000|100%| S|CS|TAMS 0x0000000084700000, 0x0000000084700000| Complete 
|  72|0x0000000084800000, 0x0000000084900000, 0x0000000084900000|100%| S|CS|TAMS 0x0000000084800000, 0x0000000084800000| Complete 
|  73|0x0000000084900000, 0x0000000084a00000, 0x0000000084a00000|100%| S|CS|TAMS 0x0000000084900000, 0x0000000084900000| Complete 
|  74|0x0000000084a00000, 0x0000000084b00000, 0x0000000084b00000|100%| S|CS|TAMS 0x0000000084a00000, 0x0000000084a00000| Complete 
|  75|0x0000000084b00000, 0x0000000084c00000, 0x0000000084c00000|100%| S|CS|TAMS 0x0000000084b00000, 0x0000000084b00000| Complete 
|  76|0x0000000084c00000, 0x0000000084d00000, 0x0000000084d00000|100%| S|CS|TAMS 0x0000000084c00000, 0x0000000084c00000| Complete 
|  77|0x0000000084d00000, 0x0000000084d00000, 0x0000000084e00000|  0%| F|  |TAMS 0x0000000084d00000, 0x0000000084d00000| Untracked 
|  78|0x0000000084e00000, 0x0000000084e00000, 0x0000000084f00000|  0%| F|  |TAMS 0x0000000084e00000, 0x0000000084e00000| Untracked 
|  79|0x0000000084f00000, 0x0000000084f00000, 0x0000000085000000|  0%| F|  |TAMS 0x0000000084f00000, 0x0000000084f00000| Untracked 
|  80|0x0000000085000000, 0x0000000085000000, 0x0000000085100000|  0%| F|  |TAMS 0x0000000085000000, 0x0000000085000000| Untracked 
|  81|0x0000000085100000, 0x0000000085100000, 0x0000000085200000|  0%| F|  |TAMS 0x0000000085100000, 0x0000000085100000| Untracked 
|  82|0x0000000085200000, 0x0000000085200000, 0x0000000085300000|  0%| F|  |TAMS 0x0000000085200000, 0x0000000085200000| Untracked 
|  83|0x0000000085300000, 0x0000000085300000, 0x0000000085400000|  0%| F|  |TAMS 0x0000000085300000, 0x0000000085300000| Untracked 
|  84|0x0000000085400000, 0x0000000085400000, 0x0000000085500000|  0%| F|  |TAMS 0x0000000085400000, 0x0000000085400000| Untracked 
|  85|0x0000000085500000, 0x0000000085500000, 0x0000000085600000|  0%| F|  |TAMS 0x0000000085500000, 0x0000000085500000| Untracked 
|  86|0x0000000085600000, 0x0000000085600000, 0x0000000085700000|  0%| F|  |TAMS 0x0000000085600000, 0x0000000085600000| Untracked 
|  87|0x0000000085700000, 0x0000000085700000, 0x0000000085800000|  0%| F|  |TAMS 0x0000000085700000, 0x0000000085700000| Untracked 
|  88|0x0000000085800000, 0x0000000085800000, 0x0000000085900000|  0%| F|  |TAMS 0x0000000085800000, 0x0000000085800000| Untracked 
|  89|0x0000000085900000, 0x0000000085900000, 0x0000000085a00000|  0%| F|  |TAMS 0x0000000085900000, 0x0000000085900000| Untracked 
|  90|0x0000000085a00000, 0x0000000085a00000, 0x0000000085b00000|  0%| F|  |TAMS 0x0000000085a00000, 0x0000000085a00000| Untracked 
|  91|0x0000000085b00000, 0x0000000085b00000, 0x0000000085c00000|  0%| F|  |TAMS 0x0000000085b00000, 0x0000000085b00000| Untracked 
|  92|0x0000000085c00000, 0x0000000085c00000, 0x0000000085d00000|  0%| F|  |TAMS 0x0000000085c00000, 0x0000000085c00000| Untracked 
|  93|0x0000000085d00000, 0x0000000085d00000, 0x0000000085e00000|  0%| F|  |TAMS 0x0000000085d00000, 0x0000000085d00000| Untracked 
|  94|0x0000000085e00000, 0x0000000085e00000, 0x0000000085f00000|  0%| F|  |TAMS 0x0000000085e00000, 0x0000000085e00000| Untracked 
|  95|0x0000000085f00000, 0x0000000085f00000, 0x0000000086000000|  0%| F|  |TAMS 0x0000000085f00000, 0x0000000085f00000| Untracked 
|  96|0x0000000086000000, 0x0000000086000000, 0x0000000086100000|  0%| F|  |TAMS 0x0000000086000000, 0x0000000086000000| Untracked 
|  97|0x0000000086100000, 0x0000000086100000, 0x0000000086200000|  0%| F|  |TAMS 0x0000000086100000, 0x0000000086100000| Untracked 
|  98|0x0000000086200000, 0x0000000086200000, 0x0000000086300000|  0%| F|  |TAMS 0x0000000086200000, 0x0000000086200000| Untracked 
|  99|0x0000000086300000, 0x0000000086300000, 0x0000000086400000|  0%| F|  |TAMS 0x0000000086300000, 0x0000000086300000| Untracked 
| 100|0x0000000086400000, 0x0000000086400000, 0x0000000086500000|  0%| F|  |TAMS 0x0000000086400000, 0x0000000086400000| Untracked 
| 101|0x0000000086500000, 0x0000000086500000, 0x0000000086600000|  0%| F|  |TAMS 0x0000000086500000, 0x0000000086500000| Untracked 
| 102|0x0000000086600000, 0x0000000086600000, 0x0000000086700000|  0%| F|  |TAMS 0x0000000086600000, 0x0000000086600000| Untracked 
| 103|0x0000000086700000, 0x0000000086700000, 0x0000000086800000|  0%| F|  |TAMS 0x0000000086700000, 0x0000000086700000| Untracked 
| 104|0x0000000086800000, 0x0000000086800000, 0x0000000086900000|  0%| F|  |TAMS 0x0000000086800000, 0x0000000086800000| Untracked 
| 105|0x0000000086900000, 0x0000000086900000, 0x0000000086a00000|  0%| F|  |TAMS 0x0000000086900000, 0x0000000086900000| Untracked 
| 106|0x0000000086a00000, 0x0000000086a00000, 0x0000000086b00000|  0%| F|  |TAMS 0x0000000086a00000, 0x0000000086a00000| Untracked 
| 107|0x0000000086b00000, 0x0000000086b00000, 0x0000000086c00000|  0%| F|  |TAMS 0x0000000086b00000, 0x0000000086b00000| Untracked 
| 108|0x0000000086c00000, 0x0000000086c00000, 0x0000000086d00000|  0%| F|  |TAMS 0x0000000086c00000, 0x0000000086c00000| Untracked 
| 109|0x0000000086d00000, 0x0000000086d00000, 0x0000000086e00000|  0%| F|  |TAMS 0x0000000086d00000, 0x0000000086d00000| Untracked 
| 110|0x0000000086e00000, 0x0000000086e00000, 0x0000000086f00000|  0%| F|  |TAMS 0x0000000086e00000, 0x0000000086e00000| Untracked 
| 111|0x0000000086f00000, 0x0000000086f00000, 0x0000000087000000|  0%| F|  |TAMS 0x0000000086f00000, 0x0000000086f00000| Untracked 
| 112|0x0000000087000000, 0x0000000087000000, 0x0000000087100000|  0%| F|  |TAMS 0x0000000087000000, 0x0000000087000000| Untracked 
| 113|0x0000000087100000, 0x0000000087100000, 0x0000000087200000|  0%| F|  |TAMS 0x0000000087100000, 0x0000000087100000| Untracked 
| 114|0x0000000087200000, 0x0000000087200000, 0x0000000087300000|  0%| F|  |TAMS 0x0000000087200000, 0x0000000087200000| Untracked 
| 115|0x0000000087300000, 0x0000000087300000, 0x0000000087400000|  0%| F|  |TAMS 0x0000000087300000, 0x0000000087300000| Untracked 
| 116|0x0000000087400000, 0x0000000087400000, 0x0000000087500000|  0%| F|  |TAMS 0x0000000087400000, 0x0000000087400000| Untracked 
| 117|0x0000000087500000, 0x0000000087500000, 0x0000000087600000|  0%| F|  |TAMS 0x0000000087500000, 0x0000000087500000| Untracked 
| 118|0x0000000087600000, 0x0000000087600000, 0x0000000087700000|  0%| F|  |TAMS 0x0000000087600000, 0x0000000087600000| Untracked 
| 119|0x0000000087700000, 0x0000000087700000, 0x0000000087800000|  0%| F|  |TAMS 0x0000000087700000, 0x0000000087700000| Untracked 
| 120|0x0000000087800000, 0x0000000087800000, 0x0000000087900000|  0%| F|  |TAMS 0x0000000087800000, 0x0000000087800000| Untracked 
| 121|0x0000000087900000, 0x0000000087900000, 0x0000000087a00000|  0%| F|  |TAMS 0x0000000087900000, 0x0000000087900000| Untracked 
| 122|0x0000000087a00000, 0x0000000087a00000, 0x0000000087b00000|  0%| F|  |TAMS 0x0000000087a00000, 0x0000000087a00000| Untracked 
| 123|0x0000000087b00000, 0x0000000087b00000, 0x0000000087c00000|  0%| F|  |TAMS 0x0000000087b00000, 0x0000000087b00000| Untracked 
| 124|0x0000000087c00000, 0x0000000087c00000, 0x0000000087d00000|  0%| F|  |TAMS 0x0000000087c00000, 0x0000000087c00000| Untracked 
| 125|0x0000000087d00000, 0x0000000087d00000, 0x0000000087e00000|  0%| F|  |TAMS 0x0000000087d00000, 0x0000000087d00000| Untracked 
| 126|0x0000000087e00000, 0x0000000087e00000, 0x0000000087f00000|  0%| F|  |TAMS 0x0000000087e00000, 0x0000000087e00000| Untracked 
| 127|0x0000000087f00000, 0x0000000087f00000, 0x0000000088000000|  0%| F|  |TAMS 0x0000000087f00000, 0x0000000087f00000| Untracked 
| 128|0x0000000088000000, 0x0000000088000000, 0x0000000088100000|  0%| F|  |TAMS 0x0000000088000000, 0x0000000088000000| Untracked 
| 129|0x0000000088100000, 0x0000000088100000, 0x0000000088200000|  0%| F|  |TAMS 0x0000000088100000, 0x0000000088100000| Untracked 
| 130|0x0000000088200000, 0x0000000088200000, 0x0000000088300000|  0%| F|  |TAMS 0x0000000088200000, 0x0000000088200000| Untracked 
| 131|0x0000000088300000, 0x0000000088300000, 0x0000000088400000|  0%| F|  |TAMS 0x0000000088300000, 0x0000000088300000| Untracked 
| 132|0x0000000088400000, 0x0000000088400000, 0x0000000088500000|  0%| F|  |TAMS 0x0000000088400000, 0x0000000088400000| Untracked 
| 133|0x0000000088500000, 0x0000000088500000, 0x0000000088600000|  0%| F|  |TAMS 0x0000000088500000, 0x0000000088500000| Untracked 
| 134|0x0000000088600000, 0x0000000088600000, 0x0000000088700000|  0%| F|  |TAMS 0x0000000088600000, 0x0000000088600000| Untracked 
| 135|0x0000000088700000, 0x0000000088700000, 0x0000000088800000|  0%| F|  |TAMS 0x0000000088700000, 0x0000000088700000| Untracked 
| 136|0x0000000088800000, 0x0000000088800000, 0x0000000088900000|  0%| F|  |TAMS 0x0000000088800000, 0x0000000088800000| Untracked 
| 137|0x0000000088900000, 0x0000000088900000, 0x0000000088a00000|  0%| F|  |TAMS 0x0000000088900000, 0x0000000088900000| Untracked 
| 138|0x0000000088a00000, 0x0000000088a00000, 0x0000000088b00000|  0%| F|  |TAMS 0x0000000088a00000, 0x0000000088a00000| Untracked 
| 139|0x0000000088b00000, 0x0000000088b00000, 0x0000000088c00000|  0%| F|  |TAMS 0x0000000088b00000, 0x0000000088b00000| Untracked 
| 140|0x0000000088c00000, 0x0000000088c00000, 0x0000000088d00000|  0%| F|  |TAMS 0x0000000088c00000, 0x0000000088c00000| Untracked 
| 141|0x0000000088d00000, 0x0000000088d00000, 0x0000000088e00000|  0%| F|  |TAMS 0x0000000088d00000, 0x0000000088d00000| Untracked 
| 142|0x0000000088e00000, 0x0000000088e00000, 0x0000000088f00000|  0%| F|  |TAMS 0x0000000088e00000, 0x0000000088e00000| Untracked 
| 143|0x0000000088f00000, 0x0000000088f00000, 0x0000000089000000|  0%| F|  |TAMS 0x0000000088f00000, 0x0000000088f00000| Untracked 
| 144|0x0000000089000000, 0x0000000089000000, 0x0000000089100000|  0%| F|  |TAMS 0x0000000089000000, 0x0000000089000000| Untracked 
| 145|0x0000000089100000, 0x0000000089100000, 0x0000000089200000|  0%| F|  |TAMS 0x0000000089100000, 0x0000000089100000| Untracked 
| 146|0x0000000089200000, 0x0000000089200000, 0x0000000089300000|  0%| F|  |TAMS 0x0000000089200000, 0x0000000089200000| Untracked 
| 147|0x0000000089300000, 0x0000000089300000, 0x0000000089400000|  0%| F|  |TAMS 0x0000000089300000, 0x0000000089300000| Untracked 
| 148|0x0000000089400000, 0x0000000089400000, 0x0000000089500000|  0%| F|  |TAMS 0x0000000089400000, 0x0000000089400000| Untracked 
| 149|0x0000000089500000, 0x0000000089500000, 0x0000000089600000|  0%| F|  |TAMS 0x0000000089500000, 0x0000000089500000| Untracked 
| 150|0x0000000089600000, 0x0000000089600000, 0x0000000089700000|  0%| F|  |TAMS 0x0000000089600000, 0x0000000089600000| Untracked 
| 151|0x0000000089700000, 0x0000000089700000, 0x0000000089800000|  0%| F|  |TAMS 0x0000000089700000, 0x0000000089700000| Untracked 
| 152|0x0000000089800000, 0x0000000089800000, 0x0000000089900000|  0%| F|  |TAMS 0x0000000089800000, 0x0000000089800000| Untracked 
| 153|0x0000000089900000, 0x0000000089980800, 0x0000000089a00000| 50%| E|  |TAMS 0x0000000089900000, 0x0000000089900000| Complete 
| 154|0x0000000089a00000, 0x0000000089b00000, 0x0000000089b00000|100%| E|CS|TAMS 0x0000000089a00000, 0x0000000089a00000| Complete 
| 155|0x0000000089b00000, 0x0000000089c00000, 0x0000000089c00000|100%| E|CS|TAMS 0x0000000089b00000, 0x0000000089b00000| Complete 
| 156|0x0000000089c00000, 0x0000000089d00000, 0x0000000089d00000|100%| E|CS|TAMS 0x0000000089c00000, 0x0000000089c00000| Complete 
| 157|0x0000000089d00000, 0x0000000089e00000, 0x0000000089e00000|100%| E|CS|TAMS 0x0000000089d00000, 0x0000000089d00000| Complete 
| 158|0x0000000089e00000, 0x0000000089f00000, 0x0000000089f00000|100%| E|CS|TAMS 0x0000000089e00000, 0x0000000089e00000| Complete 
| 159|0x0000000089f00000, 0x000000008a000000, 0x000000008a000000|100%| E|CS|TAMS 0x0000000089f00000, 0x0000000089f00000| Complete 
| 160|0x000000008a000000, 0x000000008a100000, 0x000000008a100000|100%| E|CS|TAMS 0x000000008a000000, 0x000000008a000000| Complete 
| 161|0x000000008a100000, 0x000000008a200000, 0x000000008a200000|100%| E|CS|TAMS 0x000000008a100000, 0x000000008a100000| Complete 
| 162|0x000000008a200000, 0x000000008a300000, 0x000000008a300000|100%| E|CS|TAMS 0x000000008a200000, 0x000000008a200000| Complete 
| 163|0x000000008a300000, 0x000000008a400000, 0x000000008a400000|100%| E|CS|TAMS 0x000000008a300000, 0x000000008a300000| Complete 
| 164|0x000000008a400000, 0x000000008a500000, 0x000000008a500000|100%| E|CS|TAMS 0x000000008a400000, 0x000000008a400000| Complete 
| 165|0x000000008a500000, 0x000000008a600000, 0x000000008a600000|100%| E|CS|TAMS 0x000000008a500000, 0x000000008a500000| Complete 
| 166|0x000000008a600000, 0x000000008a700000, 0x000000008a700000|100%| E|CS|TAMS 0x000000008a600000, 0x000000008a600000| Complete 
| 167|0x000000008a700000, 0x000000008a800000, 0x000000008a800000|100%| E|CS|TAMS 0x000000008a700000, 0x000000008a700000| Complete 
| 168|0x000000008a800000, 0x000000008a900000, 0x000000008a900000|100%| E|CS|TAMS 0x000000008a800000, 0x000000008a800000| Complete 
| 169|0x000000008a900000, 0x000000008aa00000, 0x000000008aa00000|100%| E|CS|TAMS 0x000000008a900000, 0x000000008a900000| Complete 
| 170|0x000000008aa00000, 0x000000008ab00000, 0x000000008ab00000|100%| E|CS|TAMS 0x000000008aa00000, 0x000000008aa00000| Complete 
| 171|0x000000008ab00000, 0x000000008ac00000, 0x000000008ac00000|100%| E|CS|TAMS 0x000000008ab00000, 0x000000008ab00000| Complete 
| 172|0x000000008ac00000, 0x000000008ad00000, 0x000000008ad00000|100%| E|CS|TAMS 0x000000008ac00000, 0x000000008ac00000| Complete 
| 173|0x000000008ad00000, 0x000000008ae00000, 0x000000008ae00000|100%| E|CS|TAMS 0x000000008ad00000, 0x000000008ad00000| Complete 
| 174|0x000000008ae00000, 0x000000008af00000, 0x000000008af00000|100%| E|CS|TAMS 0x000000008ae00000, 0x000000008ae00000| Complete 
| 175|0x000000008af00000, 0x000000008b000000, 0x000000008b000000|100%| E|CS|TAMS 0x000000008af00000, 0x000000008af00000| Complete 
| 176|0x000000008b000000, 0x000000008b100000, 0x000000008b100000|100%| E|CS|TAMS 0x000000008b000000, 0x000000008b000000| Complete 
| 177|0x000000008b100000, 0x000000008b200000, 0x000000008b200000|100%| E|CS|TAMS 0x000000008b100000, 0x000000008b100000| Complete 
| 178|0x000000008b200000, 0x000000008b300000, 0x000000008b300000|100%| E|CS|TAMS 0x000000008b200000, 0x000000008b200000| Complete 
| 179|0x000000008b300000, 0x000000008b400000, 0x000000008b400000|100%| E|CS|TAMS 0x000000008b300000, 0x000000008b300000| Complete 
| 180|0x000000008b400000, 0x000000008b500000, 0x000000008b500000|100%| E|CS|TAMS 0x000000008b400000, 0x000000008b400000| Complete 
| 181|0x000000008b500000, 0x000000008b600000, 0x000000008b600000|100%| E|CS|TAMS 0x000000008b500000, 0x000000008b500000| Complete 
| 182|0x000000008b600000, 0x000000008b700000, 0x000000008b700000|100%| E|CS|TAMS 0x000000008b600000, 0x000000008b600000| Complete 
| 183|0x000000008b700000, 0x000000008b800000, 0x000000008b800000|100%| E|CS|TAMS 0x000000008b700000, 0x000000008b700000| Complete 
| 184|0x000000008b800000, 0x000000008b900000, 0x000000008b900000|100%| E|CS|TAMS 0x000000008b800000, 0x000000008b800000| Complete 
| 185|0x000000008b900000, 0x000000008ba00000, 0x000000008ba00000|100%| E|CS|TAMS 0x000000008b900000, 0x000000008b900000| Complete 
| 186|0x000000008ba00000, 0x000000008bb00000, 0x000000008bb00000|100%| E|CS|TAMS 0x000000008ba00000, 0x000000008ba00000| Complete 
| 187|0x000000008bb00000, 0x000000008bc00000, 0x000000008bc00000|100%| E|CS|TAMS 0x000000008bb00000, 0x000000008bb00000| Complete 
| 188|0x000000008bc00000, 0x000000008bd00000, 0x000000008bd00000|100%| E|CS|TAMS 0x000000008bc00000, 0x000000008bc00000| Complete 
| 189|0x000000008bd00000, 0x000000008be00000, 0x000000008be00000|100%| E|CS|TAMS 0x000000008bd00000, 0x000000008bd00000| Complete 
| 190|0x000000008be00000, 0x000000008bf00000, 0x000000008bf00000|100%| E|CS|TAMS 0x000000008be00000, 0x000000008be00000| Complete 
| 191|0x000000008bf00000, 0x000000008c000000, 0x000000008c000000|100%| E|CS|TAMS 0x000000008bf00000, 0x000000008bf00000| Complete 

Card table byte_map: [0x000001eda5440000,0x000001eda5840000] _byte_map_base: 0x000001eda5040000

Marking Bits (Prev, Next): (CMBitMap*) 0x000001ed9077bde8, (CMBitMap*) 0x000001ed9077be20
 Prev Bits: [0x000001eda5c40000, 0x000001eda7c40000)
 Next Bits: [0x000001eda7c40000, 0x000001eda9c40000)

Polling page: 0x000001ed90820000

Metaspace:

Usage:
  Non-class:     40.62 MB capacity,    39.94 MB ( 98%) used,   570.23 KB (  1%) free+waste,   117.31 KB ( <1%) overhead. 
      Class:      6.32 MB capacity,     5.89 MB ( 93%) used,   381.59 KB (  6%) free+waste,    56.38 KB ( <1%) overhead. 
       Both:     46.93 MB capacity,    45.83 MB ( 98%) used,   951.81 KB (  2%) free+waste,   173.69 KB ( <1%) overhead. 

Virtual space:
  Non-class space:       42.00 MB reserved,      40.70 MB ( 97%) committed 
      Class space:        1.00 GB reserved,       6.38 MB ( <1%) committed 
             Both:        1.04 GB reserved,      47.08 MB (  4%) committed 

Chunk freelists:
   Non-Class:  25.00 KB
       Class:  29.00 KB
        Both:  54.00 KB

MaxMetaspaceSize: 17179869184.00 GB
CompressedClassSpaceSize: 1.00 GB

CodeHeap 'non-profiled nmethods': size=120064Kb used=2111Kb max_used=2111Kb free=117952Kb
 bounds [0x000001ed9d4d0000, 0x000001ed9d740000, 0x000001eda4a10000]
CodeHeap 'profiled nmethods': size=120000Kb used=8608Kb max_used=8608Kb free=111391Kb
 bounds [0x000001ed95fa0000, 0x000001ed96810000, 0x000001ed9d4d0000]
CodeHeap 'non-nmethods': size=5696Kb used=2215Kb max_used=2273Kb free=3481Kb
 bounds [0x000001ed95a10000, 0x000001ed95c80000, 0x000001ed95fa0000]
 total_blobs=5082 nmethods=4297 adapters=696
 compilation: enabled
              stopped_count=0, restarted_count=0
 full_count=0

Compilation events (20 events):
Event: 24.448 Thread 0x000001edacb83800 4219       2       com.google.common.collect.ImmutableSet$SetBuilderImpl::<init> (18 bytes)
Event: 24.449 Thread 0x000001edacb83800 nmethod 4219 0x000001ed967ea190 code [0x000001ed967ea340, 0x000001ed967ea538]
Event: 24.449 Thread 0x000001edacb83800 4224       1       java.util.stream.FindOps$FindOp::getOpFlags (5 bytes)
Event: 24.449 Thread 0x000001edacb83800 nmethod 4224 0x000001ed9d6cda90 code [0x000001ed9d6cdc40, 0x000001ed9d6cdcf8]
Event: 24.449 Thread 0x000001edacb83800 4226       1       org.gradle.internal.component.external.model.GradleDependencyMetadata::getArtifacts (5 bytes)
Event: 24.449 Thread 0x000001edacb83800 nmethod 4226 0x000001ed9d6cdd90 code [0x000001ed9d6cdf40, 0x000001ed9d6cdff8]
Event: 24.449 Thread 0x000001edacb83800 4228       1       org.gradle.cache.internal.btree.BTreePersistentIndexedCache$DataBlock::getType (3 bytes)
Event: 24.450 Thread 0x000001edacb83800 nmethod 4228 0x000001ed9d6ce090 code [0x000001ed9d6ce240, 0x000001ed9d6ce2f8]
Event: 24.452 Thread 0x000001edacb83800 4229       2       sun.security.provider.DigestBase::engineDigest (112 bytes)
Event: 24.454 Thread 0x000001edacb83800 nmethod 4229 0x000001ed967ea610 code [0x000001ed967ea880, 0x000001ed967eaeb8]
Event: 24.454 Thread 0x000001edacb83800 4230       2       org.gradle.api.internal.artifacts.dependencies.DefaultImmutableVersionConstraint::<init> (152 bytes)
Event: 24.454 Thread 0x000001edb06ef000 nmethod 3882 0x000001ed9d6ce390 code [0x000001ed9d6ce8a0, 0x000001ed9d6d3070]
Event: 24.455 Thread 0x000001edb06ef000 4031       4       com.esotericsoftware.kryo.io.Input::readUtf8 (90 bytes)
Event: 24.456 Thread 0x000001edacb83800 nmethod 4230 0x000001ed967eb290 code [0x000001ed967eb520, 0x000001ed967ebd48]
Event: 24.456 Thread 0x000001edacb83800 4232       2       org.gradle.api.internal.artifacts.ivyservice.modulecache.ModuleMetadataSerializer$Reader::readMavenDependency (142 bytes)
Event: 24.459 Thread 0x000001edacb83800 nmethod 4232 0x000001ed967ec090 code [0x000001ed967ec320, 0x000001ed967ecb58]
Event: 24.459 Thread 0x000001edacb83800 4233       2       org.gradle.internal.component.external.model.AbstractLazyModuleComponentResolveMetadata::getVariantDerivationStrategy (5 bytes)
Event: 24.460 Thread 0x000001edacb83800 nmethod 4233 0x000001ed967ed090 code [0x000001ed967ed240, 0x000001ed967ed338]
Event: 24.460 Thread 0x000001edacb83800 4231       1       org.gradle.api.internal.artifacts.ivyservice.resolveengine.result.ComponentIdentifierSerializer$Implementation::getId (5 bytes)
Event: 24.460 Thread 0x000001edacb83800 nmethod 4231 0x000001ed9d6d5210 code [0x000001ed9d6d53c0, 0x000001ed9d6d5478]

GC Heap History (16 events):
Event: 4.650 GC heap before
{Heap before GC invocations=0 (full 0):
 garbage-first heap   total 196608K, used 19456K [0x0000000080000000, 0x0000000100000000)
  region size 1024K, 14 young (14336K), 0 survivors (0K)
 Metaspace       used 6753K, capacity 6929K, committed 7168K, reserved 1056768K
  class space    used 582K, capacity 650K, committed 768K, reserved 1048576K
}
Event: 4.738 GC heap after
{Heap after GC invocations=1 (full 0):
 garbage-first heap   total 196608K, used 7886K [0x0000000080000000, 0x0000000100000000)
  region size 1024K, 2 young (2048K), 2 survivors (2048K)
 Metaspace       used 6753K, capacity 6929K, committed 7168K, reserved 1056768K
  class space    used 582K, capacity 650K, committed 768K, reserved 1048576K
}
Event: 9.154 GC heap before
{Heap before GC invocations=1 (full 0):
 garbage-first heap   total 196608K, used 20174K [0x0000000080000000, 0x0000000100000000)
  region size 1024K, 14 young (14336K), 2 survivors (2048K)
 Metaspace       used 10275K, capacity 10557K, committed 10624K, reserved 1058816K
  class space    used 1070K, capacity 1139K, committed 1152K, reserved 1048576K
}
Event: 9.162 GC heap after
{Heap after GC invocations=2 (full 0):
 garbage-first heap   total 196608K, used 9565K [0x0000000080000000, 0x0000000100000000)
  region size 1024K, 2 young (2048K), 2 survivors (2048K)
 Metaspace       used 10275K, capacity 10557K, committed 10624K, reserved 1058816K
  class space    used 1070K, capacity 1139K, committed 1152K, reserved 1048576K
}
Event: 10.955 GC heap before
{Heap before GC invocations=2 (full 0):
 garbage-first heap   total 196608K, used 38237K [0x0000000080000000, 0x0000000100000000)
  region size 1024K, 29 young (29696K), 2 survivors (2048K)
 Metaspace       used 11231K, capacity 11512K, committed 11776K, reserved 1060864K
  class space    used 1173K, capacity 1244K, committed 1280K, reserved 1048576K
}
Event: 10.966 GC heap after
{Heap after GC invocations=3 (full 0):
 garbage-first heap   total 196608K, used 12881K [0x0000000080000000, 0x0000000100000000)
  region size 1024K, 4 young (4096K), 4 survivors (4096K)
 Metaspace       used 11231K, capacity 11512K, committed 11776K, reserved 1060864K
  class space    used 1173K, capacity 1244K, committed 1280K, reserved 1048576K
}
Event: 14.569 GC heap before
{Heap before GC invocations=3 (full 0):
 garbage-first heap   total 196608K, used 52817K [0x0000000080000000, 0x0000000100000000)
  region size 1024K, 43 young (44032K), 4 survivors (4096K)
 Metaspace       used 17398K, capacity 17804K, committed 18048K, reserved 1064960K
  class space    used 2040K, capacity 2155K, committed 2176K, reserved 1048576K
}
Event: 14.586 GC heap after
{Heap after GC invocations=4 (full 0):
 garbage-first heap   total 196608K, used 16081K [0x0000000080000000, 0x0000000100000000)
  region size 1024K, 6 young (6144K), 6 survivors (6144K)
 Metaspace       used 17398K, capacity 17804K, committed 18048K, reserved 1064960K
  class space    used 2040K, capacity 2155K, committed 2176K, reserved 1048576K
}
Event: 15.335 GC heap before
{Heap before GC invocations=4 (full 0):
 garbage-first heap   total 196608K, used 43729K [0x0000000080000000, 0x0000000100000000)
  region size 1024K, 34 young (34816K), 6 survivors (6144K)
 Metaspace       used 20662K, capacity 21108K, committed 21296K, reserved 1069056K
  class space    used 2532K, capacity 2660K, committed 2688K, reserved 1048576K
}
Event: 15.349 GC heap after
{Heap after GC invocations=5 (full 0):
 garbage-first heap   total 196608K, used 17627K [0x0000000080000000, 0x0000000100000000)
  region size 1024K, 6 young (6144K), 6 survivors (6144K)
 Metaspace       used 20662K, capacity 21108K, committed 21296K, reserved 1069056K
  class space    used 2532K, capacity 2660K, committed 2688K, reserved 1048576K
}
Event: 16.959 GC heap before
{Heap before GC invocations=6 (full 0):
 garbage-first heap   total 196608K, used 68827K [0x0000000080000000, 0x0000000100000000)
  region size 1024K, 56 young (57344K), 6 survivors (6144K)
 Metaspace       used 25941K, capacity 26640K, committed 26752K, reserved 1073152K
  class space    used 3395K, capacity 3617K, committed 3712K, reserved 1048576K
}
Event: 16.978 GC heap after
{Heap after GC invocations=7 (full 0):
 garbage-first heap   total 196608K, used 19519K [0x0000000080000000, 0x0000000100000000)
  region size 1024K, 4 young (4096K), 4 survivors (4096K)
 Metaspace       used 25941K, capacity 26640K, committed 26752K, reserved 1073152K
  class space    used 3395K, capacity 3617K, committed 3712K, reserved 1048576K
}
Event: 19.340 GC heap before
{Heap before GC invocations=7 (full 0):
 garbage-first heap   total 196608K, used 80959K [0x0000000080000000, 0x0000000100000000)
  region size 1024K, 65 young (66560K), 4 survivors (4096K)
 Metaspace       used 35063K, capacity 35850K, committed 36048K, reserved 1081344K
  class space    used 4560K, capacity 4863K, committed 4864K, reserved 1048576K
}
Event: 19.372 GC heap after
{Heap after GC invocations=8 (full 0):
 garbage-first heap   total 196608K, used 23030K [0x0000000080000000, 0x0000000100000000)
  region size 1024K, 7 young (7168K), 7 survivors (7168K)
 Metaspace       used 35063K, capacity 35850K, committed 36048K, reserved 1081344K
  class space    used 4560K, capacity 4863K, committed 4864K, reserved 1048576K
}
Event: 23.226 GC heap before
{Heap before GC invocations=9 (full 0):
 garbage-first heap   total 196608K, used 136694K [0x0000000080000000, 0x0000000100000000)
  region size 1024K, 115 young (117760K), 7 survivors (7168K)
 Metaspace       used 44149K, capacity 45191K, committed 45520K, reserved 1089536K
  class space    used 5650K, capacity 6022K, committed 6144K, reserved 1048576K
}
Event: 23.276 GC heap after
{Heap after GC invocations=10 (full 0):
 garbage-first heap   total 196608K, used 30036K [0x0000000080000000, 0x0000000100000000)
  region size 1024K, 14 young (14336K), 14 survivors (14336K)
 Metaspace       used 44149K, capacity 45191K, committed 45520K, reserved 1089536K
  class space    used 5650K, capacity 6022K, committed 6144K, reserved 1048576K
}

Deoptimization events (20 events):
Event: 23.174 Thread 0x000001edae52c800 DEOPT PACKING pc=0x000001ed9d62d878 sp=0x0000004769bfed20
Event: 23.174 Thread 0x000001edae52c800 DEOPT UNPACKING pc=0x000001ed95a365af sp=0x0000004769bfecc0 mode 2
Event: 23.768 Thread 0x000001edafb2d000 Uncommon trap: trap_request=0xffffffc6 fr.pc=0x000001ed9d62d8cc relative=0x00000000000005cc
Event: 23.769 Thread 0x000001edafb2d000 Uncommon trap: reason=bimorphic_or_optimized_type_check action=maybe_recompile pc=0x000001ed9d62d8cc method=java.util.stream.ReferencePipeline.forEachWithCancel(Ljava/util/Spliterator;Ljava/util/stream/Sink;)Z @ 1 c2
Event: 23.769 Thread 0x000001edafb2d000 DEOPT PACKING pc=0x000001ed9d62d8cc sp=0x000000476a0f8570
Event: 23.769 Thread 0x000001edafb2d000 DEOPT UNPACKING pc=0x000001ed95a365af sp=0x000000476a0f8510 mode 2
Event: 23.769 Thread 0x000001edafb2d000 Uncommon trap: trap_request=0xffffffc6 fr.pc=0x000001ed9d62d8cc relative=0x00000000000005cc
Event: 23.769 Thread 0x000001edafb2d000 Uncommon trap: reason=bimorphic_or_optimized_type_check action=maybe_recompile pc=0x000001ed9d62d8cc method=java.util.stream.ReferencePipeline.forEachWithCancel(Ljava/util/Spliterator;Ljava/util/stream/Sink;)Z @ 1 c2
Event: 23.769 Thread 0x000001edafb2d000 DEOPT PACKING pc=0x000001ed9d62d8cc sp=0x000000476a0f8570
Event: 23.769 Thread 0x000001edafb2d000 DEOPT UNPACKING pc=0x000001ed95a365af sp=0x000000476a0f8510 mode 2
Event: 23.886 Thread 0x000001edafb2d000 Uncommon trap: trap_request=0xffffffc6 fr.pc=0x000001ed9d62d8cc relative=0x00000000000005cc
Event: 23.886 Thread 0x000001edafb2d000 Uncommon trap: reason=bimorphic_or_optimized_type_check action=maybe_recompile pc=0x000001ed9d62d8cc method=java.util.stream.ReferencePipeline.forEachWithCancel(Ljava/util/Spliterator;Ljava/util/stream/Sink;)Z @ 1 c2
Event: 23.886 Thread 0x000001edafb2d000 DEOPT PACKING pc=0x000001ed9d62d8cc sp=0x000000476a0f8570
Event: 23.886 Thread 0x000001edafb2d000 DEOPT UNPACKING pc=0x000001ed95a365af sp=0x000000476a0f8510 mode 2
Event: 24.290 Thread 0x000001edafb2d000 DEOPT PACKING pc=0x000001ed9606789b sp=0x000000476a0f7b70
Event: 24.290 Thread 0x000001edafb2d000 DEOPT UNPACKING pc=0x000001ed95a36d5e sp=0x000000476a0f70b0 mode 0
Event: 24.290 Thread 0x000001edafb2d000 Uncommon trap: trap_request=0xffffff4d fr.pc=0x000001ed9d4f7f00 relative=0x0000000000000060
Event: 24.290 Thread 0x000001edafb2d000 Uncommon trap: reason=unstable_if action=reinterpret pc=0x000001ed9d4f7f00 method=java.io.WinNTFileSystem.isSlash(C)Z @ 9 c2
Event: 24.290 Thread 0x000001edafb2d000 DEOPT PACKING pc=0x000001ed9d4f7f00 sp=0x000000476a0f7bb0
Event: 24.290 Thread 0x000001edafb2d000 DEOPT UNPACKING pc=0x000001ed95a365af sp=0x000000476a0f7b38 mode 2

Classes redefined (0 events):
No events

Internal exceptions (20 events):
Event: 22.330 Thread 0x000001edafb2d000 Implicit null exception at 0x000001ed9d5ab4f4 to 0x000001ed9d5ab704
Event: 22.330 Thread 0x000001edafb2d000 Implicit null exception at 0x000001ed9d5166f8 to 0x000001ed9d51678a
Event: 22.743 Thread 0x000001edafb2d000 Exception <a 'java/lang/ClassNotFoundException'{0x0000000085b32af0}: build_7hg130xrt9via0hba347udkvkBeanInfo> (0x0000000085b32af0) thrown at [./src/hotspot/share/classfile/systemDictionary.cpp, line 231]
Event: 22.745 Thread 0x000001edafb2d000 Exception <a 'java/lang/ClassNotFoundException'{0x0000000085b4a368}: org/gradle/api/internal/project/ProjectScriptBeanInfo> (0x0000000085b4a368) thrown at [./src/hotspot/share/classfile/systemDictionary.cpp, line 231]
Event: 22.746 Thread 0x000001edafb2d000 Exception <a 'java/lang/ClassNotFoundException'{0x0000000085b61920}: org/gradle/api/internal/project/ProjectScriptCustomizer> (0x0000000085b61920) thrown at [./src/hotspot/share/classfile/systemDictionary.cpp, line 231]
Event: 22.750 Thread 0x000001edafb2d000 Exception <a 'java/lang/ClassNotFoundException'{0x0000000085b7d500}: build_7hg130xrt9via0hba347udkvkCustomizer> (0x0000000085b7d500) thrown at [./src/hotspot/share/classfile/systemDictionary.cpp, line 231]
Event: 22.774 Thread 0x000001edafb2d000 Exception <a 'java/lang/ClassNotFoundException'{0x0000000085a0bf60}: org/gradle/plugin/use/internal/PluginRequestCollector$PluginDependenciesSpecImplBeanInfo> (0x0000000085a0bf60) thrown at [./src/hotspot/share/classfile/systemDictionary.cpp, line 231]
Event: 22.779 Thread 0x000001edafb2d000 Exception <a 'java/lang/ClassNotFoundException'{0x0000000085a3e520}: org/gradle/plugin/use/internal/PluginRequestCollector$PluginDependenciesSpecImplCustomizer> (0x0000000085a3e520) thrown at [./src/hotspot/share/classfile/systemDictionary.cpp, line 231]
Event: 22.792 Thread 0x000001edafb2d000 Exception <a 'java/lang/ClassNotFoundException'{0x0000000085aa8800}: org/gradle/plugin/use/internal/PluginRequestCollector$PluginDependencySpecImplBeanInfo> (0x0000000085aa8800) thrown at [./src/hotspot/share/classfile/systemDictionary.cpp, line 231]
Event: 22.796 Thread 0x000001edafb2d000 Exception <a 'java/lang/ClassNotFoundException'{0x0000000085ad9fa8}: org/gradle/plugin/use/internal/PluginRequestCollector$PluginDependencySpecImplCustomizer> (0x0000000085ad9fa8) thrown at [./src/hotspot/share/classfile/systemDictionary.cpp, line 231]
Event: 23.602 Thread 0x000001edafb2d000 Exception <a 'java/lang/IncompatibleClassChangeError'{0x000000008b4f9450}: Found class java.lang.Object, but interface was expected> (0x000000008b4f9450) thrown at [./src/hotspot/share/interpreter/linkResolver.cpp, line 839]
Event: 23.780 Thread 0x000001edafb2d000 Exception <a 'java/lang/NoSuchMethodError'{0x000000008ab3a198}: 'int java.lang.invoke.DirectMethodHandle$Holder.invokeStaticInit(java.lang.Object)'> (0x000000008ab3a198) thrown at [./src/hotspot/share/interpreter/linkResolver.cpp, line 773]
Event: 23.841 Thread 0x000001edafb2d000 Exception <a 'java/lang/NoSuchMethodError'{0x000000008a8179e0}: 'void java.lang.invoke.DirectMethodHandle$Holder.invokeStatic(java.lang.Object, java.lang.Object, java.lang.Object, int, java.lang.Object)'> (0x000000008a8179e0) thrown at [./src/hotspot/share/interpreter/linkResolver.cpp, line 773]
Event: 24.011 Thread 0x000001edafb2d000 Exception <a 'java/lang/NoSuchMethodError'{0x000000008a20fe40}: 'java.lang.Object java.lang.invoke.DelegatingMethodHandle$Holder.reinvoke_L(java.lang.Object, java.lang.Object, java.lang.Object, java.lang.Object, java.lang.Object, java.lang.Object, java.lang.Object, java.lang.Object, java.lang.Object, java.lang.Object, java.lang.Object, java.lang.Object, java.lang.Object, java.lang.Object, java.lang.Object, java.lang.Object, java.lang.Object, java.lang.Object, java.lang.Object, java.lang.Object)'> (0x000000
Event: 24.013 Thread 0x000001edafb2d000 Exception <a 'java/lang/NoSuchMethodError'{0x000000008a21b8e0}: 'java.lang.Object java.lang.invoke.DirectMethodHandle$Holder.invokeSpecial(java.lang.Object, java.lang.Object, java.lang.Object, java.lang.Object, java.lang.Object, java.lang.Object, java.lang.Object, java.lang.Object, java.lang.Object, java.lang.Object, java.lang.Object, java.lang.Object, java.lang.Object, java.lang.Object, java.lang.Object, java.lang.Object, java.lang.Object, java.lang.Object, java.lang.Object, java.lang.Object)'> (0x0000000
Event: 24.013 Thread 0x000001edafb2d000 Exception <a 'java/lang/NoSuchMethodError'{0x000000008a221820}: 'java.lang.Object java.lang.invoke.Invokers$Holder.invoker(java.lang.Object, java.lang.Object, java.lang.Object, java.lang.Object, java.lang.Object, java.lang.Object, java.lang.Object, java.lang.Object, java.lang.Object, java.lang.Object, java.lang.Object, java.lang.Object, java.lang.Object, java.lang.Object, java.lang.Object, java.lang.Object, java.lang.Object, java.lang.Object, java.lang.Object, java.lang.Object)'> (0x000000008a221820) throw
Event: 24.014 Thread 0x000001edafb2d000 Exception <a 'java/lang/NoSuchMethodError'{0x000000008a228930}: 'java.lang.Object java.lang.invoke.DelegatingMethodHandle$Holder.delegate(java.lang.Object, java.lang.Object, java.lang.Object, java.lang.Object, java.lang.Object, java.lang.Object, java.lang.Object, java.lang.Object, java.lang.Object, java.lang.Object, java.lang.Object, java.lang.Object, java.lang.Object, java.lang.Object, java.lang.Object, java.lang.Object, java.lang.Object, java.lang.Object, java.lang.Object, java.lang.Object)'> (0x00000000
Event: 24.028 Thread 0x000001edafb2d000 Exception <a 'java/lang/NoSuchMethodError'{0x000000008a2700c0}: 'java.lang.Object java.lang.invoke.DirectMethodHandle$Holder.invokeStatic(java.lang.Object, java.lang.Object, java.lang.Object, java.lang.Object, java.lang.Object, java.lang.Object, java.lang.Object, java.lang.Object, java.lang.Object, java.lang.Object, java.lang.Object, java.lang.Object, java.lang.Object, java.lang.Object, java.lang.Object)'> (0x000000008a2700c0) thrown at [./src/hotspot/share/interpreter/linkResolver.cpp, line 773]
Event: 24.035 Thread 0x000001edafb2d000 Exception <a 'java/lang/NoSuchMethodError'{0x000000008a280810}: 'java.lang.Object java.lang.invoke.DirectMethodHandle$Holder.invokeStatic(java.lang.Object, java.lang.Object, java.lang.Object, java.lang.Object, java.lang.Object, java.lang.Object, java.lang.Object, java.lang.Object, java.lang.Object, java.lang.Object, java.lang.Object, java.lang.Object, java.lang.Object, java.lang.Object, java.lang.Object, java.lang.Object)'> (0x000000008a280810) thrown at [./src/hotspot/share/interpreter/linkResolver.cpp, l
Event: 24.039 Thread 0x000001edafb2d000 Exception <a 'java/lang/NoSuchMethodError'{0x000000008a2ca6d0}: 'java.lang.Object java.lang.invoke.DelegatingMethodHandle$Holder.reinvoke_L(java.lang.Object, java.lang.Object, java.lang.Object, java.lang.Object, java.lang.Object, java.lang.Object, java.lang.Object, java.lang.Object, java.lang.Object, java.lang.Object, java.lang.Object, java.lang.Object, java.lang.Object, java.lang.Object, java.lang.Object, java.lang.Object, java.lang.Object, java.lang.Object, java.lang.Object)'> (0x000000008a2ca6d0) thrown

Events (20 events):
Event: 24.259 loading class org/gradle/launcher/daemon/server/DaemonRegistryUnavailableExpirationStrategy$1
Event: 24.259 loading class org/gradle/launcher/daemon/server/DaemonRegistryUnavailableExpirationStrategy$1 done
Event: 24.260 loading class com/google/common/collect/Lists$TransformingSequentialList
Event: 24.260 loading class com/google/common/collect/Lists$TransformingSequentialList done
Event: 24.263 loading class com/google/common/collect/Lists$TransformingSequentialList$1
Event: 24.263 loading class com/google/common/collect/Lists$TransformingSequentialList$1 done
Event: 24.264 loading class com/google/common/collect/TransformedListIterator
Event: 24.264 loading class com/google/common/collect/TransformedListIterator done
Event: 24.409 loading class org/gradle/api/internal/artifacts/ivyservice/ivyresolve/strategy/LatestVersionSelector
Event: 24.409 loading class org/gradle/api/internal/artifacts/ivyservice/ivyresolve/strategy/LatestVersionSelector done
Event: 24.411 Executing VM operation: RevokeBias
Event: 24.412 Executing VM operation: RevokeBias done
Event: 24.412 loading class com/google/common/primitives/Longs$AsciiDigits
Event: 24.412 loading class com/google/common/primitives/Longs$AsciiDigits done
Event: 24.416 loading class org/gradle/api/internal/artifacts/ivyservice/resolveengine/graph/selectors/SelectorStateResolverResults$Registration
Event: 24.416 loading class org/gradle/api/internal/artifacts/ivyservice/resolveengine/graph/selectors/SelectorStateResolverResults$Registration done
Event: 24.418 loading class org/gradle/api/internal/artifacts/ivyservice/resolveengine/graph/conflicts/DefaultConflictResolverDetails
Event: 24.418 loading class org/gradle/api/internal/artifacts/ivyservice/resolveengine/graph/conflicts/DefaultConflictResolverDetails done
Event: 24.420 loading class org/gradle/api/internal/artifacts/ivyservice/resolveengine/graph/conflicts/CompositeConflictResolver$CompositeDetails
Event: 24.420 loading class org/gradle/api/internal/artifacts/ivyservice/resolveengine/graph/conflicts/CompositeConflictResolver$CompositeDetails done


Dynamic libraries:
0x00007ff624f30000 - 0x00007ff624f3a000 	C:\Program Files\Android\Android Studio\jre\bin\java.exe
0x00007ff9b5b90000 - 0x00007ff9b5d85000 	C:\Windows\SYSTEM32\ntdll.dll
0x00007ff9b5970000 - 0x00007ff9b5a2e000 	C:\Windows\System32\KERNEL32.DLL
0x00007ff9b34f0000 - 0x00007ff9b37b8000 	C:\Windows\System32\KERNELBASE.dll
0x00007ff9b3ae0000 - 0x00007ff9b3be0000 	C:\Windows\System32\ucrtbase.dll
0x00007ff9a3c20000 - 0x00007ff9a3c37000 	C:\Program Files\Android\Android Studio\jre\bin\VCRUNTIME140.dll
0x00007ff9a3ed0000 - 0x00007ff9a3ee9000 	C:\Program Files\Android\Android Studio\jre\bin\jli.dll
0x00007ff9b4dc0000 - 0x00007ff9b4f60000 	C:\Windows\System32\USER32.dll
0x00007ff9a4400000 - 0x00007ff9a469a000 	C:\Windows\WinSxS\amd64_microsoft.windows.common-controls_6595b64144ccf1df_6.0.19041.1110_none_60b5254171f9507e\COMCTL32.dll
0x00007ff9b4930000 - 0x00007ff9b49ce000 	C:\Windows\System32\msvcrt.dll
0x00007ff9b4f60000 - 0x00007ff9b4f8b000 	C:\Windows\System32\GDI32.dll
0x00007ff9b37c0000 - 0x00007ff9b37e2000 	C:\Windows\System32\win32u.dll
0x00007ff9b39d0000 - 0x00007ff9b3add000 	C:\Windows\System32\gdi32full.dll
0x00007ff9b3310000 - 0x00007ff9b33ad000 	C:\Windows\System32\msvcp_win.dll
0x00007ff9b4540000 - 0x00007ff9b4570000 	C:\Windows\System32\IMM32.DLL
0x00007ff988420000 - 0x00007ff9884bd000 	C:\Program Files\Android\Android Studio\jre\bin\msvcp140.dll
0x00007ff953cb0000 - 0x00007ff954785000 	C:\Program Files\Android\Android Studio\jre\bin\server\jvm.dll
0x00007ff9b46a0000 - 0x00007ff9b474e000 	C:\Windows\System32\ADVAPI32.dll
0x00007ff9b5130000 - 0x00007ff9b51cc000 	C:\Windows\System32\sechost.dll
0x00007ff9b56d0000 - 0x00007ff9b57f5000 	C:\Windows\System32\RPCRT4.dll
0x00007ff9b5120000 - 0x00007ff9b5128000 	C:\Windows\System32\PSAPI.DLL
0x00007ff9ac630000 - 0x00007ff9ac639000 	C:\Windows\SYSTEM32\WSOCK32.dll
0x00007ff9b5900000 - 0x00007ff9b596b000 	C:\Windows\System32\WS2_32.dll
0x00007ff99ba70000 - 0x00007ff99ba97000 	C:\Windows\SYSTEM32\WINMM.dll
0x00007ff9a29b0000 - 0x00007ff9a29ba000 	C:\Windows\SYSTEM32\VERSION.dll
0x00007ff9b1b20000 - 0x00007ff9b1b32000 	C:\Windows\SYSTEM32\kernel.appcore.dll
0x00007ff9a1340000 - 0x00007ff9a1351000 	C:\Program Files\Android\Android Studio\jre\bin\verify.dll
0x00007ff9a1a70000 - 0x00007ff9a1c54000 	C:\Windows\SYSTEM32\DBGHELP.DLL
0x00007ff9a1960000 - 0x00007ff9a198c000 	C:\Windows\SYSTEM32\dbgcore.DLL
0x00007ff9b3460000 - 0x00007ff9b34e2000 	C:\Windows\System32\bcryptPrimitives.dll
0x00007ff992cb0000 - 0x00007ff992cd9000 	C:\Program Files\Android\Android Studio\jre\bin\java.dll
0x00007ff9a3f80000 - 0x00007ff9a3f8b000 	C:\Program Files\Android\Android Studio\jre\bin\jimage.dll
0x00007ff9a1320000 - 0x00007ff9a1338000 	C:\Program Files\Android\Android Studio\jre\bin\zip.dll
0x00007ff9b3c40000 - 0x00007ff9b4384000 	C:\Windows\System32\SHELL32.dll
0x00007ff9b1360000 - 0x00007ff9b1af4000 	C:\Windows\SYSTEM32\windows.storage.dll
0x00007ff9b49d0000 - 0x00007ff9b4d25000 	C:\Windows\System32\combase.dll
0x00007ff9b2c80000 - 0x00007ff9b2cae000 	C:\Windows\SYSTEM32\Wldp.dll
0x00007ff9b5060000 - 0x00007ff9b510d000 	C:\Windows\System32\SHCORE.dll
0x00007ff9b5000000 - 0x00007ff9b5055000 	C:\Windows\System32\shlwapi.dll
0x00007ff9b31e0000 - 0x00007ff9b31ff000 	C:\Windows\SYSTEM32\profapi.dll
0x00007ff99fa80000 - 0x00007ff99fa9a000 	C:\Program Files\Android\Android Studio\jre\bin\net.dll
0x00007ff9a5690000 - 0x00007ff9a579c000 	C:\Windows\SYSTEM32\WINHTTP.dll
0x00007ff9b2980000 - 0x00007ff9b29ea000 	C:\Windows\system32\mswsock.dll
0x00007ff99f7b0000 - 0x00007ff99f7c4000 	C:\Program Files\Android\Android Studio\jre\bin\nio.dll
0x00007ff9882c0000 - 0x00007ff9882e7000 	C:\Users\jhonl\.gradle\native\e1d6ef7f7dcc3fd88c89a11ec53ec762bb8ba0a96d01ffa2cd45eb1d1d8dd5c5\windows-amd64\native-platform.dll
0x00007ff99f560000 - 0x00007ff99f6a4000 	C:\Users\jhonl\.gradle\native\5664cfc778a61ccfe75a443a1ab52a65af34e5dc3c78e0209fed803814484fcb\windows-amd64\native-platform-file-events.dll
0x00007ff9a3ef0000 - 0x00007ff9a3efa000 	C:\Program Files\Android\Android Studio\jre\bin\management.dll
0x00007ff9a3c10000 - 0x00007ff9a3c1d000 	C:\Program Files\Android\Android Studio\jre\bin\management_ext.dll
0x00007ff9b2b70000 - 0x00007ff9b2b88000 	C:\Windows\SYSTEM32\CRYPTSP.dll
0x00007ff9b2300000 - 0x00007ff9b2334000 	C:\Windows\system32\rsaenh.dll
0x00007ff9b37f0000 - 0x00007ff9b3817000 	C:\Windows\System32\bcrypt.dll
0x00007ff9b3160000 - 0x00007ff9b318e000 	C:\Windows\SYSTEM32\USERENV.dll
0x00007ff9b2b90000 - 0x00007ff9b2b9c000 	C:\Windows\SYSTEM32\CRYPTBASE.dll
0x00007ff9b2670000 - 0x00007ff9b26ab000 	C:\Windows\SYSTEM32\IPHLPAPI.DLL
0x00007ff9b5110000 - 0x00007ff9b5118000 	C:\Windows\System32\NSI.dll
0x00007ff9a9910000 - 0x00007ff9a9927000 	C:\Windows\SYSTEM32\dhcpcsvc6.DLL
0x00007ff9aa810000 - 0x00007ff9aa82d000 	C:\Windows\SYSTEM32\dhcpcsvc.DLL
0x00007ff9b26b0000 - 0x00007ff9b277b000 	C:\Windows\SYSTEM32\DNSAPI.dll

dbghelp: loaded successfully - version: 4.0.5 - missing functions: none
symbol engine: initialized successfully - sym options: 0x614 - pdb path: .;C:\Program Files\Android\Android Studio\jre\bin;C:\Windows\SYSTEM32;C:\Windows\WinSxS\amd64_microsoft.windows.common-controls_6595b64144ccf1df_6.0.19041.1110_none_60b5254171f9507e;C:\Program Files\Android\Android Studio\jre\bin\server;C:\Users\jhonl\.gradle\native\e1d6ef7f7dcc3fd88c89a11ec53ec762bb8ba0a96d01ffa2cd45eb1d1d8dd5c5\windows-amd64;C:\Users\jhonl\.gradle\native\5664cfc778a61ccfe75a443a1ab52a65af34e5dc3c78e0209fed803814484fcb\windows-amd64

VM Arguments:
jvm_args: --add-opens=java.base/java.util=ALL-UNNAMED --add-opens=java.base/java.lang=ALL-UNNAMED --add-opens=java.base/java.lang.invoke=ALL-UNNAMED --add-opens=java.base/java.util=ALL-UNNAMED --add-opens=java.prefs/java.util.prefs=ALL-UNNAMED --add-opens=java.prefs/java.util.prefs=ALL-UNNAMED --add-opens=java.base/java.nio.charset=ALL-UNNAMED --add-opens=java.base/java.net=ALL-UNNAMED --add-opens=java.base/java.util.concurrent.atomic=ALL-UNNAMED -Xmx2048m -Dfile.encoding=UTF-8 -Duser.country=BR -Duser.language=pt -Duser.variant 
java_command: org.gradle.launcher.daemon.bootstrap.GradleDaemon 7.2
java_class_path (initial): C:\Users\jhonl\.gradle\wrapper\dists\gradle-7.2-bin\2dnblmf4td7x66yl1d74lt32g\gradle-7.2\lib\gradle-launcher-7.2.jar
Launcher Type: SUN_STANDARD

[Global flags]
     intx CICompilerCount                          = 3                                         {product} {ergonomic}
     uint ConcGCThreads                            = 1                                         {product} {ergonomic}
     uint G1ConcRefinementThreads                  = 4                                         {product} {ergonomic}
   size_t G1HeapRegionSize                         = 1048576                                   {product} {ergonomic}
    uintx GCDrainStackTargetSize                   = 64                                        {product} {ergonomic}
   size_t InitialHeapSize                          = 201326592                                 {product} {ergonomic}
   size_t MarkStackSize                            = 4194304                                   {product} {ergonomic}
   size_t MaxHeapSize                              = 2147483648                                {product} {command line}
   size_t MaxNewSize                               = 1287651328                                {product} {ergonomic}
   size_t MinHeapDeltaBytes                        = 1048576                                   {product} {ergonomic}
    uintx NonNMethodCodeHeapSize                   = 5830732                                {pd product} {ergonomic}
    uintx NonProfiledCodeHeapSize                  = 122913754                              {pd product} {ergonomic}
    uintx ProfiledCodeHeapSize                     = 122913754                              {pd product} {ergonomic}
    uintx ReservedCodeCacheSize                    = 251658240                              {pd product} {ergonomic}
     bool SegmentedCodeCache                       = true                                      {product} {ergonomic}
     bool UseCompressedClassPointers               = true                                 {lp64_product} {ergonomic}
     bool UseCompressedOops                        = true                                 {lp64_product} {ergonomic}
     bool UseG1GC                                  = true                                      {product} {ergonomic}
     bool UseLargePagesIndividualAllocation        = false                                  {pd product} {ergonomic}

Logging:
Log output configuration:
 #0: stdout all=warning uptime,level,tags
 #1: stderr all=off uptime,level,tags

Environment Variables:
JAVA_HOME=C:\Program Files\Java\jdk-17.0.2
PATH=C:\Program Files\Common Files\Oracle\Java\javapath;C:\Program Files (x86)\Common Files\Oracle\Java\javapath;C:\Windows\system32;C:\Windows;C:\Windows\System32\Wbem;C:\Windows\System32\WindowsPowerShell\v1.0\;C:\Windows\System32\OpenSSH\;C:\Program Files\Java\jdk-17.0.2\bin;C:\Program Files\Git\cmd;C:\Users\jhonl\AppData\Local\Microsoft\WindowsApps;
USERNAME=jhonl
OS=Windows_NT
PROCESSOR_IDENTIFIER=Intel64 Family 6 Model 58 Stepping 9, GenuineIntel



---------------  S Y S T E M  ---------------

OS: Windows 10 , 64 bit Build 19041 (10.0.19041.1503)
OS uptime: 1 days 23:23 hours

CPU:total 4 (initial active 4) (2 cores per cpu, 2 threads per core) family 6 model 58 stepping 9 microcode 0x21, cmov, cx8, fxsr, mmx, sse, sse2, sse3, ssse3, sse4.1, sse4.2, popcnt, avx, aes, clmul, erms, ht, tsc, tscinvbit, tscinv

Memory: 4k page, system-wide physical 12171M (2552M free)
TotalPageFile size 24600M (AvailPageFile size 5M)
current process WorkingSet (physical memory assigned to process): 320M, peak: 321M
current process commit charge ("private bytes"): 395M, peak: 397M

vm_info: OpenJDK 64-Bit Server VM (11.0.11+9-b60-7590822) for windows-amd64 JRE (11.0.11+9-b60-7590822), built on Jul 29 2021 21:43:44 by "builder" with MS VC++ 14.0 (VS2015)

END.
