#
# There is insufficient memory for the Java Runtime Environment to continue.
# Native memory allocation (malloc) failed to allocate 996416 bytes for Chunk::new
# Possible reasons:
#   The system is out of physical RAM or swap space
#   The process is running with CompressedOops enabled, and the Java Heap may be blocking the growth of the native heap
# Possible solutions:
#   Reduce memory load on the system
#   Increase physical memory or swap space
#   Check if swap backing store is full
#   Decrease Java heap size (-Xmx/-Xms)
#   Decrease number of Java threads
#   Decrease Java thread stack sizes (-Xss)
#   Set larger code cache with -XX:ReservedCodeCacheSize=
#   JVM is running with Unscaled Compressed Oops mode in which the Java heap is
#     placed in the first 4GB address space. The Java Heap base address is the
#     maximum limit for the native heap growth. Please use -XX:HeapBaseMinAddress
#     to set the Java Heap base and to place the Java Heap above 4GB virtual address.
# This output file may be truncated or incomplete.
#
#  Out of Memory Error (./src/hotspot/share/memory/arena.cpp:197), pid=10504, tid=3148
#
# JRE version: OpenJDK Runtime Environment (11.0.11+9) (build 11.0.11+9-b60-7590822)
# Java VM: OpenJDK 64-Bit Server VM (11.0.11+9-b60-7590822, mixed mode, tiered, compressed oops, g1 gc, windows-amd64)
# No core dump will be written. Minidumps are not enabled by default on client versions of Windows
#

---------------  S U M M A R Y ------------

Command Line: --add-opens=java.base/java.util=ALL-UNNAMED --add-opens=java.base/java.lang=ALL-UNNAMED --add-opens=java.base/java.lang.invoke=ALL-UNNAMED --add-opens=java.base/java.util=ALL-UNNAMED --add-opens=java.prefs/java.util.prefs=ALL-UNNAMED --add-opens=java.prefs/java.util.prefs=ALL-UNNAMED --add-opens=java.base/java.nio.charset=ALL-UNNAMED --add-opens=java.base/java.net=ALL-UNNAMED --add-opens=java.base/java.util.concurrent.atomic=ALL-UNNAMED -Xmx2048m -Dfile.encoding=UTF-8 -Duser.country=BR -Duser.language=pt -Duser.variant org.gradle.launcher.daemon.bootstrap.GradleDaemon 7.2

Host: Intel(R) Core(TM) i5-3320M CPU @ 2.60GHz, 4 cores, 11G,  Windows 10 , 64 bit Build 19041 (10.0.19041.1503)
Time: Fri Mar 11 09:01:05 2022 Hora oficial do Brasil elapsed time: 15.185799 seconds (0d 0h 0m 15s)

---------------  T H R E A D  ---------------

Current thread (0x0000026418a9c800):  JavaThread "C2 CompilerThread1" daemon [_thread_in_native, id=3148, stack(0x000000ad49b00000,0x000000ad49c00000)]


Current CompileTask:
C2:  15186 3238       4       java.net.URLClassLoader$1::run (5 bytes)

Stack: [0x000000ad49b00000,0x000000ad49c00000]
Native frames: (J=compiled Java code, j=interpreted, Vv=VM code, C=native code)
V  [jvm.dll+0x5f214a]
V  [jvm.dll+0x726fb5]
V  [jvm.dll+0x7285cd]
V  [jvm.dll+0x728c83]
V  [jvm.dll+0x243278]
V  [jvm.dll+0xbc53c]
V  [jvm.dll+0xbca3c]
V  [jvm.dll+0x2b5c34]
V  [jvm.dll+0x508488]
V  [jvm.dll+0x203d53]
V  [jvm.dll+0x1fdbac]
V  [jvm.dll+0x1fb35f]
V  [jvm.dll+0x183d6c]
V  [jvm.dll+0x209a57]
V  [jvm.dll+0x2082a1]
V  [jvm.dll+0x6ef58f]
V  [jvm.dll+0x6e80b5]
V  [jvm.dll+0x5f1036]
C  [ucrtbase.dll+0x21bb2]
C  [KERNEL32.DLL+0x17034]
C  [ntdll.dll+0x52651]


---------------  P R O C E S S  ---------------

Threads class SMR info:
_java_thread_list=0x000002641c01cea0, length=33, elements={
0x00000264796bd000, 0x00000264152f2800, 0x0000026415304000, 0x0000026415b60800,
0x0000026415b61800, 0x0000026415b66000, 0x0000026415b6f000, 0x0000026415b76000,
0x0000026415b99000, 0x0000026415cbc800, 0x0000026415cbd000, 0x0000026415cc0800,
0x0000026415cc3000, 0x0000026415cbe000, 0x0000026415cc1800, 0x0000026415cc2000,
0x0000026415cbf000, 0x0000026415cbf800, 0x0000026417cb8000, 0x0000026417cb6800,
0x0000026417cb7800, 0x0000026417cb2800, 0x0000026417cb5000, 0x0000026418a9c800,
0x0000026417cb3000, 0x0000026417cba000, 0x0000026417cb9000, 0x0000026417cb5800,
0x0000026417cb4000, 0x0000026417cbc000, 0x0000026417cbe800, 0x0000026417cbf800,
0x0000026417cc0800
}

Java Threads: ( => current thread )
  0x00000264796bd000 JavaThread "main" [_thread_blocked, id=9788, stack(0x000000ad47a00000,0x000000ad47b00000)]
  0x00000264152f2800 JavaThread "Reference Handler" daemon [_thread_blocked, id=11748, stack(0x000000ad48100000,0x000000ad48200000)]
  0x0000026415304000 JavaThread "Finalizer" daemon [_thread_blocked, id=5236, stack(0x000000ad48200000,0x000000ad48300000)]
  0x0000026415b60800 JavaThread "Signal Dispatcher" daemon [_thread_blocked, id=6844, stack(0x000000ad48300000,0x000000ad48400000)]
  0x0000026415b61800 JavaThread "Attach Listener" daemon [_thread_blocked, id=6012, stack(0x000000ad48400000,0x000000ad48500000)]
  0x0000026415b66000 JavaThread "Service Thread" daemon [_thread_blocked, id=9692, stack(0x000000ad48500000,0x000000ad48600000)]
  0x0000026415b6f000 JavaThread "C2 CompilerThread0" daemon [_thread_in_native, id=13448, stack(0x000000ad48600000,0x000000ad48700000)]
  0x0000026415b76000 JavaThread "C1 CompilerThread0" daemon [_thread_blocked, id=2188, stack(0x000000ad48700000,0x000000ad48800000)]
  0x0000026415b99000 JavaThread "Sweeper thread" daemon [_thread_blocked, id=7180, stack(0x000000ad48800000,0x000000ad48900000)]
  0x0000026415cbc800 JavaThread "Common-Cleaner" daemon [_thread_blocked, id=6224, stack(0x000000ad48900000,0x000000ad48a00000)]
  0x0000026415cbd000 JavaThread "Daemon health stats" [_thread_blocked, id=11844, stack(0x000000ad48f00000,0x000000ad49000000)]
  0x0000026415cc0800 JavaThread "Incoming local TCP Connector on port 59656" [_thread_in_native, id=14324, stack(0x000000ad48b00000,0x000000ad48c00000)]
  0x0000026415cc3000 JavaThread "Daemon periodic checks" [_thread_blocked, id=4480, stack(0x000000ad49000000,0x000000ad49100000)]
  0x0000026415cbe000 JavaThread "Daemon" [_thread_blocked, id=14236, stack(0x000000ad49100000,0x000000ad49200000)]
  0x0000026415cc1800 JavaThread "Handler for socket connection from /127.0.0.1:59656 to /127.0.0.1:59658" [_thread_in_native, id=8448, stack(0x000000ad49200000,0x000000ad49300000)]
  0x0000026415cc2000 JavaThread "Cancel handler" [_thread_blocked, id=12232, stack(0x000000ad49300000,0x000000ad49400000)]
  0x0000026415cbf000 JavaThread "Daemon worker" [_thread_in_vm, id=10560, stack(0x000000ad49400000,0x000000ad49500000)]
  0x0000026415cbf800 JavaThread "Asynchronous log dispatcher for DefaultDaemonConnection: socket connection from /127.0.0.1:59656 to /127.0.0.1:59658" [_thread_blocked, id=7292, stack(0x000000ad49500000,0x000000ad49600000)]
  0x0000026417cb8000 JavaThread "Stdin handler" [_thread_blocked, id=13392, stack(0x000000ad49600000,0x000000ad49700000)]
  0x0000026417cb6800 JavaThread "Daemon client event forwarder" [_thread_blocked, id=11536, stack(0x000000ad49700000,0x000000ad49800000)]
  0x0000026417cb7800 JavaThread "Cache worker for journal cache (C:\Users\jhonl\.gradle\caches\journal-1)" [_thread_blocked, id=10548, stack(0x000000ad49800000,0x000000ad49900000)]
  0x0000026417cb2800 JavaThread "File lock request listener" [_thread_in_native, id=11828, stack(0x000000ad49900000,0x000000ad49a00000)]
  0x0000026417cb5000 JavaThread "Cache worker for file hash cache (C:\Users\jhonl\.gradle\caches\7.2\fileHashes)" [_thread_blocked, id=13768, stack(0x000000ad49a00000,0x000000ad49b00000)]
=>0x0000026418a9c800 JavaThread "C2 CompilerThread1" daemon [_thread_in_native, id=3148, stack(0x000000ad49b00000,0x000000ad49c00000)]
  0x0000026417cb3000 JavaThread "Cache worker for file hash cache (C:\Users\jhonl\AndroidStudioProjects\Contador\.gradle\7.2\fileHashes)" [_thread_blocked, id=11052, stack(0x000000ad49c00000,0x000000ad49d00000)]
  0x0000026417cba000 JavaThread "File watcher server" daemon [_thread_in_native, id=12056, stack(0x000000ad49d00000,0x000000ad49e00000)]
  0x0000026417cb9000 JavaThread "File watcher consumer" daemon [_thread_blocked, id=3964, stack(0x000000ad49e00000,0x000000ad49f00000)]
  0x0000026417cb5800 JavaThread "Cache worker for checksums cache (C:\Users\jhonl\AndroidStudioProjects\Contador\.gradle\checksums)" [_thread_blocked, id=11244, stack(0x000000ad49f00000,0x000000ad4a000000)]
  0x0000026417cb4000 JavaThread "Cache worker for cache directory md-supplier (C:\Users\jhonl\.gradle\caches\7.2\md-supplier)" [_thread_blocked, id=15196, stack(0x000000ad4a000000,0x000000ad4a100000)]
  0x0000026417cbc000 JavaThread "Cache worker for cache directory md-rule (C:\Users\jhonl\.gradle\caches\7.2\md-rule)" [_thread_blocked, id=6488, stack(0x000000ad4a100000,0x000000ad4a200000)]
  0x0000026417cbe800 JavaThread "Cache worker for execution history cache (C:\Users\jhonl\.gradle\caches\7.2\executionHistory)" [_thread_blocked, id=13156, stack(0x000000ad4a200000,0x000000ad4a300000)]
  0x0000026417cbf800 JavaThread "jar transforms" [_thread_blocked, id=12940, stack(0x000000ad4a300000,0x000000ad4a400000)]
  0x0000026417cc0800 JavaThread "Cache worker for file content cache (C:\Users\jhonl\.gradle\caches\7.2\fileContent)" [_thread_blocked, id=2812, stack(0x000000ad4a400000,0x000000ad4a500000)]

Other Threads:
  0x00000264152b7000 VMThread "VM Thread" [stack: 0x000000ad48000000,0x000000ad48100000] [id=1300]
  0x0000026415ce3000 WatcherThread [stack: 0x000000ad48a00000,0x000000ad48b00000] [id=5708]
  0x00000264796d5800 GCTaskThread "GC Thread#0" [stack: 0x000000ad47b00000,0x000000ad47c00000] [id=7804]
  0x0000026416954000 GCTaskThread "GC Thread#1" [stack: 0x000000ad48c00000,0x000000ad48d00000] [id=9540]
  0x0000026416954800 GCTaskThread "GC Thread#2" [stack: 0x000000ad48d00000,0x000000ad48e00000] [id=6460]
  0x0000026416955800 GCTaskThread "GC Thread#3" [stack: 0x000000ad48e00000,0x000000ad48f00000] [id=14212]
  0x0000026479707000 ConcurrentGCThread "G1 Main Marker" [stack: 0x000000ad47c00000,0x000000ad47d00000] [id=12336]
  0x0000026479708000 ConcurrentGCThread "G1 Conc#0" [stack: 0x000000ad47d00000,0x000000ad47e00000] [id=5684]
  0x000002647979e000 ConcurrentGCThread "G1 Refine#0" [stack: 0x000000ad47e00000,0x000000ad47f00000] [id=14264]
  0x0000026415142800 ConcurrentGCThread "G1 Young RemSet Sampling" [stack: 0x000000ad47f00000,0x000000ad48000000] [id=14400]

Threads with active compile tasks:
C2 CompilerThread0  15253 3236   !   4       java.net.URLClassLoader$1::run (63 bytes)
C2 CompilerThread1  15253 3238       4       java.net.URLClassLoader$1::run (5 bytes)

VM state:not at safepoint (normal execution)

VM Mutex/Monitor currently owned by a thread: None

OutOfMemory and StackOverflow Exception counts:
OutOfMemoryError java_heap_errors=2
LinkageErrors=55

Heap address: 0x0000000080000000, size: 2048 MB, Compressed Oops mode: 32-bit
Narrow klass base: 0x0000000000000000, Narrow klass shift: 3
Compressed class space size: 1073741824 Address: 0x0000000100000000

Heap:
 garbage-first heap   total 196608K, used 63677K [0x0000000080000000, 0x0000000100000000)
  region size 1024K, 46 young (47104K), 7 survivors (7168K)
 Metaspace       used 37979K, capacity 38892K, committed 39068K, reserved 1083392K
  class space    used 4909K, capacity 5280K, committed 5376K, reserved 1048576K
Heap Regions: E=young(eden), S=young(survivor), O=old, HS=humongous(starts), HC=humongous(continues), CS=collection set, F=free, A=archive, TAMS=top-at-mark-start (previous, next)
|   0|0x0000000080000000, 0x0000000080100000, 0x0000000080100000|100%| O|  |TAMS 0x0000000080100000, 0x0000000080000000| Untracked 
|   1|0x0000000080100000, 0x0000000080200000, 0x0000000080200000|100%| O|  |TAMS 0x0000000080200000, 0x0000000080100000| Untracked 
|   2|0x0000000080200000, 0x0000000080300000, 0x0000000080300000|100%| O|  |TAMS 0x0000000080300000, 0x0000000080200000| Untracked 
|   3|0x0000000080300000, 0x0000000080400000, 0x0000000080400000|100%|HS|  |TAMS 0x0000000080400000, 0x0000000080300000| Complete 
|   4|0x0000000080400000, 0x0000000080500000, 0x0000000080500000|100%|HC|  |TAMS 0x0000000080500000, 0x0000000080400000| Complete 
|   5|0x0000000080500000, 0x0000000080600000, 0x0000000080600000|100%|HC|  |TAMS 0x0000000080600000, 0x0000000080500000| Complete 
|   6|0x0000000080600000, 0x0000000080700000, 0x0000000080700000|100%| O|  |TAMS 0x0000000080700000, 0x0000000080600000| Untracked 
|   7|0x0000000080700000, 0x0000000080800000, 0x0000000080800000|100%| O|  |TAMS 0x0000000080800000, 0x0000000080700000| Untracked 
|   8|0x0000000080800000, 0x0000000080900000, 0x0000000080900000|100%| O|  |TAMS 0x0000000080900000, 0x0000000080800000| Untracked 
|   9|0x0000000080900000, 0x0000000080a00000, 0x0000000080a00000|100%| O|  |TAMS 0x0000000080a00000, 0x0000000080900000| Untracked 
|  10|0x0000000080a00000, 0x0000000080b00000, 0x0000000080b00000|100%| O|  |TAMS 0x0000000080b00000, 0x0000000080a00000| Untracked 
|  11|0x0000000080b00000, 0x0000000080c00000, 0x0000000080c00000|100%| O|  |TAMS 0x0000000080c00000, 0x0000000080b00000| Untracked 
|  12|0x0000000080c00000, 0x0000000080d00000, 0x0000000080d00000|100%| O|  |TAMS 0x0000000080d00000, 0x0000000080c00000| Untracked 
|  13|0x0000000080d00000, 0x0000000080e00000, 0x0000000080e00000|100%| O|  |TAMS 0x0000000080e00000, 0x0000000080d00000| Untracked 
|  14|0x0000000080e00000, 0x0000000080f00000, 0x0000000080f00000|100%| O|  |TAMS 0x0000000080f00000, 0x0000000080e00000| Untracked 
|  15|0x0000000080f00000, 0x0000000080f95200, 0x0000000081000000| 58%| O|  |TAMS 0x0000000080f95200, 0x0000000080f00000| Untracked 
|  16|0x0000000081000000, 0x0000000081100000, 0x0000000081100000|100%|HS|  |TAMS 0x0000000081000000, 0x0000000081000000| Complete 
|  17|0x0000000081100000, 0x0000000081200000, 0x0000000081200000|100%|HS|  |TAMS 0x0000000081100000, 0x0000000081100000| Complete 
|  18|0x0000000081200000, 0x0000000081300000, 0x0000000081300000|100%|HC|  |TAMS 0x0000000081200000, 0x0000000081200000| Complete 
|  19|0x0000000081300000, 0x0000000081300000, 0x0000000081400000|  0%| F|  |TAMS 0x0000000081300000, 0x0000000081300000| Untracked 
|  20|0x0000000081400000, 0x0000000081400000, 0x0000000081500000|  0%| F|  |TAMS 0x0000000081400000, 0x0000000081400000| Untracked 
|  21|0x0000000081500000, 0x0000000081500000, 0x0000000081600000|  0%| F|  |TAMS 0x0000000081500000, 0x0000000081500000| Untracked 
|  22|0x0000000081600000, 0x0000000081600000, 0x0000000081700000|  0%| F|  |TAMS 0x0000000081600000, 0x0000000081600000| Untracked 
|  23|0x0000000081700000, 0x0000000081700000, 0x0000000081800000|  0%| F|  |TAMS 0x0000000081700000, 0x0000000081700000| Untracked 
|  24|0x0000000081800000, 0x0000000081800000, 0x0000000081900000|  0%| F|  |TAMS 0x0000000081800000, 0x0000000081800000| Untracked 
|  25|0x0000000081900000, 0x0000000081900000, 0x0000000081a00000|  0%| F|  |TAMS 0x0000000081900000, 0x0000000081900000| Untracked 
|  26|0x0000000081a00000, 0x0000000081a00000, 0x0000000081b00000|  0%| F|  |TAMS 0x0000000081a00000, 0x0000000081a00000| Untracked 
|  27|0x0000000081b00000, 0x0000000081b00000, 0x0000000081c00000|  0%| F|  |TAMS 0x0000000081b00000, 0x0000000081b00000| Untracked 
|  28|0x0000000081c00000, 0x0000000081c00000, 0x0000000081d00000|  0%| F|  |TAMS 0x0000000081c00000, 0x0000000081c00000| Untracked 
|  29|0x0000000081d00000, 0x0000000081d00000, 0x0000000081e00000|  0%| F|  |TAMS 0x0000000081d00000, 0x0000000081d00000| Untracked 
|  30|0x0000000081e00000, 0x0000000081e00000, 0x0000000081f00000|  0%| F|  |TAMS 0x0000000081e00000, 0x0000000081e00000| Untracked 
|  31|0x0000000081f00000, 0x0000000081f00000, 0x0000000082000000|  0%| F|  |TAMS 0x0000000081f00000, 0x0000000081f00000| Untracked 
|  32|0x0000000082000000, 0x0000000082000000, 0x0000000082100000|  0%| F|  |TAMS 0x0000000082000000, 0x0000000082000000| Untracked 
|  33|0x0000000082100000, 0x0000000082100000, 0x0000000082200000|  0%| F|  |TAMS 0x0000000082100000, 0x0000000082100000| Untracked 
|  34|0x0000000082200000, 0x0000000082200000, 0x0000000082300000|  0%| F|  |TAMS 0x0000000082200000, 0x0000000082200000| Untracked 
|  35|0x0000000082300000, 0x0000000082300000, 0x0000000082400000|  0%| F|  |TAMS 0x0000000082300000, 0x0000000082300000| Untracked 
|  36|0x0000000082400000, 0x0000000082400000, 0x0000000082500000|  0%| F|  |TAMS 0x0000000082400000, 0x0000000082400000| Untracked 
|  37|0x0000000082500000, 0x0000000082500000, 0x0000000082600000|  0%| F|  |TAMS 0x0000000082500000, 0x0000000082500000| Untracked 
|  38|0x0000000082600000, 0x0000000082600000, 0x0000000082700000|  0%| F|  |TAMS 0x0000000082600000, 0x0000000082600000| Untracked 
|  39|0x0000000082700000, 0x0000000082700000, 0x0000000082800000|  0%| F|  |TAMS 0x0000000082700000, 0x0000000082700000| Untracked 
|  40|0x0000000082800000, 0x0000000082800000, 0x0000000082900000|  0%| F|  |TAMS 0x0000000082800000, 0x0000000082800000| Untracked 
|  41|0x0000000082900000, 0x0000000082900000, 0x0000000082a00000|  0%| F|  |TAMS 0x0000000082900000, 0x0000000082900000| Untracked 
|  42|0x0000000082a00000, 0x0000000082a00000, 0x0000000082b00000|  0%| F|  |TAMS 0x0000000082a00000, 0x0000000082a00000| Untracked 
|  43|0x0000000082b00000, 0x0000000082b00000, 0x0000000082c00000|  0%| F|  |TAMS 0x0000000082b00000, 0x0000000082b00000| Untracked 
|  44|0x0000000082c00000, 0x0000000082c00000, 0x0000000082d00000|  0%| F|  |TAMS 0x0000000082c00000, 0x0000000082c00000| Untracked 
|  45|0x0000000082d00000, 0x0000000082d00000, 0x0000000082e00000|  0%| F|  |TAMS 0x0000000082d00000, 0x0000000082d00000| Untracked 
|  46|0x0000000082e00000, 0x0000000082e00000, 0x0000000082f00000|  0%| F|  |TAMS 0x0000000082e00000, 0x0000000082e00000| Untracked 
|  47|0x0000000082f00000, 0x0000000082f00000, 0x0000000083000000|  0%| F|  |TAMS 0x0000000082f00000, 0x0000000082f00000| Untracked 
|  48|0x0000000083000000, 0x0000000083000000, 0x0000000083100000|  0%| F|  |TAMS 0x0000000083000000, 0x0000000083000000| Untracked 
|  49|0x0000000083100000, 0x0000000083100000, 0x0000000083200000|  0%| F|  |TAMS 0x0000000083100000, 0x0000000083100000| Untracked 
|  50|0x0000000083200000, 0x0000000083200000, 0x0000000083300000|  0%| F|  |TAMS 0x0000000083200000, 0x0000000083200000| Untracked 
|  51|0x0000000083300000, 0x0000000083300000, 0x0000000083400000|  0%| F|  |TAMS 0x0000000083300000, 0x0000000083300000| Untracked 
|  52|0x0000000083400000, 0x0000000083400000, 0x0000000083500000|  0%| F|  |TAMS 0x0000000083400000, 0x0000000083400000| Untracked 
|  53|0x0000000083500000, 0x0000000083500000, 0x0000000083600000|  0%| F|  |TAMS 0x0000000083500000, 0x0000000083500000| Untracked 
|  54|0x0000000083600000, 0x0000000083600000, 0x0000000083700000|  0%| F|  |TAMS 0x0000000083600000, 0x0000000083600000| Untracked 
|  55|0x0000000083700000, 0x0000000083700000, 0x0000000083800000|  0%| F|  |TAMS 0x0000000083700000, 0x0000000083700000| Untracked 
|  56|0x0000000083800000, 0x0000000083800000, 0x0000000083900000|  0%| F|  |TAMS 0x0000000083800000, 0x0000000083800000| Untracked 
|  57|0x0000000083900000, 0x0000000083900000, 0x0000000083a00000|  0%| F|  |TAMS 0x0000000083900000, 0x0000000083900000| Untracked 
|  58|0x0000000083a00000, 0x0000000083a00000, 0x0000000083b00000|  0%| F|  |TAMS 0x0000000083a00000, 0x0000000083a00000| Untracked 
|  59|0x0000000083b00000, 0x0000000083b00000, 0x0000000083c00000|  0%| F|  |TAMS 0x0000000083b00000, 0x0000000083b00000| Untracked 
|  60|0x0000000083c00000, 0x0000000083c00000, 0x0000000083d00000|  0%| F|  |TAMS 0x0000000083c00000, 0x0000000083c00000| Untracked 
|  61|0x0000000083d00000, 0x0000000083d00000, 0x0000000083e00000|  0%| F|  |TAMS 0x0000000083d00000, 0x0000000083d00000| Untracked 
|  62|0x0000000083e00000, 0x0000000083e00000, 0x0000000083f00000|  0%| F|  |TAMS 0x0000000083e00000, 0x0000000083e00000| Untracked 
|  63|0x0000000083f00000, 0x0000000083f00000, 0x0000000084000000|  0%| F|  |TAMS 0x0000000083f00000, 0x0000000083f00000| Untracked 
|  64|0x0000000084000000, 0x0000000084000000, 0x0000000084100000|  0%| F|  |TAMS 0x0000000084000000, 0x0000000084000000| Untracked 
|  65|0x0000000084100000, 0x0000000084100000, 0x0000000084200000|  0%| F|  |TAMS 0x0000000084100000, 0x0000000084100000| Untracked 
|  66|0x0000000084200000, 0x0000000084200000, 0x0000000084300000|  0%| F|  |TAMS 0x0000000084200000, 0x0000000084200000| Untracked 
|  67|0x0000000084300000, 0x0000000084300000, 0x0000000084400000|  0%| F|  |TAMS 0x0000000084300000, 0x0000000084300000| Untracked 
|  68|0x0000000084400000, 0x0000000084400000, 0x0000000084500000|  0%| F|  |TAMS 0x0000000084400000, 0x0000000084400000| Untracked 
|  69|0x0000000084500000, 0x0000000084500000, 0x0000000084600000|  0%| F|  |TAMS 0x0000000084500000, 0x0000000084500000| Untracked 
|  70|0x0000000084600000, 0x0000000084600000, 0x0000000084700000|  0%| F|  |TAMS 0x0000000084600000, 0x0000000084600000| Untracked 
|  71|0x0000000084700000, 0x0000000084700000, 0x0000000084800000|  0%| F|  |TAMS 0x0000000084700000, 0x0000000084700000| Untracked 
|  72|0x0000000084800000, 0x0000000084800000, 0x0000000084900000|  0%| F|  |TAMS 0x0000000084800000, 0x0000000084800000| Untracked 
|  73|0x0000000084900000, 0x0000000084900000, 0x0000000084a00000|  0%| F|  |TAMS 0x0000000084900000, 0x0000000084900000| Untracked 
|  74|0x0000000084a00000, 0x0000000084a00000, 0x0000000084b00000|  0%| F|  |TAMS 0x0000000084a00000, 0x0000000084a00000| Untracked 
|  75|0x0000000084b00000, 0x0000000084b00000, 0x0000000084c00000|  0%| F|  |TAMS 0x0000000084b00000, 0x0000000084b00000| Untracked 
|  76|0x0000000084c00000, 0x0000000084c00000, 0x0000000084d00000|  0%| F|  |TAMS 0x0000000084c00000, 0x0000000084c00000| Untracked 
|  77|0x0000000084d00000, 0x0000000084d00000, 0x0000000084e00000|  0%| F|  |TAMS 0x0000000084d00000, 0x0000000084d00000| Untracked 
|  78|0x0000000084e00000, 0x0000000084e00000, 0x0000000084f00000|  0%| F|  |TAMS 0x0000000084e00000, 0x0000000084e00000| Untracked 
|  79|0x0000000084f00000, 0x0000000084f00000, 0x0000000085000000|  0%| F|  |TAMS 0x0000000084f00000, 0x0000000084f00000| Untracked 
|  80|0x0000000085000000, 0x0000000085000000, 0x0000000085100000|  0%| F|  |TAMS 0x0000000085000000, 0x0000000085000000| Untracked 
|  81|0x0000000085100000, 0x0000000085100000, 0x0000000085200000|  0%| F|  |TAMS 0x0000000085100000, 0x0000000085100000| Untracked 
|  82|0x0000000085200000, 0x0000000085200000, 0x0000000085300000|  0%| F|  |TAMS 0x0000000085200000, 0x0000000085200000| Untracked 
|  83|0x0000000085300000, 0x0000000085300000, 0x0000000085400000|  0%| F|  |TAMS 0x0000000085300000, 0x0000000085300000| Untracked 
|  84|0x0000000085400000, 0x0000000085400000, 0x0000000085500000|  0%| F|  |TAMS 0x0000000085400000, 0x0000000085400000| Untracked 
|  85|0x0000000085500000, 0x0000000085500000, 0x0000000085600000|  0%| F|  |TAMS 0x0000000085500000, 0x0000000085500000| Untracked 
|  86|0x0000000085600000, 0x0000000085600000, 0x0000000085700000|  0%| F|  |TAMS 0x0000000085600000, 0x0000000085600000| Untracked 
|  87|0x0000000085700000, 0x0000000085700000, 0x0000000085800000|  0%| F|  |TAMS 0x0000000085700000, 0x0000000085700000| Untracked 
|  88|0x0000000085800000, 0x0000000085800000, 0x0000000085900000|  0%| F|  |TAMS 0x0000000085800000, 0x0000000085800000| Untracked 
|  89|0x0000000085900000, 0x0000000085900000, 0x0000000085a00000|  0%| F|  |TAMS 0x0000000085900000, 0x0000000085900000| Untracked 
|  90|0x0000000085a00000, 0x0000000085a00000, 0x0000000085b00000|  0%| F|  |TAMS 0x0000000085a00000, 0x0000000085a00000| Untracked 
|  91|0x0000000085b00000, 0x0000000085b00000, 0x0000000085c00000|  0%| F|  |TAMS 0x0000000085b00000, 0x0000000085b00000| Untracked 
|  92|0x0000000085c00000, 0x0000000085c00000, 0x0000000085d00000|  0%| F|  |TAMS 0x0000000085c00000, 0x0000000085c00000| Untracked 
|  93|0x0000000085d00000, 0x0000000085d00000, 0x0000000085e00000|  0%| F|  |TAMS 0x0000000085d00000, 0x0000000085d00000| Untracked 
|  94|0x0000000085e00000, 0x0000000085e00000, 0x0000000085f00000|  0%| F|  |TAMS 0x0000000085e00000, 0x0000000085e00000| Untracked 
|  95|0x0000000085f00000, 0x0000000085f00000, 0x0000000086000000|  0%| F|  |TAMS 0x0000000085f00000, 0x0000000085f00000| Untracked 
|  96|0x0000000086000000, 0x0000000086000000, 0x0000000086100000|  0%| F|  |TAMS 0x0000000086000000, 0x0000000086000000| Untracked 
|  97|0x0000000086100000, 0x0000000086100000, 0x0000000086200000|  0%| F|  |TAMS 0x0000000086100000, 0x0000000086100000| Untracked 
|  98|0x0000000086200000, 0x0000000086200000, 0x0000000086300000|  0%| F|  |TAMS 0x0000000086200000, 0x0000000086200000| Untracked 
|  99|0x0000000086300000, 0x0000000086300000, 0x0000000086400000|  0%| F|  |TAMS 0x0000000086300000, 0x0000000086300000| Untracked 
| 100|0x0000000086400000, 0x0000000086400000, 0x0000000086500000|  0%| F|  |TAMS 0x0000000086400000, 0x0000000086400000| Untracked 
| 101|0x0000000086500000, 0x0000000086500000, 0x0000000086600000|  0%| F|  |TAMS 0x0000000086500000, 0x0000000086500000| Untracked 
| 102|0x0000000086600000, 0x0000000086600000, 0x0000000086700000|  0%| F|  |TAMS 0x0000000086600000, 0x0000000086600000| Untracked 
| 103|0x0000000086700000, 0x0000000086700000, 0x0000000086800000|  0%| F|  |TAMS 0x0000000086700000, 0x0000000086700000| Untracked 
| 104|0x0000000086800000, 0x0000000086800000, 0x0000000086900000|  0%| F|  |TAMS 0x0000000086800000, 0x0000000086800000| Untracked 
| 105|0x0000000086900000, 0x0000000086900000, 0x0000000086a00000|  0%| F|  |TAMS 0x0000000086900000, 0x0000000086900000| Untracked 
| 106|0x0000000086a00000, 0x0000000086a00000, 0x0000000086b00000|  0%| F|  |TAMS 0x0000000086a00000, 0x0000000086a00000| Untracked 
| 107|0x0000000086b00000, 0x0000000086b00000, 0x0000000086c00000|  0%| F|  |TAMS 0x0000000086b00000, 0x0000000086b00000| Untracked 
| 108|0x0000000086c00000, 0x0000000086c00000, 0x0000000086d00000|  0%| F|  |TAMS 0x0000000086c00000, 0x0000000086c00000| Untracked 
| 109|0x0000000086d00000, 0x0000000086d00000, 0x0000000086e00000|  0%| F|  |TAMS 0x0000000086d00000, 0x0000000086d00000| Untracked 
| 110|0x0000000086e00000, 0x0000000086e00000, 0x0000000086f00000|  0%| F|  |TAMS 0x0000000086e00000, 0x0000000086e00000| Untracked 
| 111|0x0000000086f00000, 0x0000000086f00000, 0x0000000087000000|  0%| F|  |TAMS 0x0000000086f00000, 0x0000000086f00000| Untracked 
| 112|0x0000000087000000, 0x0000000087000000, 0x0000000087100000|  0%| F|  |TAMS 0x0000000087000000, 0x0000000087000000| Untracked 
| 113|0x0000000087100000, 0x0000000087100000, 0x0000000087200000|  0%| F|  |TAMS 0x0000000087100000, 0x0000000087100000| Untracked 
| 114|0x0000000087200000, 0x0000000087200000, 0x0000000087300000|  0%| F|  |TAMS 0x0000000087200000, 0x0000000087200000| Untracked 
| 115|0x0000000087300000, 0x0000000087300000, 0x0000000087400000|  0%| F|  |TAMS 0x0000000087300000, 0x0000000087300000| Untracked 
| 116|0x0000000087400000, 0x0000000087400000, 0x0000000087500000|  0%| F|  |TAMS 0x0000000087400000, 0x0000000087400000| Untracked 
| 117|0x0000000087500000, 0x0000000087500000, 0x0000000087600000|  0%| F|  |TAMS 0x0000000087500000, 0x0000000087500000| Untracked 
| 118|0x0000000087600000, 0x0000000087600000, 0x0000000087700000|  0%| F|  |TAMS 0x0000000087600000, 0x0000000087600000| Untracked 
| 119|0x0000000087700000, 0x0000000087700000, 0x0000000087800000|  0%| F|  |TAMS 0x0000000087700000, 0x0000000087700000| Untracked 
| 120|0x0000000087800000, 0x0000000087800000, 0x0000000087900000|  0%| F|  |TAMS 0x0000000087800000, 0x0000000087800000| Untracked 
| 121|0x0000000087900000, 0x0000000087900000, 0x0000000087a00000|  0%| F|  |TAMS 0x0000000087900000, 0x0000000087900000| Untracked 
| 122|0x0000000087a00000, 0x0000000087a00000, 0x0000000087b00000|  0%| F|  |TAMS 0x0000000087a00000, 0x0000000087a00000| Untracked 
| 123|0x0000000087b00000, 0x0000000087b00000, 0x0000000087c00000|  0%| F|  |TAMS 0x0000000087b00000, 0x0000000087b00000| Untracked 
| 124|0x0000000087c00000, 0x0000000087c00000, 0x0000000087d00000|  0%| F|  |TAMS 0x0000000087c00000, 0x0000000087c00000| Untracked 
| 125|0x0000000087d00000, 0x0000000087d9a5e0, 0x0000000087e00000| 60%| S|CS|TAMS 0x0000000087d00000, 0x0000000087d00000| Complete 
| 126|0x0000000087e00000, 0x0000000087f00000, 0x0000000087f00000|100%| S|CS|TAMS 0x0000000087e00000, 0x0000000087e00000| Complete 
| 127|0x0000000087f00000, 0x0000000087f00000, 0x0000000088000000|  0%| F|  |TAMS 0x0000000087f00000, 0x0000000087f00000| Untracked 
| 128|0x0000000088000000, 0x0000000088000000, 0x0000000088100000|  0%| F|  |TAMS 0x0000000088000000, 0x0000000088000000| Untracked 
| 129|0x0000000088100000, 0x0000000088100000, 0x0000000088200000|  0%| F|  |TAMS 0x0000000088100000, 0x0000000088100000| Untracked 
| 130|0x0000000088200000, 0x0000000088200000, 0x0000000088300000|  0%| F|  |TAMS 0x0000000088200000, 0x0000000088200000| Untracked 
| 131|0x0000000088300000, 0x0000000088400000, 0x0000000088400000|100%| S|CS|TAMS 0x0000000088300000, 0x0000000088300000| Complete 
| 132|0x0000000088400000, 0x0000000088500000, 0x0000000088500000|100%| S|CS|TAMS 0x0000000088400000, 0x0000000088400000| Complete 
| 133|0x0000000088500000, 0x0000000088600000, 0x0000000088600000|100%| S|CS|TAMS 0x0000000088500000, 0x0000000088500000| Complete 
| 134|0x0000000088600000, 0x0000000088700000, 0x0000000088700000|100%| S|CS|TAMS 0x0000000088600000, 0x0000000088600000| Complete 
| 135|0x0000000088700000, 0x0000000088800000, 0x0000000088800000|100%| S|CS|TAMS 0x0000000088700000, 0x0000000088700000| Complete 
| 136|0x0000000088800000, 0x0000000088800000, 0x0000000088900000|  0%| F|  |TAMS 0x0000000088800000, 0x0000000088800000| Untracked 
| 137|0x0000000088900000, 0x0000000088900000, 0x0000000088a00000|  0%| F|  |TAMS 0x0000000088900000, 0x0000000088900000| Untracked 
| 138|0x0000000088a00000, 0x0000000088a00000, 0x0000000088b00000|  0%| F|  |TAMS 0x0000000088a00000, 0x0000000088a00000| Untracked 
| 139|0x0000000088b00000, 0x0000000088b00000, 0x0000000088c00000|  0%| F|  |TAMS 0x0000000088b00000, 0x0000000088b00000| Untracked 
| 140|0x0000000088c00000, 0x0000000088c00000, 0x0000000088d00000|  0%| F|  |TAMS 0x0000000088c00000, 0x0000000088c00000| Untracked 
| 141|0x0000000088d00000, 0x0000000088d00000, 0x0000000088e00000|  0%| F|  |TAMS 0x0000000088d00000, 0x0000000088d00000| Untracked 
| 142|0x0000000088e00000, 0x0000000088e00000, 0x0000000088f00000|  0%| F|  |TAMS 0x0000000088e00000, 0x0000000088e00000| Untracked 
| 143|0x0000000088f00000, 0x0000000088f00000, 0x0000000089000000|  0%| F|  |TAMS 0x0000000088f00000, 0x0000000088f00000| Untracked 
| 144|0x0000000089000000, 0x0000000089000000, 0x0000000089100000|  0%| F|  |TAMS 0x0000000089000000, 0x0000000089000000| Untracked 
| 145|0x0000000089100000, 0x0000000089100000, 0x0000000089200000|  0%| F|  |TAMS 0x0000000089100000, 0x0000000089100000| Untracked 
| 146|0x0000000089200000, 0x0000000089200000, 0x0000000089300000|  0%| F|  |TAMS 0x0000000089200000, 0x0000000089200000| Untracked 
| 147|0x0000000089300000, 0x0000000089300000, 0x0000000089400000|  0%| F|  |TAMS 0x0000000089300000, 0x0000000089300000| Untracked 
| 148|0x0000000089400000, 0x0000000089400000, 0x0000000089500000|  0%| F|  |TAMS 0x0000000089400000, 0x0000000089400000| Untracked 
| 149|0x0000000089500000, 0x0000000089500000, 0x0000000089600000|  0%| F|  |TAMS 0x0000000089500000, 0x0000000089500000| Untracked 
| 150|0x0000000089600000, 0x0000000089600000, 0x0000000089700000|  0%| F|  |TAMS 0x0000000089600000, 0x0000000089600000| Untracked 
| 151|0x0000000089700000, 0x0000000089700000, 0x0000000089800000|  0%| F|  |TAMS 0x0000000089700000, 0x0000000089700000| Untracked 
| 152|0x0000000089800000, 0x0000000089800000, 0x0000000089900000|  0%| F|  |TAMS 0x0000000089800000, 0x0000000089800000| Untracked 
| 153|0x0000000089900000, 0x0000000089986ac8, 0x0000000089a00000| 52%| E|  |TAMS 0x0000000089900000, 0x0000000089900000| Complete 
| 154|0x0000000089a00000, 0x0000000089b00000, 0x0000000089b00000|100%| E|CS|TAMS 0x0000000089a00000, 0x0000000089a00000| Complete 
| 155|0x0000000089b00000, 0x0000000089c00000, 0x0000000089c00000|100%| E|  |TAMS 0x0000000089b00000, 0x0000000089b00000| Complete 
| 156|0x0000000089c00000, 0x0000000089d00000, 0x0000000089d00000|100%| E|CS|TAMS 0x0000000089c00000, 0x0000000089c00000| Complete 
| 157|0x0000000089d00000, 0x0000000089e00000, 0x0000000089e00000|100%| E|CS|TAMS 0x0000000089d00000, 0x0000000089d00000| Complete 
| 158|0x0000000089e00000, 0x0000000089f00000, 0x0000000089f00000|100%| E|CS|TAMS 0x0000000089e00000, 0x0000000089e00000| Complete 
| 159|0x0000000089f00000, 0x000000008a000000, 0x000000008a000000|100%| E|CS|TAMS 0x0000000089f00000, 0x0000000089f00000| Complete 
| 160|0x000000008a000000, 0x000000008a100000, 0x000000008a100000|100%| E|CS|TAMS 0x000000008a000000, 0x000000008a000000| Complete 
| 161|0x000000008a100000, 0x000000008a200000, 0x000000008a200000|100%| E|CS|TAMS 0x000000008a100000, 0x000000008a100000| Complete 
| 162|0x000000008a200000, 0x000000008a300000, 0x000000008a300000|100%| E|CS|TAMS 0x000000008a200000, 0x000000008a200000| Complete 
| 163|0x000000008a300000, 0x000000008a400000, 0x000000008a400000|100%| E|CS|TAMS 0x000000008a300000, 0x000000008a300000| Complete 
| 164|0x000000008a400000, 0x000000008a500000, 0x000000008a500000|100%| E|CS|TAMS 0x000000008a400000, 0x000000008a400000| Complete 
| 165|0x000000008a500000, 0x000000008a600000, 0x000000008a600000|100%| E|CS|TAMS 0x000000008a500000, 0x000000008a500000| Complete 
| 166|0x000000008a600000, 0x000000008a700000, 0x000000008a700000|100%| E|CS|TAMS 0x000000008a600000, 0x000000008a600000| Complete 
| 167|0x000000008a700000, 0x000000008a800000, 0x000000008a800000|100%| E|CS|TAMS 0x000000008a700000, 0x000000008a700000| Complete 
| 168|0x000000008a800000, 0x000000008a900000, 0x000000008a900000|100%| E|CS|TAMS 0x000000008a800000, 0x000000008a800000| Complete 
| 169|0x000000008a900000, 0x000000008aa00000, 0x000000008aa00000|100%| E|CS|TAMS 0x000000008a900000, 0x000000008a900000| Complete 
| 170|0x000000008aa00000, 0x000000008ab00000, 0x000000008ab00000|100%| E|CS|TAMS 0x000000008aa00000, 0x000000008aa00000| Complete 
| 171|0x000000008ab00000, 0x000000008ac00000, 0x000000008ac00000|100%| E|CS|TAMS 0x000000008ab00000, 0x000000008ab00000| Complete 
| 172|0x000000008ac00000, 0x000000008ad00000, 0x000000008ad00000|100%| E|CS|TAMS 0x000000008ac00000, 0x000000008ac00000| Complete 
| 173|0x000000008ad00000, 0x000000008ae00000, 0x000000008ae00000|100%| E|CS|TAMS 0x000000008ad00000, 0x000000008ad00000| Complete 
| 174|0x000000008ae00000, 0x000000008af00000, 0x000000008af00000|100%| E|CS|TAMS 0x000000008ae00000, 0x000000008ae00000| Complete 
| 175|0x000000008af00000, 0x000000008b000000, 0x000000008b000000|100%| E|CS|TAMS 0x000000008af00000, 0x000000008af00000| Complete 
| 176|0x000000008b000000, 0x000000008b100000, 0x000000008b100000|100%| E|CS|TAMS 0x000000008b000000, 0x000000008b000000| Complete 
| 177|0x000000008b100000, 0x000000008b200000, 0x000000008b200000|100%| E|CS|TAMS 0x000000008b100000, 0x000000008b100000| Complete 
| 178|0x000000008b200000, 0x000000008b300000, 0x000000008b300000|100%| E|CS|TAMS 0x000000008b200000, 0x000000008b200000| Complete 
| 179|0x000000008b300000, 0x000000008b400000, 0x000000008b400000|100%| E|CS|TAMS 0x000000008b300000, 0x000000008b300000| Complete 
| 180|0x000000008b400000, 0x000000008b500000, 0x000000008b500000|100%| E|CS|TAMS 0x000000008b400000, 0x000000008b400000| Complete 
| 181|0x000000008b500000, 0x000000008b600000, 0x000000008b600000|100%| E|CS|TAMS 0x000000008b500000, 0x000000008b500000| Complete 
| 182|0x000000008b600000, 0x000000008b700000, 0x000000008b700000|100%| E|CS|TAMS 0x000000008b600000, 0x000000008b600000| Complete 
| 183|0x000000008b700000, 0x000000008b800000, 0x000000008b800000|100%| E|CS|TAMS 0x000000008b700000, 0x000000008b700000| Complete 
| 184|0x000000008b800000, 0x000000008b900000, 0x000000008b900000|100%| E|CS|TAMS 0x000000008b800000, 0x000000008b800000| Complete 
| 185|0x000000008b900000, 0x000000008ba00000, 0x000000008ba00000|100%| E|CS|TAMS 0x000000008b900000, 0x000000008b900000| Complete 
| 186|0x000000008ba00000, 0x000000008bb00000, 0x000000008bb00000|100%| E|CS|TAMS 0x000000008ba00000, 0x000000008ba00000| Complete 
| 187|0x000000008bb00000, 0x000000008bc00000, 0x000000008bc00000|100%| E|CS|TAMS 0x000000008bb00000, 0x000000008bb00000| Complete 
| 188|0x000000008bc00000, 0x000000008bd00000, 0x000000008bd00000|100%| E|CS|TAMS 0x000000008bc00000, 0x000000008bc00000| Complete 
| 189|0x000000008bd00000, 0x000000008be00000, 0x000000008be00000|100%| E|CS|TAMS 0x000000008bd00000, 0x000000008bd00000| Complete 
| 190|0x000000008be00000, 0x000000008bf00000, 0x000000008bf00000|100%| E|CS|TAMS 0x000000008be00000, 0x000000008be00000| Complete 
| 191|0x000000008bf00000, 0x000000008c000000, 0x000000008c000000|100%| E|CS|TAMS 0x000000008bf00000, 0x000000008bf00000| Complete 

Card table byte_map: [0x000002647f3c0000,0x000002647f7c0000] _byte_map_base: 0x000002647efc0000

Marking Bits (Prev, Next): (CMBitMap*) 0x00000264796fe678, (CMBitMap*) 0x00000264796fe6b0
 Prev Bits: [0x000002640f000000, 0x0000026411000000)
 Next Bits: [0x0000026411000000, 0x0000026413000000)

Polling page: 0x0000026479540000

Metaspace:

Usage:
  Non-class:     32.82 MB capacity,    32.33 MB ( 98%) used,   417.81 KB (  1%) free+waste,    88.13 KB ( <1%) overhead. 
      Class:      5.16 MB capacity,     4.80 MB ( 93%) used,   322.80 KB (  6%) free+waste,    42.88 KB ( <1%) overhead. 
       Both:     37.98 MB capacity,    37.13 MB ( 98%) used,   740.62 KB (  2%) free+waste,   131.00 KB ( <1%) overhead. 

Virtual space:
  Non-class space:       34.00 MB reserved,      32.90 MB ( 97%) committed 
      Class space:        1.00 GB reserved,       5.25 MB ( <1%) committed 
             Both:        1.03 GB reserved,      38.15 MB (  4%) committed 

Chunk freelists:
   Non-Class:  16.00 KB
       Class:  0 bytes
        Both:  16.00 KB

MaxMetaspaceSize: 17179869184.00 GB
CompressedClassSpaceSize: 1.00 GB

CodeHeap 'non-profiled nmethods': size=120064Kb used=1577Kb max_used=1577Kb free=118486Kb
 bounds [0x0000026407ac0000, 0x0000026407d30000, 0x000002640f000000]
CodeHeap 'profiled nmethods': size=120000Kb used=6948Kb max_used=6948Kb free=113051Kb
 bounds [0x0000026400590000, 0x0000026400c60000, 0x0000026407ac0000]
CodeHeap 'non-nmethods': size=5696Kb used=1512Kb max_used=1590Kb free=4183Kb
 bounds [0x0000026400000000, 0x0000026400270000, 0x0000026400590000]
 total_blobs=3979 nmethods=3356 adapters=534
 compilation: enabled
              stopped_count=0, restarted_count=0
 full_count=0

Compilation events (20 events):
Event: 15.146 Thread 0x0000026415b76000 3361       3       java.lang.invoke.MethodHandles$Lookup::getDirectMethod (18 bytes)
Event: 15.146 Thread 0x0000026415b76000 nmethod 3361 0x0000026400c4ed10 code [0x0000026400c4eec0, 0x0000026400c4f008]
Event: 15.150 Thread 0x0000026415b76000 3364       3       org.codehaus.groovy.util.ComplexKeyHashMap$1::hasNext (13 bytes)
Event: 15.151 Thread 0x0000026415b76000 nmethod 3364 0x0000026400c4f110 code [0x0000026400c4f2c0, 0x0000026400c4f418]
Event: 15.153 Thread 0x0000026415b76000 3365       3       groovy.lang.MetaBeanProperty::<init> (18 bytes)
Event: 15.154 Thread 0x0000026415b76000 nmethod 3365 0x0000026400c4f490 code [0x0000026400c4f660, 0x0000026400c4f998]
Event: 15.154 Thread 0x0000026415b76000 3366       1       groovy.lang.MetaProperty::getType (5 bytes)
Event: 15.154 Thread 0x0000026415b76000 nmethod 3366 0x0000026407c49090 code [0x0000026407c49240, 0x0000026407c492f8]
Event: 15.162 Thread 0x0000026415b76000 3367       3       java.util.Arrays::asList (9 bytes)
Event: 15.163 Thread 0x0000026415b76000 nmethod 3367 0x0000026400c4fa90 code [0x0000026400c4fc80, 0x0000026400c500e8]
Event: 15.163 Thread 0x0000026415b76000 3369       3       org.codehaus.groovy.reflection.CachedClass::getName (8 bytes)
Event: 15.164 Thread 0x0000026415b76000 nmethod 3369 0x0000026400c50290 code [0x0000026400c50460, 0x0000026400c50668]
Event: 15.164 Thread 0x0000026415b76000 3368       3       java.util.Arrays$ArrayList::<init> (16 bytes)
Event: 15.165 Thread 0x0000026415b76000 nmethod 3368 0x0000026400c50790 code [0x0000026400c50980, 0x0000026400c50d48]
Event: 15.165 Thread 0x0000026415b76000 3370       3       org.codehaus.groovy.util.ComplexKeyHashMap$1::next (5 bytes)
Event: 15.165 Thread 0x0000026415b76000 nmethod 3370 0x0000026400c50f10 code [0x0000026400c510c0, 0x0000026400c51208]
Event: 15.165 Thread 0x0000026415b76000 3371       1       groovy.lang.MetaBeanProperty::getGetter (5 bytes)
Event: 15.165 Thread 0x0000026415b76000 nmethod 3371 0x0000026407c49390 code [0x0000026407c49540, 0x0000026407c495f8]
Event: 15.165 Thread 0x0000026415b76000 3372       1       groovy.lang.MetaBeanProperty::getField (5 bytes)
Event: 15.165 Thread 0x0000026415b76000 nmethod 3372 0x0000026407c49690 code [0x0000026407c49840, 0x0000026407c498f8]

GC Heap History (14 events):
Event: 1.714 GC heap before
{Heap before GC invocations=0 (full 0):
 garbage-first heap   total 196608K, used 19456K [0x0000000080000000, 0x0000000100000000)
  region size 1024K, 14 young (14336K), 0 survivors (0K)
 Metaspace       used 6735K, capacity 6921K, committed 7168K, reserved 1056768K
  class space    used 582K, capacity 650K, committed 768K, reserved 1048576K
}
Event: 1.738 GC heap after
{Heap after GC invocations=1 (full 0):
 garbage-first heap   total 196608K, used 7850K [0x0000000080000000, 0x0000000100000000)
  region size 1024K, 2 young (2048K), 2 survivors (2048K)
 Metaspace       used 6735K, capacity 6921K, committed 7168K, reserved 1056768K
  class space    used 582K, capacity 650K, committed 768K, reserved 1048576K
}
Event: 2.706 GC heap before
{Heap before GC invocations=1 (full 0):
 garbage-first heap   total 196608K, used 19114K [0x0000000080000000, 0x0000000100000000)
  region size 1024K, 13 young (13312K), 2 survivors (2048K)
 Metaspace       used 10271K, capacity 10549K, committed 10624K, reserved 1058816K
  class space    used 1071K, capacity 1139K, committed 1152K, reserved 1048576K
}
Event: 2.715 GC heap after
{Heap after GC invocations=2 (full 0):
 garbage-first heap   total 196608K, used 9812K [0x0000000080000000, 0x0000000100000000)
  region size 1024K, 2 young (2048K), 2 survivors (2048K)
 Metaspace       used 10271K, capacity 10549K, committed 10624K, reserved 1058816K
  class space    used 1071K, capacity 1139K, committed 1152K, reserved 1048576K
}
Event: 4.536 GC heap before
{Heap before GC invocations=2 (full 0):
 garbage-first heap   total 196608K, used 36436K [0x0000000080000000, 0x0000000100000000)
  region size 1024K, 28 young (28672K), 2 survivors (2048K)
 Metaspace       used 11239K, capacity 11504K, committed 11776K, reserved 1060864K
  class space    used 1173K, capacity 1244K, committed 1280K, reserved 1048576K
}
Event: 4.543 GC heap after
{Heap after GC invocations=3 (full 0):
 garbage-first heap   total 196608K, used 11252K [0x0000000080000000, 0x0000000100000000)
  region size 1024K, 4 young (4096K), 4 survivors (4096K)
 Metaspace       used 11239K, capacity 11504K, committed 11776K, reserved 1060864K
  class space    used 1173K, capacity 1244K, committed 1280K, reserved 1048576K
}
Event: 8.000 GC heap before
{Heap before GC invocations=3 (full 0):
 garbage-first heap   total 196608K, used 52212K [0x0000000080000000, 0x0000000100000000)
  region size 1024K, 43 young (44032K), 4 survivors (4096K)
 Metaspace       used 17299K, capacity 17796K, committed 18048K, reserved 1064960K
  class space    used 2016K, capacity 2155K, committed 2176K, reserved 1048576K
}
Event: 8.017 GC heap after
{Heap after GC invocations=4 (full 0):
 garbage-first heap   total 196608K, used 15806K [0x0000000080000000, 0x0000000100000000)
  region size 1024K, 6 young (6144K), 6 survivors (6144K)
 Metaspace       used 17299K, capacity 17796K, committed 18048K, reserved 1064960K
  class space    used 2016K, capacity 2155K, committed 2176K, reserved 1048576K
}
Event: 8.857 GC heap before
{Heap before GC invocations=4 (full 0):
 garbage-first heap   total 196608K, used 46526K [0x0000000080000000, 0x0000000100000000)
  region size 1024K, 37 young (37888K), 6 survivors (6144K)
 Metaspace       used 20684K, capacity 21164K, committed 21296K, reserved 1069056K
  class space    used 2532K, capacity 2660K, committed 2688K, reserved 1048576K
}
Event: 8.878 GC heap after
{Heap after GC invocations=5 (full 0):
 garbage-first heap   total 196608K, used 17692K [0x0000000080000000, 0x0000000100000000)
  region size 1024K, 6 young (6144K), 6 survivors (6144K)
 Metaspace       used 20684K, capacity 21164K, committed 21296K, reserved 1069056K
  class space    used 2532K, capacity 2660K, committed 2688K, reserved 1048576K
}
Event: 10.535 GC heap before
{Heap before GC invocations=6 (full 0):
 garbage-first heap   total 196608K, used 72988K [0x0000000080000000, 0x0000000100000000)
  region size 1024K, 61 young (62464K), 6 survivors (6144K)
 Metaspace       used 26252K, capacity 26926K, committed 27008K, reserved 1073152K
  class space    used 3436K, capacity 3651K, committed 3712K, reserved 1048576K
}
Event: 10.553 GC heap after
{Heap after GC invocations=7 (full 0):
 garbage-first heap   total 196608K, used 19473K [0x0000000080000000, 0x0000000100000000)
  region size 1024K, 4 young (4096K), 4 survivors (4096K)
 Metaspace       used 26252K, capacity 26926K, committed 27008K, reserved 1073152K
  class space    used 3436K, capacity 3651K, committed 3712K, reserved 1048576K
}
Event: 13.350 GC heap before
{Heap before GC invocations=7 (full 0):
 garbage-first heap   total 196608K, used 75793K [0x0000000080000000, 0x0000000100000000)
  region size 1024K, 60 young (61440K), 4 survivors (4096K)
 Metaspace       used 35089K, capacity 35906K, committed 36048K, reserved 1081344K
  class space    used 4558K, capacity 4863K, committed 4864K, reserved 1048576K
}
Event: 13.377 GC heap after
{Heap after GC invocations=8 (full 0):
 garbage-first heap   total 196608K, used 22717K [0x0000000080000000, 0x0000000100000000)
  region size 1024K, 7 young (7168K), 7 survivors (7168K)
 Metaspace       used 35089K, capacity 35906K, committed 36048K, reserved 1081344K
  class space    used 4558K, capacity 4863K, committed 4864K, reserved 1048576K
}

Deoptimization events (20 events):
Event: 15.020 Thread 0x0000026415cbf000 Uncommon trap: trap_request=0xffffffde fr.pc=0x0000026407c2dcbc relative=0x000000000000043c
Event: 15.020 Thread 0x0000026415cbf000 Uncommon trap: reason=class_check action=maybe_recompile pc=0x0000026407c2dcbc method=java.util.regex.Pattern$Start.match(Ljava/util/regex/Matcher;ILjava/lang/CharSequence;)Z @ 44 c2
Event: 15.020 Thread 0x0000026415cbf000 DEOPT PACKING pc=0x0000026407c2dcbc sp=0x000000ad494f7500
Event: 15.020 Thread 0x0000026415cbf000 DEOPT UNPACKING pc=0x00000264000265af sp=0x000000ad494f7430 mode 2
Event: 15.116 Thread 0x0000026415cbf000 Uncommon trap: trap_request=0xffffffde fr.pc=0x0000026407c2dcbc relative=0x000000000000043c
Event: 15.116 Thread 0x0000026415cbf000 Uncommon trap: reason=class_check action=maybe_recompile pc=0x0000026407c2dcbc method=java.util.regex.Pattern$Start.match(Ljava/util/regex/Matcher;ILjava/lang/CharSequence;)Z @ 44 c2
Event: 15.116 Thread 0x0000026415cbf000 DEOPT PACKING pc=0x0000026407c2dcbc sp=0x000000ad494f7c40
Event: 15.116 Thread 0x0000026415cbf000 DEOPT UNPACKING pc=0x00000264000265af sp=0x000000ad494f7b70 mode 2
Event: 15.117 Thread 0x0000026415cbf000 Uncommon trap: trap_request=0xffffffde fr.pc=0x0000026407c2dcbc relative=0x000000000000043c
Event: 15.117 Thread 0x0000026415cbf000 Uncommon trap: reason=class_check action=maybe_recompile pc=0x0000026407c2dcbc method=java.util.regex.Pattern$Start.match(Ljava/util/regex/Matcher;ILjava/lang/CharSequence;)Z @ 44 c2
Event: 15.117 Thread 0x0000026415cbf000 DEOPT PACKING pc=0x0000026407c2dcbc sp=0x000000ad494f7c40
Event: 15.117 Thread 0x0000026415cbf000 DEOPT UNPACKING pc=0x00000264000265af sp=0x000000ad494f7b70 mode 2
Event: 15.118 Thread 0x0000026415cbf000 Uncommon trap: trap_request=0xffffffde fr.pc=0x0000026407c2cac8 relative=0x00000000000002e8
Event: 15.118 Thread 0x0000026415cbf000 Uncommon trap: reason=class_check action=maybe_recompile pc=0x0000026407c2cac8 method=java.util.regex.Pattern$Start.match(Ljava/util/regex/Matcher;ILjava/lang/CharSequence;)Z @ 44 c2
Event: 15.118 Thread 0x0000026415cbf000 DEOPT PACKING pc=0x0000026407c2cac8 sp=0x000000ad494f7ba0
Event: 15.118 Thread 0x0000026415cbf000 DEOPT UNPACKING pc=0x00000264000265af sp=0x000000ad494f7b60 mode 2
Event: 15.176 Thread 0x0000026415cbf000 Uncommon trap: trap_request=0xffffffde fr.pc=0x0000026407bbdddc relative=0x000000000000031c
Event: 15.176 Thread 0x0000026415cbf000 Uncommon trap: reason=class_check action=maybe_recompile pc=0x0000026407bbdddc method=java.util.Collections$SetFromMap.remove(Ljava/lang/Object;)Z @ 5 c2
Event: 15.176 Thread 0x0000026415cbf000 DEOPT PACKING pc=0x0000026407bbdddc sp=0x000000ad494fab00
Event: 15.176 Thread 0x0000026415cbf000 DEOPT UNPACKING pc=0x00000264000265af sp=0x000000ad494faae8 mode 2

Classes redefined (0 events):
No events

Internal exceptions (20 events):
Event: 14.990 Thread 0x0000026415cbf000 Exception <a 'java/lang/ClassNotFoundException'{0x0000000089f47958}: settings_a6p5qyi86qrpe6u14uvufg2zsBeanInfo> (0x0000000089f47958) thrown at [./src/hotspot/share/classfile/systemDictionary.cpp, line 231]
Event: 14.992 Thread 0x0000026415cbf000 Exception <a 'java/lang/ClassNotFoundException'{0x0000000089f5c800}: org/gradle/initialization/SettingsScriptBeanInfo> (0x0000000089f5c800) thrown at [./src/hotspot/share/classfile/systemDictionary.cpp, line 231]
Event: 14.993 Thread 0x0000026415cbf000 Exception <a 'java/lang/ClassNotFoundException'{0x0000000089f72a28}: org/gradle/plugin/use/internal/PluginsAwareScriptBeanInfo> (0x0000000089f72a28) thrown at [./src/hotspot/share/classfile/systemDictionary.cpp, line 231]
Event: 14.994 Thread 0x0000026415cbf000 Exception <a 'java/lang/ClassNotFoundException'{0x0000000089f888e0}: org/gradle/groovy/scripts/DefaultScriptBeanInfo> (0x0000000089f888e0) thrown at [./src/hotspot/share/classfile/systemDictionary.cpp, line 231]
Event: 14.996 Thread 0x0000026415cbf000 Exception <a 'java/lang/ClassNotFoundException'{0x0000000089f9e5f8}: org/gradle/groovy/scripts/BasicScriptBeanInfo> (0x0000000089f9e5f8) thrown at [./src/hotspot/share/classfile/systemDictionary.cpp, line 231]
Event: 14.997 Thread 0x0000026415cbf000 Exception <a 'java/lang/ClassNotFoundException'{0x0000000089fb34b8}: org/gradle/groovy/scripts/ScriptBeanInfo> (0x0000000089fb34b8) thrown at [./src/hotspot/share/classfile/systemDictionary.cpp, line 231]
Event: 15.000 Thread 0x0000026415cbf000 Exception <a 'java/lang/ClassNotFoundException'{0x0000000089fd3e80}: groovy/lang/ScriptBeanInfo> (0x0000000089fd3e80) thrown at [./src/hotspot/share/classfile/systemDictionary.cpp, line 231]
Event: 15.002 Thread 0x0000026415cbf000 Exception <a 'java/lang/ClassNotFoundException'{0x0000000089ff5048}: groovy/lang/ScriptCustomizer> (0x0000000089ff5048) thrown at [./src/hotspot/share/classfile/systemDictionary.cpp, line 231]
Event: 15.005 Thread 0x0000026415cbf000 Exception <a 'java/lang/ClassNotFoundException'{0x0000000089e12528}: org/gradle/groovy/scripts/ScriptCustomizer> (0x0000000089e12528) thrown at [./src/hotspot/share/classfile/systemDictionary.cpp, line 231]
Event: 15.009 Thread 0x0000026415cbf000 Exception <a 'java/lang/ClassNotFoundException'{0x0000000089e2f160}: org/gradle/groovy/scripts/BasicScriptCustomizer> (0x0000000089e2f160) thrown at [./src/hotspot/share/classfile/systemDictionary.cpp, line 231]
Event: 15.014 Thread 0x0000026415cbf000 Exception <a 'java/lang/ClassNotFoundException'{0x0000000089e50620}: org/gradle/groovy/scripts/DefaultScriptCustomizer> (0x0000000089e50620) thrown at [./src/hotspot/share/classfile/systemDictionary.cpp, line 231]
Event: 15.029 Thread 0x0000026415cbf000 Exception <a 'java/lang/ClassNotFoundException'{0x0000000089e9ef10}: org/gradle/plugin/use/internal/PluginsAwareScriptCustomizer> (0x0000000089e9ef10) thrown at [./src/hotspot/share/classfile/systemDictionary.cpp, line 231]
Event: 15.033 Thread 0x0000026415cbf000 Exception <a 'java/lang/ClassNotFoundException'{0x0000000089ebc6a0}: org/gradle/initialization/SettingsScriptCustomizer> (0x0000000089ebc6a0) thrown at [./src/hotspot/share/classfile/systemDictionary.cpp, line 231]
Event: 15.035 Thread 0x0000026415cbf000 Exception <a 'java/lang/ClassNotFoundException'{0x0000000089ecf530}: settings_a6p5qyi86qrpe6u14uvufg2zsCustomizer> (0x0000000089ecf530) thrown at [./src/hotspot/share/classfile/systemDictionary.cpp, line 231]
Event: 15.107 Thread 0x0000026415cbf000 Exception <a 'java/lang/ClassNotFoundException'{0x0000000089c227f0}: groovy/lang/Closure$1BeanInfo> (0x0000000089c227f0) thrown at [./src/hotspot/share/classfile/systemDictionary.cpp, line 231]
Event: 15.110 Thread 0x0000026415cbf000 Exception <a 'java/lang/ClassNotFoundException'{0x0000000089c55078}: groovy/lang/ClosureBeanInfo> (0x0000000089c55078) thrown at [./src/hotspot/share/classfile/systemDictionary.cpp, line 231]
Event: 15.114 Thread 0x0000026415cbf000 Exception <a 'java/lang/ClassNotFoundException'{0x0000000089c87918}: groovy/lang/ClosureCustomizer> (0x0000000089c87918) thrown at [./src/hotspot/share/classfile/systemDictionary.cpp, line 231]
Event: 15.128 Thread 0x0000026415cbf000 Exception <a 'java/lang/ClassNotFoundException'{0x0000000089cdce60}: groovy/lang/Closure$1Customizer> (0x0000000089cdce60) thrown at [./src/hotspot/share/classfile/systemDictionary.cpp, line 231]
Event: 15.174 Thread 0x0000026415cbf000 Exception <a 'java/lang/OutOfMemoryError'{0x0000000089b785e8}> (0x0000000089b785e8) thrown at [./src/hotspot/share/prims/jni.cpp, line 636]
Event: 15.174 Thread 0x0000026415cbf000 Exception <a 'java/lang/OutOfMemoryError'{0x0000000089b785e8}> (0x0000000089b785e8) thrown at [./src/hotspot/share/prims/jvm.cpp, line 1310]

Events (20 events):
Event: 15.131 Executing VM operation: RevokeBias
Event: 15.131 Executing VM operation: RevokeBias done
Event: 15.139 loading class java/lang/invoke/BoundMethodHandle$Species_LLLLLLLI
Event: 15.139 loading class java/lang/invoke/BoundMethodHandle$Species_LLLLLLLI done
Event: 15.142 loading class java/lang/invoke/BoundMethodHandle$Species_LLLLLLLII
Event: 15.142 loading class java/lang/invoke/BoundMethodHandle$Species_LLLLLLLII done
Event: 15.144 loading class java/lang/invoke/BoundMethodHandle$Species_LLLLLLLIIL
Event: 15.145 loading class java/lang/invoke/BoundMethodHandle$Species_LLLLLLLIIL done
Event: 15.151 loading class org/codehaus/groovy/runtime/callsite/BooleanClosureWrapper
Event: 15.151 loading class org/codehaus/groovy/runtime/callsite/BooleanClosureWrapper done
Event: 15.154 loading class groovy/runtime/metaclass/settings_a6p5qyi86qrpe6u14uvufg2zs$_run_closure1MetaClass
Event: 15.154 loading class groovy/runtime/metaclass/settings_a6p5qyi86qrpe6u14uvufg2zs$_run_closure1MetaClass done
Event: 15.155 loading class org/codehaus/groovy/runtime/metaclass/ClosureMetaClass
Event: 15.155 loading class org/codehaus/groovy/runtime/metaclass/ClosureMetaClass done
Event: 15.159 loading class org/codehaus/groovy/runtime/metaclass/ClosureMetaClass$MethodChooser
Event: 15.159 loading class org/codehaus/groovy/runtime/metaclass/ClosureMetaClass$MethodChooser done
Event: 15.164 loading class org/codehaus/groovy/runtime/metaclass/ClosureMetaClass$StandardClosureChooser
Event: 15.164 loading class org/codehaus/groovy/runtime/metaclass/ClosureMetaClass$StandardClosureChooser done
Event: 15.166 loading class org/codehaus/groovy/runtime/ArrayUtil
Event: 15.166 loading class org/codehaus/groovy/runtime/ArrayUtil done


Dynamic libraries:
0x00007ff624f30000 - 0x00007ff624f3a000 	C:\Program Files\Android\Android Studio\jre\bin\java.exe
0x00007ff9b5b90000 - 0x00007ff9b5d85000 	C:\Windows\SYSTEM32\ntdll.dll
0x00007ff9b5970000 - 0x00007ff9b5a2e000 	C:\Windows\System32\KERNEL32.DLL
0x00007ff9b34f0000 - 0x00007ff9b37b8000 	C:\Windows\System32\KERNELBASE.dll
0x00007ff9b3ae0000 - 0x00007ff9b3be0000 	C:\Windows\System32\ucrtbase.dll
0x00007ff9a3c20000 - 0x00007ff9a3c37000 	C:\Program Files\Android\Android Studio\jre\bin\VCRUNTIME140.dll
0x00007ff9a3ed0000 - 0x00007ff9a3ee9000 	C:\Program Files\Android\Android Studio\jre\bin\jli.dll
0x00007ff9b4dc0000 - 0x00007ff9b4f60000 	C:\Windows\System32\USER32.dll
0x00007ff9a4400000 - 0x00007ff9a469a000 	C:\Windows\WinSxS\amd64_microsoft.windows.common-controls_6595b64144ccf1df_6.0.19041.1110_none_60b5254171f9507e\COMCTL32.dll
0x00007ff9b37c0000 - 0x00007ff9b37e2000 	C:\Windows\System32\win32u.dll
0x00007ff9b4930000 - 0x00007ff9b49ce000 	C:\Windows\System32\msvcrt.dll
0x00007ff9b4f60000 - 0x00007ff9b4f8b000 	C:\Windows\System32\GDI32.dll
0x00007ff9b39d0000 - 0x00007ff9b3add000 	C:\Windows\System32\gdi32full.dll
0x00007ff9b3310000 - 0x00007ff9b33ad000 	C:\Windows\System32\msvcp_win.dll
0x00007ff9b4540000 - 0x00007ff9b4570000 	C:\Windows\System32\IMM32.DLL
0x00007ff988420000 - 0x00007ff9884bd000 	C:\Program Files\Android\Android Studio\jre\bin\msvcp140.dll
0x00007ff953cb0000 - 0x00007ff954785000 	C:\Program Files\Android\Android Studio\jre\bin\server\jvm.dll
0x00007ff9b46a0000 - 0x00007ff9b474e000 	C:\Windows\System32\ADVAPI32.dll
0x00007ff9b5130000 - 0x00007ff9b51cc000 	C:\Windows\System32\sechost.dll
0x00007ff9b56d0000 - 0x00007ff9b57f5000 	C:\Windows\System32\RPCRT4.dll
0x00007ff9b5120000 - 0x00007ff9b5128000 	C:\Windows\System32\PSAPI.DLL
0x00007ff99ba70000 - 0x00007ff99ba97000 	C:\Windows\SYSTEM32\WINMM.dll
0x00007ff9a29b0000 - 0x00007ff9a29ba000 	C:\Windows\SYSTEM32\VERSION.dll
0x00007ff9ac630000 - 0x00007ff9ac639000 	C:\Windows\SYSTEM32\WSOCK32.dll
0x00007ff9b5900000 - 0x00007ff9b596b000 	C:\Windows\System32\WS2_32.dll
0x00007ff9b1b20000 - 0x00007ff9b1b32000 	C:\Windows\SYSTEM32\kernel.appcore.dll
0x00007ff9a1340000 - 0x00007ff9a1351000 	C:\Program Files\Android\Android Studio\jre\bin\verify.dll
0x00007ff9a1a70000 - 0x00007ff9a1c54000 	C:\Windows\SYSTEM32\DBGHELP.DLL
0x00007ff9a1960000 - 0x00007ff9a198c000 	C:\Windows\SYSTEM32\dbgcore.DLL
0x00007ff9b3460000 - 0x00007ff9b34e2000 	C:\Windows\System32\bcryptPrimitives.dll
0x00007ff992cb0000 - 0x00007ff992cd9000 	C:\Program Files\Android\Android Studio\jre\bin\java.dll
0x00007ff9a3f80000 - 0x00007ff9a3f8b000 	C:\Program Files\Android\Android Studio\jre\bin\jimage.dll
0x00007ff9a1320000 - 0x00007ff9a1338000 	C:\Program Files\Android\Android Studio\jre\bin\zip.dll
0x00007ff9b3c40000 - 0x00007ff9b4384000 	C:\Windows\System32\SHELL32.dll
0x00007ff9b1360000 - 0x00007ff9b1af4000 	C:\Windows\SYSTEM32\windows.storage.dll
0x00007ff9b49d0000 - 0x00007ff9b4d25000 	C:\Windows\System32\combase.dll
0x00007ff9b2c80000 - 0x00007ff9b2cae000 	C:\Windows\SYSTEM32\Wldp.dll
0x00007ff9b5060000 - 0x00007ff9b510d000 	C:\Windows\System32\SHCORE.dll
0x00007ff9b5000000 - 0x00007ff9b5055000 	C:\Windows\System32\shlwapi.dll
0x00007ff9b31e0000 - 0x00007ff9b31ff000 	C:\Windows\SYSTEM32\profapi.dll
0x00007ff99fa80000 - 0x00007ff99fa9a000 	C:\Program Files\Android\Android Studio\jre\bin\net.dll
0x00007ff9a5690000 - 0x00007ff9a579c000 	C:\Windows\SYSTEM32\WINHTTP.dll
0x00007ff9b2980000 - 0x00007ff9b29ea000 	C:\Windows\system32\mswsock.dll
0x00007ff99f7b0000 - 0x00007ff99f7c4000 	C:\Program Files\Android\Android Studio\jre\bin\nio.dll
0x00007ff9882c0000 - 0x00007ff9882e7000 	C:\Users\jhonl\.gradle\native\e1d6ef7f7dcc3fd88c89a11ec53ec762bb8ba0a96d01ffa2cd45eb1d1d8dd5c5\windows-amd64\native-platform.dll
0x00007ff99f560000 - 0x00007ff99f6a4000 	C:\Users\jhonl\.gradle\native\5664cfc778a61ccfe75a443a1ab52a65af34e5dc3c78e0209fed803814484fcb\windows-amd64\native-platform-file-events.dll
0x00007ff9a3ef0000 - 0x00007ff9a3efa000 	C:\Program Files\Android\Android Studio\jre\bin\management.dll
0x00007ff9a3c10000 - 0x00007ff9a3c1d000 	C:\Program Files\Android\Android Studio\jre\bin\management_ext.dll
0x00007ff9b2b70000 - 0x00007ff9b2b88000 	C:\Windows\SYSTEM32\CRYPTSP.dll
0x00007ff9b2300000 - 0x00007ff9b2334000 	C:\Windows\system32\rsaenh.dll
0x00007ff9b37f0000 - 0x00007ff9b3817000 	C:\Windows\System32\bcrypt.dll
0x00007ff9b3160000 - 0x00007ff9b318e000 	C:\Windows\SYSTEM32\USERENV.dll
0x00007ff9b2b90000 - 0x00007ff9b2b9c000 	C:\Windows\SYSTEM32\CRYPTBASE.dll
0x00007ff9b2670000 - 0x00007ff9b26ab000 	C:\Windows\SYSTEM32\IPHLPAPI.DLL
0x00007ff9b5110000 - 0x00007ff9b5118000 	C:\Windows\System32\NSI.dll
0x00007ff9a9910000 - 0x00007ff9a9927000 	C:\Windows\SYSTEM32\dhcpcsvc6.DLL
0x00007ff9aa810000 - 0x00007ff9aa82d000 	C:\Windows\SYSTEM32\dhcpcsvc.DLL
0x00007ff9b26b0000 - 0x00007ff9b277b000 	C:\Windows\SYSTEM32\DNSAPI.dll

dbghelp: loaded successfully - version: 4.0.5 - missing functions: none
symbol engine: initialized successfully - sym options: 0x614 - pdb path: .;C:\Program Files\Android\Android Studio\jre\bin;C:\Windows\SYSTEM32;C:\Windows\WinSxS\amd64_microsoft.windows.common-controls_6595b64144ccf1df_6.0.19041.1110_none_60b5254171f9507e;C:\Program Files\Android\Android Studio\jre\bin\server;C:\Users\jhonl\.gradle\native\e1d6ef7f7dcc3fd88c89a11ec53ec762bb8ba0a96d01ffa2cd45eb1d1d8dd5c5\windows-amd64;C:\Users\jhonl\.gradle\native\5664cfc778a61ccfe75a443a1ab52a65af34e5dc3c78e0209fed803814484fcb\windows-amd64

VM Arguments:
jvm_args: --add-opens=java.base/java.util=ALL-UNNAMED --add-opens=java.base/java.lang=ALL-UNNAMED --add-opens=java.base/java.lang.invoke=ALL-UNNAMED --add-opens=java.base/java.util=ALL-UNNAMED --add-opens=java.prefs/java.util.prefs=ALL-UNNAMED --add-opens=java.prefs/java.util.prefs=ALL-UNNAMED --add-opens=java.base/java.nio.charset=ALL-UNNAMED --add-opens=java.base/java.net=ALL-UNNAMED --add-opens=java.base/java.util.concurrent.atomic=ALL-UNNAMED -Xmx2048m -Dfile.encoding=UTF-8 -Duser.country=BR -Duser.language=pt -Duser.variant 
java_command: org.gradle.launcher.daemon.bootstrap.GradleDaemon 7.2
java_class_path (initial): C:\Users\jhonl\.gradle\wrapper\dists\gradle-7.2-bin\2dnblmf4td7x66yl1d74lt32g\gradle-7.2\lib\gradle-launcher-7.2.jar
Launcher Type: SUN_STANDARD

[Global flags]
     intx CICompilerCount                          = 3                                         {product} {ergonomic}
     uint ConcGCThreads                            = 1                                         {product} {ergonomic}
     uint G1ConcRefinementThreads                  = 4                                         {product} {ergonomic}
   size_t G1HeapRegionSize                         = 1048576                                   {product} {ergonomic}
    uintx GCDrainStackTargetSize                   = 64                                        {product} {ergonomic}
   size_t InitialHeapSize                          = 201326592                                 {product} {ergonomic}
   size_t MarkStackSize                            = 4194304                                   {product} {ergonomic}
   size_t MaxHeapSize                              = 2147483648                                {product} {command line}
   size_t MaxNewSize                               = 1287651328                                {product} {ergonomic}
   size_t MinHeapDeltaBytes                        = 1048576                                   {product} {ergonomic}
    uintx NonNMethodCodeHeapSize                   = 5830732                                {pd product} {ergonomic}
    uintx NonProfiledCodeHeapSize                  = 122913754                              {pd product} {ergonomic}
    uintx ProfiledCodeHeapSize                     = 122913754                              {pd product} {ergonomic}
    uintx ReservedCodeCacheSize                    = 251658240                              {pd product} {ergonomic}
     bool SegmentedCodeCache                       = true                                      {product} {ergonomic}
     bool UseCompressedClassPointers               = true                                 {lp64_product} {ergonomic}
     bool UseCompressedOops                        = true                                 {lp64_product} {ergonomic}
     bool UseG1GC                                  = true                                      {product} {ergonomic}
     bool UseLargePagesIndividualAllocation        = false                                  {pd product} {ergonomic}

Logging:
Log output configuration:
 #0: stdout all=warning uptime,level,tags
 #1: stderr all=off uptime,level,tags

Environment Variables:
JAVA_HOME=C:\Program Files\Java\jdk-17.0.2
PATH=C:\Program Files\Common Files\Oracle\Java\javapath;C:\Program Files (x86)\Common Files\Oracle\Java\javapath;C:\Windows\system32;C:\Windows;C:\Windows\System32\Wbem;C:\Windows\System32\WindowsPowerShell\v1.0\;C:\Windows\System32\OpenSSH\;C:\Program Files\Java\jdk-17.0.2\bin;C:\Program Files\Git\cmd;C:\Users\jhonl\AppData\Local\Microsoft\WindowsApps;
USERNAME=jhonl
OS=Windows_NT
PROCESSOR_IDENTIFIER=Intel64 Family 6 Model 58 Stepping 9, GenuineIntel



---------------  S Y S T E M  ---------------

OS: Windows 10 , 64 bit Build 19041 (10.0.19041.1503)
OS uptime: 1 days 23:24 hours

CPU:total 4 (initial active 4) (2 cores per cpu, 2 threads per core) family 6 model 58 stepping 9 microcode 0x21, cmov, cx8, fxsr, mmx, sse, sse2, sse3, ssse3, sse4.1, sse4.2, popcnt, avx, aes, clmul, erms, ht, tsc, tscinvbit, tscinv

Memory: 4k page, system-wide physical 12171M (2613M free)
TotalPageFile size 24600M (AvailPageFile size 5M)
current process WorkingSet (physical memory assigned to process): 241M, peak: 244M
current process commit charge ("private bytes"): 380M, peak: 382M

vm_info: OpenJDK 64-Bit Server VM (11.0.11+9-b60-7590822) for windows-amd64 JRE (11.0.11+9-b60-7590822), built on Jul 29 2021 21:43:44 by "builder" with MS VC++ 14.0 (VS2015)

END.
